<?xml version="1.0" encoding="UTF-8"?>
<coverage generated="1498208134504" clover="3.2.0">
	<project timestamp="1498208134504"  name="All Files" >
		<metrics statements="247"  coveredstatements="186"  conditionals="14"  coveredconditionals="5"  methods="77"  coveredmethods="45"  elements="338"  coveredelements="236"  complexity="0"  packages="14"  files="32"  classes="32"  loc="811"  ncloc="811" />
		<package name="businessLogic.mappings" >
			<metrics statements="3"  coveredstatements="3"  conditionals="0"  coveredconditionals="0"  methods="0"  coveredmethods="0" />
			<file name="error.js"  path="/Users/zhenya/WebstormProjects/questioner/server/businessLogic/mappings/error.js" >
				<metrics statements="3"  coveredstatements="3"  conditionals="0"  coveredconditionals="0"  methods="0"  coveredmethods="0" />
				<line num="3"  count="1"  type="stmt" />
				<line num="5"  count="1"  type="stmt" />
				<line num="6"  count="1"  type="stmt" />
			</file>
		</package>
		<package name="businessLogic.mappings.general" >
			<metrics statements="12"  coveredstatements="10"  conditionals="0"  coveredconditionals="0"  methods="0"  coveredmethods="0" />
			<file name="answer.js"  path="/Users/zhenya/WebstormProjects/questioner/server/businessLogic/mappings/general/answer.js" >
				<metrics statements="5"  coveredstatements="4"  conditionals="0"  coveredconditionals="0"  methods="0"  coveredmethods="0" />
				<line num="3"  count="1"  type="stmt" />
				<line num="5"  count="1"  type="stmt" />
				<line num="6"  count="1"  type="stmt" />
				<line num="7"  count="1"  type="stmt" />
				<line num="8"  count="0"  type="stmt" />
			</file>
			<file name="question.js"  path="/Users/zhenya/WebstormProjects/questioner/server/businessLogic/mappings/general/question.js" >
				<metrics statements="5"  coveredstatements="4"  conditionals="0"  coveredconditionals="0"  methods="0"  coveredmethods="0" />
				<line num="3"  count="1"  type="stmt" />
				<line num="5"  count="1"  type="stmt" />
				<line num="6"  count="1"  type="stmt" />
				<line num="7"  count="1"  type="stmt" />
				<line num="8"  count="0"  type="stmt" />
			</file>
			<file name="user.js"  path="/Users/zhenya/WebstormProjects/questioner/server/businessLogic/mappings/general/user.js" >
				<metrics statements="2"  coveredstatements="2"  conditionals="0"  coveredconditionals="0"  methods="0"  coveredmethods="0" />
				<line num="3"  count="1"  type="stmt" />
				<line num="4"  count="1"  type="stmt" />
			</file>
		</package>
		<package name="businessLogic.models" >
			<metrics statements="4"  coveredstatements="4"  conditionals="0"  coveredconditionals="0"  methods="1"  coveredmethods="1" />
			<file name="errorDTO.js"  path="/Users/zhenya/WebstormProjects/questioner/server/businessLogic/models/errorDTO.js" >
				<metrics statements="4"  coveredstatements="4"  conditionals="0"  coveredconditionals="0"  methods="1"  coveredmethods="1" />
				<line num="5"  count="1"  type="stmt" />
				<line num="6"  count="1"  type="stmt" />
				<line num="7"  count="1"  type="stmt" />
				<line num="11"  count="1"  type="stmt" />
			</file>
		</package>
		<package name="businessLogic.models.general" >
			<metrics statements="16"  coveredstatements="16"  conditionals="0"  coveredconditionals="0"  methods="2"  coveredmethods="2" />
			<file name="answerDTO.js"  path="/Users/zhenya/WebstormProjects/questioner/server/businessLogic/models/general/answerDTO.js" >
				<metrics statements="6"  coveredstatements="6"  conditionals="0"  coveredconditionals="0"  methods="1"  coveredmethods="1" />
				<line num="5"  count="1"  type="stmt" />
				<line num="6"  count="1"  type="stmt" />
				<line num="7"  count="1"  type="stmt" />
				<line num="8"  count="1"  type="stmt" />
				<line num="9"  count="1"  type="stmt" />
				<line num="13"  count="1"  type="stmt" />
			</file>
			<file name="questionDTO.js"  path="/Users/zhenya/WebstormProjects/questioner/server/businessLogic/models/general/questionDTO.js" >
				<metrics statements="10"  coveredstatements="10"  conditionals="0"  coveredconditionals="0"  methods="1"  coveredmethods="1" />
				<line num="5"  count="1"  type="stmt" />
				<line num="6"  count="1"  type="stmt" />
				<line num="7"  count="1"  type="stmt" />
				<line num="8"  count="1"  type="stmt" />
				<line num="9"  count="1"  type="stmt" />
				<line num="10"  count="1"  type="stmt" />
				<line num="11"  count="1"  type="stmt" />
				<line num="12"  count="1"  type="stmt" />
				<line num="13"  count="1"  type="stmt" />
				<line num="17"  count="1"  type="stmt" />
			</file>
		</package>
		<package name="businessLogic.services" >
			<metrics statements="4"  coveredstatements="2"  conditionals="0"  coveredconditionals="0"  methods="2"  coveredmethods="0" />
			<file name="question.js"  path="/Users/zhenya/WebstormProjects/questioner/server/businessLogic/services/question.js" >
				<metrics statements="2"  coveredstatements="1"  conditionals="0"  coveredconditionals="0"  methods="1"  coveredmethods="0" />
				<line num="5"  count="0"  type="stmt" />
				<line num="10"  count="1"  type="stmt" />
			</file>
			<file name="user.js"  path="/Users/zhenya/WebstormProjects/questioner/server/businessLogic/services/user.js" >
				<metrics statements="2"  coveredstatements="1"  conditionals="0"  coveredconditionals="0"  methods="1"  coveredmethods="0" />
				<line num="5"  count="0"  type="stmt" />
				<line num="9"  count="1"  type="stmt" />
			</file>
		</package>
		<package name="constants" >
			<metrics statements="2"  coveredstatements="2"  conditionals="0"  coveredconditionals="0"  methods="0"  coveredmethods="0" />
			<file name="index.js"  path="/Users/zhenya/WebstormProjects/questioner/server/constants/index.js" >
				<metrics statements="1"  coveredstatements="1"  conditionals="0"  coveredconditionals="0"  methods="0"  coveredmethods="0" />
				<line num="3"  count="1"  type="stmt" />
			</file>
			<file name="statusCodes.js"  path="/Users/zhenya/WebstormProjects/questioner/server/constants/statusCodes.js" >
				<metrics statements="1"  coveredstatements="1"  conditionals="0"  coveredconditionals="0"  methods="0"  coveredmethods="0" />
				<line num="3"  count="1"  type="stmt" />
			</file>
		</package>
		<package name="dataAccess" >
			<metrics statements="16"  coveredstatements="16"  conditionals="0"  coveredconditionals="0"  methods="4"  coveredmethods="4" />
			<file name="context.js"  path="/Users/zhenya/WebstormProjects/questioner/server/dataAccess/context.js" >
				<metrics statements="16"  coveredstatements="16"  conditionals="0"  coveredconditionals="0"  methods="4"  coveredmethods="4" />
				<line num="3"  count="1"  type="stmt" />
				<line num="5"  count="1"  type="stmt" />
				<line num="6"  count="1"  type="stmt" />
				<line num="8"  count="1"  type="stmt" />
				<line num="12"  count="1"  type="stmt" />
				<line num="13"  count="1"  type="stmt" />
				<line num="15"  count="1"  type="stmt" />
				<line num="17"  count="1"  type="stmt" />
				<line num="21"  count="2"  type="stmt" />
				<line num="23"  count="2"  type="stmt" />
				<line num="27"  count="2"  type="stmt" />
				<line num="31"  count="1"  type="stmt" />
				<line num="33"  count="4"  type="stmt" />
				<line num="34"  count="3"  type="stmt" />
				<line num="36"  count="3"  type="stmt" />
				<line num="41"  count="1"  type="stmt" />
			</file>
		</package>
		<package name="dataAccess.models" >
			<metrics statements="9"  coveredstatements="9"  conditionals="0"  coveredconditionals="0"  methods="0"  coveredmethods="0" />
			<file name="factory.js"  path="/Users/zhenya/WebstormProjects/questioner/server/dataAccess/models/factory.js" >
				<metrics statements="3"  coveredstatements="3"  conditionals="0"  coveredconditionals="0"  methods="0"  coveredmethods="0" />
				<line num="3"  count="1"  type="stmt" />
				<line num="5"  count="1"  type="stmt" />
				<line num="6"  count="3"  type="stmt" />
			</file>
			<file name="question.js"  path="/Users/zhenya/WebstormProjects/questioner/server/dataAccess/models/question.js" >
				<metrics statements="2"  coveredstatements="2"  conditionals="0"  coveredconditionals="0"  methods="0"  coveredmethods="0" />
				<line num="3"  count="1"  type="stmt" />
				<line num="5"  count="1"  type="stmt" />
			</file>
			<file name="tag.js"  path="/Users/zhenya/WebstormProjects/questioner/server/dataAccess/models/tag.js" >
				<metrics statements="2"  coveredstatements="2"  conditionals="0"  coveredconditionals="0"  methods="0"  coveredmethods="0" />
				<line num="3"  count="1"  type="stmt" />
				<line num="5"  count="1"  type="stmt" />
			</file>
			<file name="user.js"  path="/Users/zhenya/WebstormProjects/questioner/server/dataAccess/models/user.js" >
				<metrics statements="2"  coveredstatements="2"  conditionals="0"  coveredconditionals="0"  methods="0"  coveredmethods="0" />
				<line num="3"  count="1"  type="stmt" />
				<line num="5"  count="1"  type="stmt" />
			</file>
		</package>
		<package name="dataAccess.repositories" >
			<metrics statements="19"  coveredstatements="18"  conditionals="0"  coveredconditionals="0"  methods="13"  coveredmethods="12" />
			<file name="question.js"  path="/Users/zhenya/WebstormProjects/questioner/server/dataAccess/repositories/question.js" >
				<metrics statements="13"  coveredstatements="13"  conditionals="0"  coveredconditionals="0"  methods="11"  coveredmethods="11" />
				<line num="3"  count="1"  type="stmt" />
				<line num="7"  count="1"  type="stmt" />
				<line num="11"  count="4"  type="stmt" />
				<line num="15"  count="3"  type="stmt" />
				<line num="25"  count="1"  type="stmt" />
				<line num="33"  count="1"  type="stmt" />
				<line num="47"  count="1"  type="stmt" />
				<line num="59"  count="1"  type="stmt" />
				<line num="72"  count="1"  type="stmt" />
				<line num="83"  count="1"  type="stmt" />
				<line num="94"  count="1"  type="stmt" />
				<line num="106"  count="1"  type="stmt" />
				<line num="119"  count="1"  type="stmt" />
			</file>
			<file name="tag.js"  path="/Users/zhenya/WebstormProjects/questioner/server/dataAccess/repositories/tag.js" >
				<metrics statements="3"  coveredstatements="3"  conditionals="0"  coveredconditionals="0"  methods="1"  coveredmethods="1" />
				<line num="3"  count="1"  type="stmt" />
				<line num="7"  count="1"  type="stmt" />
				<line num="11"  count="1"  type="stmt" />
			</file>
			<file name="user.js"  path="/Users/zhenya/WebstormProjects/questioner/server/dataAccess/repositories/user.js" >
				<metrics statements="3"  coveredstatements="2"  conditionals="0"  coveredconditionals="0"  methods="1"  coveredmethods="0" />
				<line num="3"  count="1"  type="stmt" />
				<line num="7"  count="0"  type="stmt" />
				<line num="11"  count="1"  type="stmt" />
			</file>
		</package>
		<package name="dataAccess.schemas" >
			<metrics statements="20"  coveredstatements="19"  conditionals="0"  coveredconditionals="0"  methods="9"  coveredmethods="8" />
			<file name="base.js"  path="/Users/zhenya/WebstormProjects/questioner/server/dataAccess/schemas/base.js" >
				<metrics statements="8"  coveredstatements="7"  conditionals="0"  coveredconditionals="0"  methods="6"  coveredmethods="5" />
				<line num="3"  count="1"  type="stmt" />
				<line num="7"  count="3"  type="stmt" />
				<line num="11"  count="16"  type="stmt" />
				<line num="17"  count="3"  type="stmt" />
				<line num="24"  count="1"  type="stmt" />
				<line num="30"  count="14"  type="stmt" />
				<line num="36"  count="0"  type="stmt" />
				<line num="42"  count="1"  type="stmt" />
			</file>
			<file name="question.js"  path="/Users/zhenya/WebstormProjects/questioner/server/dataAccess/schemas/question.js" >
				<metrics statements="4"  coveredstatements="4"  conditionals="0"  coveredconditionals="0"  methods="1"  coveredmethods="1" />
				<line num="3"  count="1"  type="stmt" />
				<line num="7"  count="1"  type="stmt" />
				<line num="9"  count="1"  type="stmt" />
				<line num="38"  count="1"  type="stmt" />
			</file>
			<file name="tag.js"  path="/Users/zhenya/WebstormProjects/questioner/server/dataAccess/schemas/tag.js" >
				<metrics statements="4"  coveredstatements="4"  conditionals="0"  coveredconditionals="0"  methods="1"  coveredmethods="1" />
				<line num="3"  count="1"  type="stmt" />
				<line num="7"  count="1"  type="stmt" />
				<line num="9"  count="1"  type="stmt" />
				<line num="15"  count="1"  type="stmt" />
			</file>
			<file name="user.js"  path="/Users/zhenya/WebstormProjects/questioner/server/dataAccess/schemas/user.js" >
				<metrics statements="4"  coveredstatements="4"  conditionals="0"  coveredconditionals="0"  methods="1"  coveredmethods="1" />
				<line num="3"  count="1"  type="stmt" />
				<line num="7"  count="1"  type="stmt" />
				<line num="9"  count="1"  type="stmt" />
				<line num="18"  count="1"  type="stmt" />
			</file>
		</package>
		<package name="helpers" >
			<metrics statements="85"  coveredstatements="73"  conditionals="8"  coveredconditionals="5"  methods="23"  coveredmethods="18" />
			<file name="filesHelper.js"  path="/Users/zhenya/WebstormProjects/questioner/server/helpers/filesHelper.js" >
				<metrics statements="15"  coveredstatements="10"  conditionals="4"  coveredconditionals="2"  methods="2"  coveredmethods="1" />
				<line num="3"  count="1"  type="stmt" />
				<line num="4"  count="1"  type="stmt" />
				<line num="8"  count="7"  type="stmt" />
				<line num="10"  count="7"  type="stmt" />
				<line num="11"  count="19"  type="stmt" />
				<line num="13"  count="19"  type="cond"  truecount="2"  falsecount="0" />
				<line num="14"  count="1"  type="stmt" />
				<line num="16"  count="18"  type="stmt" />
				<line num="20"  count="7"  type="stmt" />
				<line num="24"  count="0"  type="stmt" />
				<line num="25"  count="0"  type="stmt" />
				<line num="26"  count="0"  type="cond"  truecount="0"  falsecount="2" />
				<line num="27"  count="0"  type="stmt" />
				<line num="30"  count="0"  type="stmt" />
				<line num="36"  count="1"  type="stmt" />
			</file>
			<file name="iocContainer.js"  path="/Users/zhenya/WebstormProjects/questioner/server/helpers/iocContainer.js" >
				<metrics statements="43"  coveredstatements="42"  conditionals="2"  coveredconditionals="2"  methods="14"  coveredmethods="13" />
				<line num="3"  count="1"  type="stmt" />
				<line num="4"  count="1"  type="stmt" />
				<line num="6"  count="1"  type="stmt" />
				<line num="7"  count="1"  type="stmt" />
				<line num="11"  count="1"  type="stmt" />
				<line num="12"  count="1"  type="stmt" />
				<line num="16"  count="1"  type="stmt" />
				<line num="18"  count="1"  type="stmt" />
				<line num="19"  count="1"  type="stmt" />
				<line num="21"  count="1"  type="stmt" />
				<line num="22"  count="1"  type="stmt" />
				<line num="23"  count="1"  type="stmt" />
				<line num="24"  count="1"  type="stmt" />
				<line num="25"  count="1"  type="stmt" />
				<line num="29"  count="0"  type="stmt" />
				<line num="33"  count="6"  type="stmt" />
				<line num="37"  count="10"  type="stmt" />
				<line num="39"  count="10"  type="stmt" />
				<line num="47"  count="1"  type="stmt" />
				<line num="49"  count="1"  type="stmt" />
				<line num="57"  count="4"  type="stmt" />
				<line num="59"  count="4"  type="stmt" />
				<line num="60"  count="18"  type="cond"  truecount="2"  falsecount="0" />
				<line num="62"  count="8"  type="stmt" />
				<line num="64"  count="8"  type="stmt" />
				<line num="69"  count="1"  type="stmt" />
				<line num="73"  count="1"  type="stmt" />
				<line num="77"  count="1"  type="stmt" />
				<line num="81"  count="1"  type="stmt" />
				<line num="82"  count="1"  type="stmt" />
				<line num="84"  count="1"  type="stmt" />
				<line num="88"  count="1"  type="stmt" />
				<line num="90"  count="1"  type="stmt" />
				<line num="92"  count="1"  type="stmt" />
				<line num="97"  count="1"  type="stmt" />
				<line num="98"  count="1"  type="stmt" />
				<line num="100"  count="1"  type="stmt" />
				<line num="104"  count="1"  type="stmt" />
				<line num="105"  count="1"  type="stmt" />
				<line num="107"  count="1"  type="stmt" />
				<line num="111"  count="1"  type="stmt" />
				<line num="113"  count="1"  type="stmt" />
				<line num="114"  count="1"  type="stmt" />
			</file>
			<file name="logger.js"  path="/Users/zhenya/WebstormProjects/questioner/server/helpers/logger.js" >
				<metrics statements="16"  coveredstatements="10"  conditionals="2"  coveredconditionals="1"  methods="6"  coveredmethods="3" />
				<line num="3"  count="1"  type="stmt" />
				<line num="4"  count="1"  type="stmt" />
				<line num="8"  count="1"  type="stmt" />
				<line num="10"  count="1"  type="stmt" />
				<line num="14"  count="1"  type="stmt" />
				<line num="15"  count="1"  type="stmt" />
				<line num="17"  count="1"  type="stmt" />
				<line num="19"  count="1"  type="stmt" />
				<line num="25"  count="0"  type="stmt" />
				<line num="26"  count="0"  type="stmt" />
				<line num="30"  count="0"  type="stmt" />
				<line num="31"  count="0"  type="stmt" />
				<line num="35"  count="0"  type="stmt" />
				<line num="39"  count="1"  type="cond"  truecount="1"  falsecount="1" />
				<line num="40"  count="0"  type="stmt" />
				<line num="47"  count="1"  type="stmt" />
			</file>
			<file name="mapper.js"  path="/Users/zhenya/WebstormProjects/questioner/server/helpers/mapper.js" >
				<metrics statements="11"  coveredstatements="11"  conditionals="0"  coveredconditionals="0"  methods="1"  coveredmethods="1" />
				<line num="3"  count="1"  type="stmt" />
				<line num="5"  count="1"  type="stmt" />
				<line num="6"  count="1"  type="stmt" />
				<line num="8"  count="1"  type="stmt" />
				<line num="9"  count="1"  type="stmt" />
				<line num="11"  count="1"  type="stmt" />
				<line num="12"  count="4"  type="stmt" />
				<line num="16"  count="1"  type="stmt" />
				<line num="17"  count="1"  type="stmt" />
				<line num="19"  count="1"  type="stmt" />
				<line num="21"  count="1"  type="stmt" />
			</file>
		</package>
		<package name="middlewares.validation" >
			<metrics statements="11"  coveredstatements="3"  conditionals="4"  coveredconditionals="0"  methods="0"  coveredmethods="0" />
			<file name="validator.js"  path="/Users/zhenya/WebstormProjects/questioner/server/middlewares/validation/validator.js" >
				<metrics statements="11"  coveredstatements="3"  conditionals="4"  coveredconditionals="0"  methods="0"  coveredmethods="0" />
				<line num="3"  count="1"  type="stmt" />
				<line num="4"  count="1"  type="stmt" />
				<line num="6"  count="1"  type="stmt" />
				<line num="7"  count="0"  type="cond"  truecount="0"  falsecount="2" />
				<line num="9"  count="0"  type="stmt" />
				<line num="10"  count="0"  type="stmt" />
				<line num="12"  count="0"  type="stmt" />
				<line num="14"  count="0"  type="cond"  truecount="0"  falsecount="2" />
				<line num="15"  count="0"  type="stmt" />
				<line num="17"  count="0"  type="stmt" />
				<line num="22"  count="0"  type="stmt" />
			</file>
		</package>
		<package name="web.controllers" >
			<metrics statements="2"  coveredstatements="1"  conditionals="0"  coveredconditionals="0"  methods="13"  coveredmethods="0" />
			<file name="question.js"  path="/Users/zhenya/WebstormProjects/questioner/server/web/controllers/question.js" >
				<metrics statements="2"  coveredstatements="1"  conditionals="0"  coveredconditionals="0"  methods="13"  coveredmethods="0" />
				<line num="8"  count="0"  type="stmt" />
				<line num="59"  count="1"  type="stmt" />
			</file>
		</package>
		<package name="web.routes" >
			<metrics statements="44"  coveredstatements="10"  conditionals="2"  coveredconditionals="0"  methods="10"  coveredmethods="0" />
			<file name="base.js"  path="/Users/zhenya/WebstormProjects/questioner/server/web/routes/base.js" >
				<metrics statements="17"  coveredstatements="4"  conditionals="2"  coveredconditionals="0"  methods="4"  coveredmethods="0" />
				<line num="3"  count="1"  type="stmt" />
				<line num="5"  count="1"  type="stmt" />
				<line num="6"  count="1"  type="stmt" />
				<line num="10"  count="0"  type="stmt" />
				<line num="11"  count="0"  type="stmt" />
				<line num="15"  count="0"  type="stmt" />
				<line num="16"  count="0"  type="stmt" />
				<line num="18"  count="0"  type="stmt" />
				<line num="19"  count="0"  type="stmt" />
				<line num="21"  count="0"  type="stmt" />
				<line num="25"  count="0"  type="stmt" />
				<line num="29"  count="0"  type="stmt" />
				<line num="30"  count="0"  type="stmt" />
				<line num="32"  count="0"  type="cond"  truecount="0"  falsecount="2" />
				<line num="33"  count="0"  type="stmt" />
				<line num="35"  count="0"  type="stmt" />
				<line num="40"  count="1"  type="stmt" />
			</file>
			<file name="question.js"  path="/Users/zhenya/WebstormProjects/questioner/server/web/routes/question.js" >
				<metrics statements="18"  coveredstatements="3"  conditionals="0"  coveredconditionals="0"  methods="3"  coveredmethods="0" />
				<line num="3"  count="1"  type="stmt" />
				<line num="5"  count="1"  type="stmt" />
				<line num="9"  count="0"  type="stmt" />
				<line num="13"  count="0"  type="stmt" />
				<line num="17"  count="0"  type="stmt" />
				<line num="18"  count="0"  type="stmt" />
				<line num="19"  count="0"  type="stmt" />
				<line num="20"  count="0"  type="stmt" />
				<line num="21"  count="0"  type="stmt" />
				<line num="22"  count="0"  type="stmt" />
				<line num="23"  count="0"  type="stmt" />
				<line num="24"  count="0"  type="stmt" />
				<line num="25"  count="0"  type="stmt" />
				<line num="26"  count="0"  type="stmt" />
				<line num="27"  count="0"  type="stmt" />
				<line num="28"  count="0"  type="stmt" />
				<line num="32"  count="0"  type="stmt" />
				<line num="37"  count="1"  type="stmt" />
			</file>
			<file name="user.js"  path="/Users/zhenya/WebstormProjects/questioner/server/web/routes/user.js" >
				<metrics statements="9"  coveredstatements="3"  conditionals="0"  coveredconditionals="0"  methods="3"  coveredmethods="0" />
				<line num="3"  count="1"  type="stmt" />
				<line num="5"  count="1"  type="stmt" />
				<line num="9"  count="0"  type="stmt" />
				<line num="13"  count="0"  type="stmt" />
				<line num="16"  count="0"  type="stmt" />
				<line num="17"  count="0"  type="stmt" />
				<line num="18"  count="0"  type="stmt" />
				<line num="22"  count="0"  type="stmt" />
				<line num="27"  count="1"  type="stmt" />
			</file>
		</package>
	</project>
</coverage>
