<?xml version="1.0" encoding="UTF-8"?>
<coverage generated="1499135581727" clover="3.2.0">
	<project timestamp="1499135581727"  name="All Files" >
		<metrics statements="420"  coveredstatements="244"  conditionals="14"  coveredconditionals="4"  methods="92"  coveredmethods="46"  elements="526"  coveredelements="294"  complexity="0"  packages="19"  files="48"  classes="48"  loc="1145"  ncloc="1145" />
		<package name="businessLogic.mappings" >
			<metrics statements="3"  coveredstatements="3"  conditionals="0"  coveredconditionals="0"  methods="0"  coveredmethods="0" />
			<file name="maps.js"  path="/Users/zhenya/WebstormProjects/questioner/server/businessLogic/mappings/maps.js" >
				<metrics statements="3"  coveredstatements="3"  conditionals="0"  coveredconditionals="0"  methods="0"  coveredmethods="0" />
				<line num="3"  count="1"  type="stmt" />
				<line num="4"  count="1"  type="stmt" />
				<line num="6"  count="1"  type="stmt" />
			</file>
		</package>
		<package name="businessLogic.mappings.general" >
			<metrics statements="6"  coveredstatements="6"  conditionals="0"  coveredconditionals="0"  methods="0"  coveredmethods="0" />
			<file name="answer.js"  path="/Users/zhenya/WebstormProjects/questioner/server/businessLogic/mappings/general/answer.js" >
				<metrics statements="3"  coveredstatements="3"  conditionals="0"  coveredconditionals="0"  methods="0"  coveredmethods="0" />
				<line num="3"  count="1"  type="stmt" />
				<line num="12"  count="1"  type="stmt" />
				<line num="22"  count="1"  type="stmt" />
			</file>
			<file name="question.js"  path="/Users/zhenya/WebstormProjects/questioner/server/businessLogic/mappings/general/question.js" >
				<metrics statements="3"  coveredstatements="3"  conditionals="0"  coveredconditionals="0"  methods="0"  coveredmethods="0" />
				<line num="3"  count="1"  type="stmt" />
				<line num="14"  count="1"  type="stmt" />
				<line num="26"  count="1"  type="stmt" />
			</file>
		</package>
		<package name="businessLogic.models" >
			<metrics statements="4"  coveredstatements="1"  conditionals="0"  coveredconditionals="0"  methods="1"  coveredmethods="0" />
			<file name="errorDTO.js"  path="/Users/zhenya/WebstormProjects/questioner/server/businessLogic/models/errorDTO.js" >
				<metrics statements="4"  coveredstatements="1"  conditionals="0"  coveredconditionals="0"  methods="1"  coveredmethods="0" />
				<line num="5"  count="0"  type="stmt" />
				<line num="6"  count="0"  type="stmt" />
				<line num="7"  count="0"  type="stmt" />
				<line num="11"  count="1"  type="stmt" />
			</file>
		</package>
		<package name="businessLogic.services" >
			<metrics statements="6"  coveredstatements="1"  conditionals="0"  coveredconditionals="0"  methods="5"  coveredmethods="0" />
			<file name="tag.js"  path="/Users/zhenya/WebstormProjects/questioner/server/businessLogic/services/tag.js" >
				<metrics statements="6"  coveredstatements="1"  conditionals="0"  coveredconditionals="0"  methods="5"  coveredmethods="0" />
				<line num="5"  count="0"  type="stmt" />
				<line num="9"  count="0"  type="stmt" />
				<line num="13"  count="0"  type="stmt" />
				<line num="17"  count="0"  type="stmt" />
				<line num="21"  count="0"  type="stmt" />
				<line num="25"  count="1"  type="stmt" />
			</file>
		</package>
		<package name="constants" >
			<metrics statements="2"  coveredstatements="2"  conditionals="0"  coveredconditionals="0"  methods="0"  coveredmethods="0" />
			<file name="index.js"  path="/Users/zhenya/WebstormProjects/questioner/server/constants/index.js" >
				<metrics statements="1"  coveredstatements="1"  conditionals="0"  coveredconditionals="0"  methods="0"  coveredmethods="0" />
				<line num="3"  count="1"  type="stmt" />
			</file>
			<file name="statusCodes.js"  path="/Users/zhenya/WebstormProjects/questioner/server/constants/statusCodes.js" >
				<metrics statements="1"  coveredstatements="1"  conditionals="0"  coveredconditionals="0"  methods="0"  coveredmethods="0" />
				<line num="3"  count="1"  type="stmt" />
			</file>
		</package>
		<package name="dataAccess" >
			<metrics statements="16"  coveredstatements="16"  conditionals="0"  coveredconditionals="0"  methods="4"  coveredmethods="4" />
			<file name="context.js"  path="/Users/zhenya/WebstormProjects/questioner/server/dataAccess/context.js" >
				<metrics statements="16"  coveredstatements="16"  conditionals="0"  coveredconditionals="0"  methods="4"  coveredmethods="4" />
				<line num="3"  count="1"  type="stmt" />
				<line num="5"  count="1"  type="stmt" />
				<line num="6"  count="1"  type="stmt" />
				<line num="8"  count="1"  type="stmt" />
				<line num="12"  count="1"  type="stmt" />
				<line num="13"  count="1"  type="stmt" />
				<line num="15"  count="1"  type="stmt" />
				<line num="17"  count="1"  type="stmt" />
				<line num="21"  count="3"  type="stmt" />
				<line num="23"  count="3"  type="stmt" />
				<line num="27"  count="3"  type="stmt" />
				<line num="31"  count="1"  type="stmt" />
				<line num="33"  count="4"  type="stmt" />
				<line num="34"  count="3"  type="stmt" />
				<line num="36"  count="3"  type="stmt" />
				<line num="41"  count="1"  type="stmt" />
			</file>
		</package>
		<package name="dataAccess.models" >
			<metrics statements="9"  coveredstatements="9"  conditionals="0"  coveredconditionals="0"  methods="0"  coveredmethods="0" />
			<file name="factory.js"  path="/Users/zhenya/WebstormProjects/questioner/server/dataAccess/models/factory.js" >
				<metrics statements="3"  coveredstatements="3"  conditionals="0"  coveredconditionals="0"  methods="0"  coveredmethods="0" />
				<line num="3"  count="1"  type="stmt" />
				<line num="5"  count="1"  type="stmt" />
				<line num="6"  count="3"  type="stmt" />
			</file>
			<file name="question.js"  path="/Users/zhenya/WebstormProjects/questioner/server/dataAccess/models/question.js" >
				<metrics statements="2"  coveredstatements="2"  conditionals="0"  coveredconditionals="0"  methods="0"  coveredmethods="0" />
				<line num="3"  count="1"  type="stmt" />
				<line num="5"  count="1"  type="stmt" />
			</file>
			<file name="tag.js"  path="/Users/zhenya/WebstormProjects/questioner/server/dataAccess/models/tag.js" >
				<metrics statements="2"  coveredstatements="2"  conditionals="0"  coveredconditionals="0"  methods="0"  coveredmethods="0" />
				<line num="3"  count="1"  type="stmt" />
				<line num="5"  count="1"  type="stmt" />
			</file>
			<file name="user.js"  path="/Users/zhenya/WebstormProjects/questioner/server/dataAccess/models/user.js" >
				<metrics statements="2"  coveredstatements="2"  conditionals="0"  coveredconditionals="0"  methods="0"  coveredmethods="0" />
				<line num="3"  count="1"  type="stmt" />
				<line num="5"  count="1"  type="stmt" />
			</file>
		</package>
		<package name="dataAccess.repositories" >
			<metrics statements="21"  coveredstatements="19"  conditionals="0"  coveredconditionals="0"  methods="15"  coveredmethods="13" />
			<file name="question.js"  path="/Users/zhenya/WebstormProjects/questioner/server/dataAccess/repositories/question.js" >
				<metrics statements="14"  coveredstatements="13"  conditionals="0"  coveredconditionals="0"  methods="12"  coveredmethods="11" />
				<line num="3"  count="1"  type="stmt" />
				<line num="7"  count="1"  type="stmt" />
				<line num="11"  count="4"  type="stmt" />
				<line num="15"  count="1"  type="stmt" />
				<line num="19"  count="3"  type="stmt" />
				<line num="29"  count="1"  type="stmt" />
				<line num="45"  count="0"  type="stmt" />
				<line num="56"  count="1"  type="stmt" />
				<line num="70"  count="1"  type="stmt" />
				<line num="83"  count="1"  type="stmt" />
				<line num="94"  count="1"  type="stmt" />
				<line num="105"  count="1"  type="stmt" />
				<line num="117"  count="1"  type="stmt" />
				<line num="130"  count="1"  type="stmt" />
			</file>
			<file name="tag.js"  path="/Users/zhenya/WebstormProjects/questioner/server/dataAccess/repositories/tag.js" >
				<metrics statements="4"  coveredstatements="3"  conditionals="0"  coveredconditionals="0"  methods="2"  coveredmethods="1" />
				<line num="3"  count="1"  type="stmt" />
				<line num="7"  count="1"  type="stmt" />
				<line num="11"  count="0"  type="stmt" />
				<line num="15"  count="1"  type="stmt" />
			</file>
			<file name="user.js"  path="/Users/zhenya/WebstormProjects/questioner/server/dataAccess/repositories/user.js" >
				<metrics statements="3"  coveredstatements="3"  conditionals="0"  coveredconditionals="0"  methods="1"  coveredmethods="1" />
				<line num="3"  count="1"  type="stmt" />
				<line num="7"  count="1"  type="stmt" />
				<line num="12"  count="1"  type="stmt" />
			</file>
		</package>
		<package name="dataAccess.schemas" >
			<metrics statements="24"  coveredstatements="23"  conditionals="0"  coveredconditionals="0"  methods="13"  coveredmethods="12" />
			<file name="base.js"  path="/Users/zhenya/WebstormProjects/questioner/server/dataAccess/schemas/base.js" >
				<metrics statements="12"  coveredstatements="11"  conditionals="0"  coveredconditionals="0"  methods="10"  coveredmethods="9" />
				<line num="3"  count="1"  type="stmt" />
				<line num="7"  count="3"  type="stmt" />
				<line num="11"  count="12"  type="stmt" />
				<line num="17"  count="3"  type="stmt" />
				<line num="24"  count="1"  type="stmt" />
				<line num="30"  count="1"  type="stmt" />
				<line num="36"  count="1"  type="stmt" />
				<line num="42"  count="2"  type="stmt" />
				<line num="48"  count="1"  type="stmt" />
				<line num="54"  count="9"  type="stmt" />
				<line num="60"  count="0"  type="stmt" />
				<line num="66"  count="1"  type="stmt" />
			</file>
			<file name="question.js"  path="/Users/zhenya/WebstormProjects/questioner/server/dataAccess/schemas/question.js" >
				<metrics statements="4"  coveredstatements="4"  conditionals="0"  coveredconditionals="0"  methods="1"  coveredmethods="1" />
				<line num="3"  count="1"  type="stmt" />
				<line num="7"  count="1"  type="stmt" />
				<line num="9"  count="1"  type="stmt" />
				<line num="36"  count="1"  type="stmt" />
			</file>
			<file name="tag.js"  path="/Users/zhenya/WebstormProjects/questioner/server/dataAccess/schemas/tag.js" >
				<metrics statements="4"  coveredstatements="4"  conditionals="0"  coveredconditionals="0"  methods="1"  coveredmethods="1" />
				<line num="3"  count="1"  type="stmt" />
				<line num="7"  count="1"  type="stmt" />
				<line num="9"  count="1"  type="stmt" />
				<line num="15"  count="1"  type="stmt" />
			</file>
			<file name="user.js"  path="/Users/zhenya/WebstormProjects/questioner/server/dataAccess/schemas/user.js" >
				<metrics statements="4"  coveredstatements="4"  conditionals="0"  coveredconditionals="0"  methods="1"  coveredmethods="1" />
				<line num="3"  count="1"  type="stmt" />
				<line num="7"  count="1"  type="stmt" />
				<line num="11"  count="1"  type="stmt" />
				<line num="19"  count="1"  type="stmt" />
			</file>
		</package>
		<package name="helpers" >
			<metrics statements="78"  coveredstatements="65"  conditionals="8"  coveredconditionals="4"  methods="22"  coveredmethods="17" />
			<file name="filesHelper.js"  path="/Users/zhenya/WebstormProjects/questioner/server/helpers/filesHelper.js" >
				<metrics statements="15"  coveredstatements="9"  conditionals="4"  coveredconditionals="1"  methods="2"  coveredmethods="1" />
				<line num="3"  count="1"  type="stmt" />
				<line num="4"  count="1"  type="stmt" />
				<line num="8"  count="5"  type="stmt" />
				<line num="10"  count="5"  type="stmt" />
				<line num="11"  count="18"  type="stmt" />
				<line num="13"  count="18"  type="cond"  truecount="1"  falsecount="1" />
				<line num="14"  count="0"  type="stmt" />
				<line num="16"  count="18"  type="stmt" />
				<line num="20"  count="5"  type="stmt" />
				<line num="24"  count="0"  type="stmt" />
				<line num="25"  count="0"  type="stmt" />
				<line num="26"  count="0"  type="cond"  truecount="0"  falsecount="2" />
				<line num="27"  count="0"  type="stmt" />
				<line num="30"  count="0"  type="stmt" />
				<line num="36"  count="1"  type="stmt" />
			</file>
			<file name="iocContainer.js"  path="/Users/zhenya/WebstormProjects/questioner/server/helpers/iocContainer.js" >
				<metrics statements="43"  coveredstatements="42"  conditionals="2"  coveredconditionals="2"  methods="14"  coveredmethods="13" />
				<line num="3"  count="1"  type="stmt" />
				<line num="4"  count="1"  type="stmt" />
				<line num="6"  count="1"  type="stmt" />
				<line num="7"  count="1"  type="stmt" />
				<line num="11"  count="1"  type="stmt" />
				<line num="12"  count="1"  type="stmt" />
				<line num="16"  count="1"  type="stmt" />
				<line num="18"  count="1"  type="stmt" />
				<line num="19"  count="1"  type="stmt" />
				<line num="21"  count="1"  type="stmt" />
				<line num="22"  count="1"  type="stmt" />
				<line num="23"  count="1"  type="stmt" />
				<line num="24"  count="1"  type="stmt" />
				<line num="25"  count="1"  type="stmt" />
				<line num="29"  count="0"  type="stmt" />
				<line num="33"  count="7"  type="stmt" />
				<line num="37"  count="14"  type="stmt" />
				<line num="39"  count="14"  type="stmt" />
				<line num="47"  count="1"  type="stmt" />
				<line num="49"  count="1"  type="stmt" />
				<line num="57"  count="4"  type="stmt" />
				<line num="59"  count="4"  type="stmt" />
				<line num="60"  count="25"  type="cond"  truecount="2"  falsecount="0" />
				<line num="62"  count="12"  type="stmt" />
				<line num="64"  count="12"  type="stmt" />
				<line num="69"  count="1"  type="stmt" />
				<line num="73"  count="1"  type="stmt" />
				<line num="77"  count="1"  type="stmt" />
				<line num="81"  count="1"  type="stmt" />
				<line num="82"  count="1"  type="stmt" />
				<line num="84"  count="1"  type="stmt" />
				<line num="88"  count="1"  type="stmt" />
				<line num="89"  count="1"  type="stmt" />
				<line num="91"  count="1"  type="stmt" />
				<line num="95"  count="1"  type="stmt" />
				<line num="96"  count="1"  type="stmt" />
				<line num="98"  count="1"  type="stmt" />
				<line num="102"  count="1"  type="stmt" />
				<line num="103"  count="1"  type="stmt" />
				<line num="105"  count="1"  type="stmt" />
				<line num="109"  count="1"  type="stmt" />
				<line num="111"  count="1"  type="stmt" />
				<line num="112"  count="1"  type="stmt" />
			</file>
			<file name="logger.js"  path="/Users/zhenya/WebstormProjects/questioner/server/helpers/logger.js" >
				<metrics statements="16"  coveredstatements="10"  conditionals="2"  coveredconditionals="1"  methods="6"  coveredmethods="3" />
				<line num="3"  count="1"  type="stmt" />
				<line num="4"  count="1"  type="stmt" />
				<line num="8"  count="1"  type="stmt" />
				<line num="10"  count="1"  type="stmt" />
				<line num="14"  count="1"  type="stmt" />
				<line num="15"  count="1"  type="stmt" />
				<line num="17"  count="1"  type="stmt" />
				<line num="19"  count="1"  type="stmt" />
				<line num="25"  count="0"  type="stmt" />
				<line num="26"  count="0"  type="stmt" />
				<line num="30"  count="0"  type="stmt" />
				<line num="31"  count="0"  type="stmt" />
				<line num="35"  count="0"  type="stmt" />
				<line num="39"  count="1"  type="cond"  truecount="1"  falsecount="1" />
				<line num="40"  count="0"  type="stmt" />
				<line num="47"  count="1"  type="stmt" />
			</file>
			<file name="mapper.js"  path="/Users/zhenya/WebstormProjects/questioner/server/helpers/mapper.js" >
				<metrics statements="4"  coveredstatements="4"  conditionals="0"  coveredconditionals="0"  methods="0"  coveredmethods="0" />
				<line num="3"  count="1"  type="stmt" />
				<line num="4"  count="1"  type="stmt" />
				<line num="6"  count="1"  type="stmt" />
				<line num="7"  count="6"  type="stmt" />
			</file>
		</package>
		<package name="middlewares.fileUploading" >
			<metrics statements="9"  coveredstatements="8"  conditionals="0"  coveredconditionals="0"  methods="0"  coveredmethods="0" />
			<file name="multer.js"  path="/Users/zhenya/WebstormProjects/questioner/server/middlewares/fileUploading/multer.js" >
				<metrics statements="9"  coveredstatements="8"  conditionals="0"  coveredconditionals="0"  methods="0"  coveredmethods="0" />
				<line num="3"  count="1"  type="stmt" />
				<line num="4"  count="1"  type="stmt" />
				<line num="5"  count="1"  type="stmt" />
				<line num="6"  count="1"  type="stmt" />
				<line num="8"  count="1"  type="stmt" />
				<line num="11"  count="0"  type="stmt" />
				<line num="15"  count="1"  type="stmt" />
				<line num="16"  count="1"  type="stmt" />
				<line num="22"  count="1"  type="stmt" />
			</file>
		</package>
		<package name="middlewares.rateLimit" >
			<metrics statements="4"  coveredstatements="3"  conditionals="0"  coveredconditionals="0"  methods="0"  coveredmethods="0" />
			<file name="rateLimit.js"  path="/Users/zhenya/WebstormProjects/questioner/server/middlewares/rateLimit/rateLimit.js" >
				<metrics statements="4"  coveredstatements="3"  conditionals="0"  coveredconditionals="0"  methods="0"  coveredmethods="0" />
				<line num="3"  count="1"  type="stmt" />
				<line num="4"  count="1"  type="stmt" />
				<line num="6"  count="1"  type="stmt" />
				<line num="10"  count="0"  type="stmt" />
			</file>
		</package>
		<package name="middlewares.security" >
			<metrics statements="4"  coveredstatements="1"  conditionals="2"  coveredconditionals="0"  methods="0"  coveredmethods="0" />
			<file name="isAdmin.js"  path="/Users/zhenya/WebstormProjects/questioner/server/middlewares/security/isAdmin.js" >
				<metrics statements="4"  coveredstatements="1"  conditionals="2"  coveredconditionals="0"  methods="0"  coveredmethods="0" />
				<line num="4"  count="1"  type="stmt" />
				<line num="5"  count="0"  type="stmt" />
				<line num="6"  count="0"  type="stmt" />
				<line num="8"  count="0"  type="cond"  truecount="0"  falsecount="2" />
			</file>
		</package>
		<package name="middlewares.validation" >
			<metrics statements="7"  coveredstatements="1"  conditionals="2"  coveredconditionals="0"  methods="0"  coveredmethods="0" />
			<file name="validator.js"  path="/Users/zhenya/WebstormProjects/questioner/server/middlewares/validation/validator.js" >
				<metrics statements="7"  coveredstatements="1"  conditionals="2"  coveredconditionals="0"  methods="0"  coveredmethods="0" />
				<line num="3"  count="1"  type="stmt" />
				<line num="4"  count="0"  type="stmt" />
				<line num="5"  count="0"  type="stmt" />
				<line num="7"  count="0"  type="cond"  truecount="0"  falsecount="2" />
				<line num="8"  count="0"  type="stmt" />
				<line num="9"  count="0"  type="stmt" />
				<line num="11"  count="0"  type="stmt" />
			</file>
		</package>
		<package name="web.controllers" >
			<metrics statements="48"  coveredstatements="3"  conditionals="0"  coveredconditionals="0"  methods="20"  coveredmethods="0" />
			<file name="question.js"  path="/Users/zhenya/WebstormProjects/questioner/server/web/controllers/question.js" >
				<metrics statements="33"  coveredstatements="1"  conditionals="0"  coveredconditionals="0"  methods="12"  coveredmethods="0" />
				<line num="5"  count="0"  type="stmt" />
				<line num="9"  count="0"  type="stmt" />
				<line num="11"  count="0"  type="stmt" />
				<line num="15"  count="0"  type="stmt" />
				<line num="19"  count="0"  type="stmt" />
				<line num="21"  count="0"  type="stmt" />
				<line num="25"  count="0"  type="stmt" />
				<line num="26"  count="0"  type="stmt" />
				<line num="27"  count="0"  type="stmt" />
				<line num="29"  count="0"  type="stmt" />
				<line num="33"  count="0"  type="stmt" />
				<line num="34"  count="0"  type="stmt" />
				<line num="35"  count="0"  type="stmt" />
				<line num="37"  count="0"  type="stmt" />
				<line num="41"  count="0"  type="stmt" />
				<line num="43"  count="0"  type="stmt" />
				<line num="47"  count="0"  type="stmt" />
				<line num="48"  count="0"  type="stmt" />
				<line num="50"  count="0"  type="stmt" />
				<line num="54"  count="0"  type="stmt" />
				<line num="55"  count="0"  type="stmt" />
				<line num="56"  count="0"  type="stmt" />
				<line num="58"  count="0"  type="stmt" />
				<line num="62"  count="0"  type="stmt" />
				<line num="63"  count="0"  type="stmt" />
				<line num="64"  count="0"  type="stmt" />
				<line num="66"  count="0"  type="stmt" />
				<line num="70"  count="0"  type="stmt" />
				<line num="71"  count="0"  type="stmt" />
				<line num="73"  count="0"  type="stmt" />
				<line num="77"  count="0"  type="stmt" />
				<line num="79"  count="0"  type="stmt" />
				<line num="83"  count="1"  type="stmt" />
			</file>
			<file name="tag.js"  path="/Users/zhenya/WebstormProjects/questioner/server/web/controllers/tag.js" >
				<metrics statements="9"  coveredstatements="1"  conditionals="0"  coveredconditionals="0"  methods="5"  coveredmethods="0" />
				<line num="5"  count="0"  type="stmt" />
				<line num="9"  count="0"  type="stmt" />
				<line num="13"  count="0"  type="stmt" />
				<line num="15"  count="0"  type="stmt" />
				<line num="19"  count="0"  type="stmt" />
				<line num="21"  count="0"  type="stmt" />
				<line num="25"  count="0"  type="stmt" />
				<line num="27"  count="0"  type="stmt" />
				<line num="31"  count="1"  type="stmt" />
			</file>
			<file name="user.js"  path="/Users/zhenya/WebstormProjects/questioner/server/web/controllers/user.js" >
				<metrics statements="6"  coveredstatements="1"  conditionals="0"  coveredconditionals="0"  methods="3"  coveredmethods="0" />
				<line num="5"  count="0"  type="stmt" />
				<line num="9"  count="0"  type="stmt" />
				<line num="10"  count="0"  type="stmt" />
				<line num="14"  count="0"  type="stmt" />
				<line num="16"  count="0"  type="stmt" />
				<line num="20"  count="1"  type="stmt" />
			</file>
		</package>
		<package name="web.routes" >
			<metrics statements="72"  coveredstatements="29"  conditionals="2"  coveredconditionals="0"  methods="12"  coveredmethods="0" />
			<file name="base.js"  path="/Users/zhenya/WebstormProjects/questioner/server/web/routes/base.js" >
				<metrics statements="15"  coveredstatements="4"  conditionals="2"  coveredconditionals="0"  methods="3"  coveredmethods="0" />
				<line num="3"  count="1"  type="stmt" />
				<line num="5"  count="1"  type="stmt" />
				<line num="6"  count="1"  type="stmt" />
				<line num="10"  count="0"  type="stmt" />
				<line num="11"  count="0"  type="stmt" />
				<line num="15"  count="0"  type="stmt" />
				<line num="16"  count="0"  type="stmt" />
				<line num="18"  count="0"  type="stmt" />
				<line num="20"  count="0"  type="stmt" />
				<line num="24"  count="0"  type="stmt" />
				<line num="25"  count="0"  type="stmt" />
				<line num="27"  count="0"  type="cond"  truecount="0"  falsecount="2" />
				<line num="28"  count="0"  type="stmt" />
				<line num="30"  count="0"  type="stmt" />
				<line num="35"  count="1"  type="stmt" />
			</file>
			<file name="question.js"  path="/Users/zhenya/WebstormProjects/questioner/server/web/routes/question.js" >
				<metrics statements="29"  coveredstatements="13"  conditionals="0"  coveredconditionals="0"  methods="3"  coveredmethods="0" />
				<line num="3"  count="1"  type="stmt" />
				<line num="5"  count="1"  type="stmt" />
				<line num="6"  count="1"  type="stmt" />
				<line num="7"  count="1"  type="stmt" />
				<line num="8"  count="1"  type="stmt" />
				<line num="9"  count="1"  type="stmt" />
				<line num="10"  count="1"  type="stmt" />
				<line num="11"  count="1"  type="stmt" />
				<line num="12"  count="1"  type="stmt" />
				<line num="13"  count="1"  type="stmt" />
				<line num="14"  count="1"  type="stmt" />
				<line num="15"  count="1"  type="stmt" />
				<line num="19"  count="0"  type="stmt" />
				<line num="23"  count="0"  type="stmt" />
				<line num="24"  count="0"  type="stmt" />
				<line num="26"  count="0"  type="stmt" />
				<line num="28"  count="0"  type="stmt" />
				<line num="29"  count="0"  type="stmt" />
				<line num="30"  count="0"  type="stmt" />
				<line num="32"  count="0"  type="stmt" />
				<line num="35"  count="0"  type="stmt" />
				<line num="38"  count="0"  type="stmt" />
				<line num="40"  count="0"  type="stmt" />
				<line num="41"  count="0"  type="stmt" />
				<line num="44"  count="0"  type="stmt" />
				<line num="46"  count="0"  type="stmt" />
				<line num="49"  count="0"  type="stmt" />
				<line num="54"  count="0"  type="stmt" />
				<line num="58"  count="1"  type="stmt" />
			</file>
			<file name="tag.js"  path="/Users/zhenya/WebstormProjects/questioner/server/web/routes/tag.js" >
				<metrics statements="15"  coveredstatements="6"  conditionals="0"  coveredconditionals="0"  methods="3"  coveredmethods="0" />
				<line num="3"  count="1"  type="stmt" />
				<line num="4"  count="1"  type="stmt" />
				<line num="5"  count="1"  type="stmt" />
				<line num="6"  count="1"  type="stmt" />
				<line num="7"  count="1"  type="stmt" />
				<line num="11"  count="0"  type="stmt" />
				<line num="15"  count="0"  type="stmt" />
				<line num="16"  count="0"  type="stmt" />
				<line num="18"  count="0"  type="stmt" />
				<line num="20"  count="0"  type="stmt" />
				<line num="21"  count="0"  type="stmt" />
				<line num="22"  count="0"  type="stmt" />
				<line num="23"  count="0"  type="stmt" />
				<line num="27"  count="0"  type="stmt" />
				<line num="31"  count="1"  type="stmt" />
			</file>
			<file name="user.js"  path="/Users/zhenya/WebstormProjects/questioner/server/web/routes/user.js" >
				<metrics statements="13"  coveredstatements="6"  conditionals="0"  coveredconditionals="0"  methods="3"  coveredmethods="0" />
				<line num="3"  count="1"  type="stmt" />
				<line num="4"  count="1"  type="stmt" />
				<line num="5"  count="1"  type="stmt" />
				<line num="6"  count="1"  type="stmt" />
				<line num="7"  count="1"  type="stmt" />
				<line num="11"  count="0"  type="stmt" />
				<line num="15"  count="0"  type="stmt" />
				<line num="16"  count="0"  type="stmt" />
				<line num="18"  count="0"  type="stmt" />
				<line num="19"  count="0"  type="stmt" />
				<line num="23"  count="0"  type="stmt" />
				<line num="27"  count="0"  type="stmt" />
				<line num="32"  count="1"  type="stmt" />
			</file>
		</package>
		<package name="web.validators.question" >
			<metrics statements="70"  coveredstatements="32"  conditionals="0"  coveredconditionals="0"  methods="0"  coveredmethods="0" />
			<file name="validateCreateAnswerInfo.js"  path="/Users/zhenya/WebstormProjects/questioner/server/web/validators/question/validateCreateAnswerInfo.js" >
				<metrics statements="9"  coveredstatements="5"  conditionals="0"  coveredconditionals="0"  methods="0"  coveredmethods="0" />
				<line num="3"  count="1"  type="stmt" />
				<line num="4"  count="1"  type="stmt" />
				<line num="5"  count="1"  type="stmt" />
				<line num="6"  count="1"  type="stmt" />
				<line num="8"  count="1"  type="stmt" />
				<line num="9"  count="0"  type="stmt" />
				<line num="11"  count="0"  type="stmt" />
				<line num="12"  count="0"  type="stmt" />
				<line num="13"  count="0"  type="stmt" />
			</file>
			<file name="validateDeleteAnswer.js"  path="/Users/zhenya/WebstormProjects/questioner/server/web/validators/question/validateDeleteAnswer.js" >
				<metrics statements="6"  coveredstatements="3"  conditionals="0"  coveredconditionals="0"  methods="0"  coveredmethods="0" />
				<line num="3"  count="1"  type="stmt" />
				<line num="4"  count="1"  type="stmt" />
				<line num="6"  count="1"  type="stmt" />
				<line num="7"  count="0"  type="stmt" />
				<line num="8"  count="0"  type="stmt" />
				<line num="9"  count="0"  type="stmt" />
			</file>
			<file name="validateIdParam.js"  path="/Users/zhenya/WebstormProjects/questioner/server/web/validators/question/validateIdParam.js" >
				<metrics statements="6"  coveredstatements="4"  conditionals="0"  coveredconditionals="0"  methods="0"  coveredmethods="0" />
				<line num="3"  count="1"  type="stmt" />
				<line num="4"  count="1"  type="stmt" />
				<line num="5"  count="1"  type="stmt" />
				<line num="7"  count="1"  type="stmt" />
				<line num="8"  count="0"  type="stmt" />
				<line num="9"  count="0"  type="stmt" />
			</file>
			<file name="validateQuestionCreateInfo.js"  path="/Users/zhenya/WebstormProjects/questioner/server/web/validators/question/validateQuestionCreateInfo.js" >
				<metrics statements="10"  coveredstatements="3"  conditionals="0"  coveredconditionals="0"  methods="0"  coveredmethods="0" />
				<line num="3"  count="1"  type="stmt" />
				<line num="4"  count="1"  type="stmt" />
				<line num="6"  count="1"  type="stmt" />
				<line num="7"  count="0"  type="stmt" />
				<line num="8"  count="0"  type="stmt" />
				<line num="9"  count="0"  type="stmt" />
				<line num="10"  count="0"  type="stmt" />
				<line num="11"  count="0"  type="stmt" />
				<line num="12"  count="0"  type="stmt" />
				<line num="13"  count="0"  type="stmt" />
			</file>
			<file name="validateQuestionUpdateInfo.js"  path="/Users/zhenya/WebstormProjects/questioner/server/web/validators/question/validateQuestionUpdateInfo.js" >
				<metrics statements="13"  coveredstatements="5"  conditionals="0"  coveredconditionals="0"  methods="0"  coveredmethods="0" />
				<line num="3"  count="1"  type="stmt" />
				<line num="4"  count="1"  type="stmt" />
				<line num="5"  count="1"  type="stmt" />
				<line num="6"  count="1"  type="stmt" />
				<line num="8"  count="1"  type="stmt" />
				<line num="9"  count="0"  type="stmt" />
				<line num="10"  count="0"  type="stmt" />
				<line num="11"  count="0"  type="stmt" />
				<line num="12"  count="0"  type="stmt" />
				<line num="13"  count="0"  type="stmt" />
				<line num="14"  count="0"  type="stmt" />
				<line num="15"  count="0"  type="stmt" />
				<line num="16"  count="0"  type="stmt" />
			</file>
			<file name="validateTags.js"  path="/Users/zhenya/WebstormProjects/questioner/server/web/validators/question/validateTags.js" >
				<metrics statements="3"  coveredstatements="1"  conditionals="0"  coveredconditionals="0"  methods="0"  coveredmethods="0" />
				<line num="3"  count="1"  type="stmt" />
				<line num="4"  count="0"  type="stmt" />
				<line num="5"  count="0"  type="stmt" />
			</file>
			<file name="validateUpdateAnswerInfo.js"  path="/Users/zhenya/WebstormProjects/questioner/server/web/validators/question/validateUpdateAnswerInfo.js" >
				<metrics statements="10"  coveredstatements="5"  conditionals="0"  coveredconditionals="0"  methods="0"  coveredmethods="0" />
				<line num="3"  count="1"  type="stmt" />
				<line num="4"  count="1"  type="stmt" />
				<line num="5"  count="1"  type="stmt" />
				<line num="6"  count="1"  type="stmt" />
				<line num="9"  count="1"  type="stmt" />
				<line num="10"  count="0"  type="stmt" />
				<line num="12"  count="0"  type="stmt" />
				<line num="13"  count="0"  type="stmt" />
				<line num="14"  count="0"  type="stmt" />
				<line num="15"  count="0"  type="stmt" />
			</file>
			<file name="validateVoteAnswerInfo.js"  path="/Users/zhenya/WebstormProjects/questioner/server/web/validators/question/validateVoteAnswerInfo.js" >
				<metrics statements="7"  coveredstatements="3"  conditionals="0"  coveredconditionals="0"  methods="0"  coveredmethods="0" />
				<line num="3"  count="1"  type="stmt" />
				<line num="4"  count="1"  type="stmt" />
				<line num="6"  count="1"  type="stmt" />
				<line num="7"  count="0"  type="stmt" />
				<line num="8"  count="0"  type="stmt" />
				<line num="9"  count="0"  type="stmt" />
				<line num="10"  count="0"  type="stmt" />
			</file>
			<file name="validateVoteQuestionInfo.js"  path="/Users/zhenya/WebstormProjects/questioner/server/web/validators/question/validateVoteQuestionInfo.js" >
				<metrics statements="6"  coveredstatements="3"  conditionals="0"  coveredconditionals="0"  methods="0"  coveredmethods="0" />
				<line num="3"  count="1"  type="stmt" />
				<line num="4"  count="1"  type="stmt" />
				<line num="6"  count="1"  type="stmt" />
				<line num="7"  count="0"  type="stmt" />
				<line num="8"  count="0"  type="stmt" />
				<line num="9"  count="0"  type="stmt" />
			</file>
		</package>
		<package name="web.validators.tag" >
			<metrics statements="21"  coveredstatements="14"  conditionals="0"  coveredconditionals="0"  methods="0"  coveredmethods="0" />
			<file name="validateCreateTagInfo.js"  path="/Users/zhenya/WebstormProjects/questioner/server/web/validators/tag/validateCreateTagInfo.js" >
				<metrics statements="6"  coveredstatements="4"  conditionals="0"  coveredconditionals="0"  methods="0"  coveredmethods="0" />
				<line num="3"  count="1"  type="stmt" />
				<line num="4"  count="1"  type="stmt" />
				<line num="5"  count="1"  type="stmt" />
				<line num="7"  count="1"  type="stmt" />
				<line num="8"  count="0"  type="stmt" />
				<line num="9"  count="0"  type="stmt" />
			</file>
			<file name="validateDeleteTagInfo.js"  path="/Users/zhenya/WebstormProjects/questioner/server/web/validators/tag/validateDeleteTagInfo.js" >
				<metrics statements="6"  coveredstatements="4"  conditionals="0"  coveredconditionals="0"  methods="0"  coveredmethods="0" />
				<line num="3"  count="1"  type="stmt" />
				<line num="4"  count="1"  type="stmt" />
				<line num="5"  count="1"  type="stmt" />
				<line num="7"  count="1"  type="stmt" />
				<line num="8"  count="0"  type="stmt" />
				<line num="9"  count="0"  type="stmt" />
			</file>
			<file name="validateUpdateTagInfo.js"  path="/Users/zhenya/WebstormProjects/questioner/server/web/validators/tag/validateUpdateTagInfo.js" >
				<metrics statements="9"  coveredstatements="6"  conditionals="0"  coveredconditionals="0"  methods="0"  coveredmethods="0" />
				<line num="3"  count="1"  type="stmt" />
				<line num="4"  count="1"  type="stmt" />
				<line num="5"  count="1"  type="stmt" />
				<line num="6"  count="1"  type="stmt" />
				<line num="7"  count="1"  type="stmt" />
				<line num="9"  count="1"  type="stmt" />
				<line num="10"  count="0"  type="stmt" />
				<line num="11"  count="0"  type="stmt" />
				<line num="12"  count="0"  type="stmt" />
			</file>
		</package>
		<package name="web.validators.user" >
			<metrics statements="16"  coveredstatements="8"  conditionals="0"  coveredconditionals="0"  methods="0"  coveredmethods="0" />
			<file name="validateLoginInfo.js"  path="/Users/zhenya/WebstormProjects/questioner/server/web/validators/user/validateLoginInfo.js" >
				<metrics statements="8"  coveredstatements="4"  conditionals="0"  coveredconditionals="0"  methods="0"  coveredmethods="0" />
				<line num="3"  count="1"  type="stmt" />
				<line num="4"  count="1"  type="stmt" />
				<line num="5"  count="1"  type="stmt" />
				<line num="7"  count="1"  type="stmt" />
				<line num="8"  count="0"  type="stmt" />
				<line num="9"  count="0"  type="stmt" />
				<line num="10"  count="0"  type="stmt" />
				<line num="11"  count="0"  type="stmt" />
			</file>
			<file name="validateRegisterInfo.js"  path="/Users/zhenya/WebstormProjects/questioner/server/web/validators/user/validateRegisterInfo.js" >
				<metrics statements="8"  coveredstatements="4"  conditionals="0"  coveredconditionals="0"  methods="0"  coveredmethods="0" />
				<line num="3"  count="1"  type="stmt" />
				<line num="4"  count="1"  type="stmt" />
				<line num="5"  count="1"  type="stmt" />
				<line num="7"  count="1"  type="stmt" />
				<line num="8"  count="0"  type="stmt" />
				<line num="9"  count="0"  type="stmt" />
				<line num="10"  count="0"  type="stmt" />
				<line num="11"  count="0"  type="stmt" />
			</file>
		</package>
	</project>
</coverage>
