{"/Users/zhenya/WebstormProjects/questioner/server/helpers/iocContainer.js":{"path":"/Users/zhenya/WebstormProjects/questioner/server/helpers/iocContainer.js","s":{"1":1,"2":1,"3":1,"4":1,"5":1,"6":1,"7":1,"8":1,"9":1,"10":1,"11":1,"12":1,"13":1,"14":1,"15":0,"16":6,"17":10,"18":10,"19":1,"20":1,"21":4,"22":4,"23":10,"24":18,"25":8,"26":8,"27":1,"28":1,"29":1,"30":1,"31":1,"32":1,"33":1,"34":1,"35":1,"36":1,"37":1,"38":1,"39":1,"40":1,"41":1,"42":1,"43":1,"44":1},"b":{"1":[18,16]},"f":{"1":1,"2":1,"3":0,"4":6,"5":10,"6":1,"7":4,"8":1,"9":1,"10":1,"11":1,"12":1,"13":1,"14":1},"fnMap":{"1":{"name":"(anonymous_1)","line":10,"loc":{"start":{"line":10,"column":13},"end":{"line":10,"column":25}}},"2":{"name":"(anonymous_2)","line":15,"loc":{"start":{"line":15,"column":10},"end":{"line":15,"column":13}}},"3":{"name":"(anonymous_3)","line":28,"loc":{"start":{"line":28,"column":9},"end":{"line":28,"column":20}}},"4":{"name":"(anonymous_4)","line":32,"loc":{"start":{"line":32,"column":20},"end":{"line":32,"column":23}}},"5":{"name":"(anonymous_5)","line":36,"loc":{"start":{"line":36,"column":15},"end":{"line":36,"column":40}}},"6":{"name":"(anonymous_6)","line":46,"loc":{"start":{"line":46,"column":23},"end":{"line":46,"column":48}}},"7":{"name":"(anonymous_7)","line":56,"loc":{"start":{"line":56,"column":17},"end":{"line":56,"column":53}}},"8":{"name":"(anonymous_8)","line":68,"loc":{"start":{"line":68,"column":17},"end":{"line":68,"column":20}}},"9":{"name":"(anonymous_9)","line":72,"loc":{"start":{"line":72,"column":17},"end":{"line":72,"column":20}}},"10":{"name":"(anonymous_10)","line":76,"loc":{"start":{"line":76,"column":26},"end":{"line":76,"column":29}}},"11":{"name":"(anonymous_11)","line":80,"loc":{"start":{"line":80,"column":23},"end":{"line":80,"column":26}}},"12":{"name":"(anonymous_12)","line":87,"loc":{"start":{"line":87,"column":19},"end":{"line":87,"column":22}}},"13":{"name":"(anonymous_13)","line":96,"loc":{"start":{"line":96,"column":22},"end":{"line":96,"column":25}}},"14":{"name":"(anonymous_14)","line":103,"loc":{"start":{"line":103,"column":17},"end":{"line":103,"column":20}}}},"statementMap":{"1":{"start":{"line":3,"column":0},"end":{"line":3,"column":29}},"2":{"start":{"line":4,"column":0},"end":{"line":4,"column":41}},"3":{"start":{"line":6,"column":0},"end":{"line":6,"column":33}},"4":{"start":{"line":7,"column":0},"end":{"line":7,"column":45}},"5":{"start":{"line":11,"column":4},"end":{"line":11,"column":50}},"6":{"start":{"line":12,"column":4},"end":{"line":12,"column":40}},"7":{"start":{"line":16,"column":4},"end":{"line":16,"column":22}},"8":{"start":{"line":18,"column":4},"end":{"line":18,"column":27}},"9":{"start":{"line":19,"column":4},"end":{"line":19,"column":27}},"10":{"start":{"line":21,"column":4},"end":{"line":21,"column":36}},"11":{"start":{"line":22,"column":4},"end":{"line":22,"column":33}},"12":{"start":{"line":23,"column":4},"end":{"line":23,"column":29}},"13":{"start":{"line":24,"column":4},"end":{"line":24,"column":32}},"14":{"start":{"line":25,"column":4},"end":{"line":25,"column":27}},"15":{"start":{"line":29,"column":4},"end":{"line":29,"column":45}},"16":{"start":{"line":33,"column":4},"end":{"line":33,"column":34}},"17":{"start":{"line":37,"column":4},"end":{"line":37,"column":43}},"18":{"start":{"line":39,"column":4},"end":{"line":43,"column":7}},"19":{"start":{"line":47,"column":4},"end":{"line":47,"column":43}},"20":{"start":{"line":49,"column":4},"end":{"line":53,"column":7}},"21":{"start":{"line":57,"column":4},"end":{"line":57,"column":22}},"22":{"start":{"line":59,"column":4},"end":{"line":65,"column":7}},"23":{"start":{"line":60,"column":6},"end":{"line":60,"column":117}},"24":{"start":{"line":60,"column":63},"end":{"line":60,"column":109}},"25":{"start":{"line":62,"column":6},"end":{"line":62,"column":33}},"26":{"start":{"line":64,"column":6},"end":{"line":64,"column":63}},"27":{"start":{"line":69,"column":4},"end":{"line":69,"column":62}},"28":{"start":{"line":73,"column":4},"end":{"line":73,"column":54}},"29":{"start":{"line":77,"column":4},"end":{"line":77,"column":70}},"30":{"start":{"line":81,"column":4},"end":{"line":81,"column":87}},"31":{"start":{"line":82,"column":4},"end":{"line":82,"column":46}},"32":{"start":{"line":84,"column":4},"end":{"line":84,"column":51}},"33":{"start":{"line":88,"column":4},"end":{"line":88,"column":89}},"34":{"start":{"line":90,"column":4},"end":{"line":90,"column":35}},"35":{"start":{"line":92,"column":4},"end":{"line":92,"column":54}},"36":{"start":{"line":97,"column":4},"end":{"line":97,"column":85}},"37":{"start":{"line":98,"column":4},"end":{"line":98,"column":46}},"38":{"start":{"line":100,"column":4},"end":{"line":100,"column":57}},"39":{"start":{"line":104,"column":4},"end":{"line":104,"column":75}},"40":{"start":{"line":105,"column":4},"end":{"line":105,"column":46}},"41":{"start":{"line":107,"column":4},"end":{"line":107,"column":52}},"42":{"start":{"line":111,"column":0},"end":{"line":111,"column":46}},"43":{"start":{"line":113,"column":0},"end":{"line":113,"column":30}},"44":{"start":{"line":114,"column":0},"end":{"line":114,"column":24}}},"branchMap":{"1":{"line":60,"type":"binary-expr","locations":[{"start":{"line":60,"column":63},"end":{"line":60,"column":75}},{"start":{"line":60,"column":79},"end":{"line":60,"column":109}}]}}},"/Users/zhenya/WebstormProjects/questioner/server/helpers/filesHelper.js":{"path":"/Users/zhenya/WebstormProjects/questioner/server/helpers/filesHelper.js","s":{"1":1,"2":1,"3":7,"4":7,"5":19,"6":19,"7":1,"8":18,"9":7,"10":0,"11":0,"12":0,"13":0,"14":0,"15":1},"b":{"1":[1,18],"2":[0,0]},"f":{"1":7,"2":0},"fnMap":{"1":{"name":"(anonymous_1)","line":7,"loc":{"start":{"line":7,"column":21},"end":{"line":7,"column":40}}},"2":{"name":"(anonymous_2)","line":23,"loc":{"start":{"line":23,"column":15},"end":{"line":23,"column":28}}}},"statementMap":{"1":{"start":{"line":3,"column":0},"end":{"line":3,"column":25}},"2":{"start":{"line":4,"column":0},"end":{"line":4,"column":29}},"3":{"start":{"line":8,"column":4},"end":{"line":8,"column":38}},"4":{"start":{"line":10,"column":4},"end":{"line":18,"column":5}},"5":{"start":{"line":11,"column":6},"end":{"line":11,"column":47}},"6":{"start":{"line":13,"column":6},"end":{"line":17,"column":7}},"7":{"start":{"line":14,"column":8},"end":{"line":14,"column":47}},"8":{"start":{"line":16,"column":8},"end":{"line":16,"column":26}},"9":{"start":{"line":20,"column":4},"end":{"line":20,"column":18}},"10":{"start":{"line":24,"column":4},"end":{"line":32,"column":7}},"11":{"start":{"line":25,"column":6},"end":{"line":31,"column":9}},"12":{"start":{"line":26,"column":8},"end":{"line":28,"column":9}},"13":{"start":{"line":27,"column":10},"end":{"line":27,"column":22}},"14":{"start":{"line":30,"column":8},"end":{"line":30,"column":22}},"15":{"start":{"line":36,"column":0},"end":{"line":36,"column":35}}},"branchMap":{"1":{"line":13,"type":"if","locations":[{"start":{"line":13,"column":6},"end":{"line":13,"column":6}},{"start":{"line":13,"column":6},"end":{"line":13,"column":6}}]},"2":{"line":26,"type":"if","locations":[{"start":{"line":26,"column":8},"end":{"line":26,"column":8}},{"start":{"line":26,"column":8},"end":{"line":26,"column":8}}]}}},"/Users/zhenya/WebstormProjects/questioner/server/helpers/mapper.js":{"path":"/Users/zhenya/WebstormProjects/questioner/server/helpers/mapper.js","s":{"1":1,"2":1,"3":1,"4":1,"5":1,"6":1,"7":4,"8":1,"9":1,"10":1,"11":1},"b":{},"f":{"1":1},"fnMap":{"1":{"name":"registerMappings","line":8,"loc":{"start":{"line":8,"column":0},"end":{"line":8,"column":34}}}},"statementMap":{"1":{"start":{"line":3,"column":0},"end":{"line":3,"column":29}},"2":{"start":{"line":5,"column":0},"end":{"line":5,"column":45}},"3":{"start":{"line":6,"column":0},"end":{"line":6,"column":37}},"4":{"start":{"line":8,"column":0},"end":{"line":14,"column":1}},"5":{"start":{"line":9,"column":2},"end":{"line":9,"column":87}},"6":{"start":{"line":11,"column":2},"end":{"line":13,"column":5}},"7":{"start":{"line":12,"column":4},"end":{"line":12,"column":33}},"8":{"start":{"line":16,"column":0},"end":{"line":22,"column":2}},"9":{"start":{"line":17,"column":2},"end":{"line":17,"column":30}},"10":{"start":{"line":19,"column":2},"end":{"line":19,"column":27}},"11":{"start":{"line":21,"column":2},"end":{"line":21,"column":16}}},"branchMap":{}},"/Users/zhenya/WebstormProjects/questioner/server/helpers/logger.js":{"path":"/Users/zhenya/WebstormProjects/questioner/server/helpers/logger.js","s":{"1":1,"2":1,"3":1,"4":1,"5":1,"6":1,"7":1,"8":1,"9":0,"10":0,"11":0,"12":0,"13":0,"14":1,"15":0,"16":1},"b":{"1":[0,1]},"f":{"1":1,"2":1,"3":0,"4":0,"5":0,"6":1},"fnMap":{"1":{"name":"(anonymous_1)","line":7,"loc":{"start":{"line":7,"column":13},"end":{"line":7,"column":16}}},"2":{"name":"(anonymous_2)","line":13,"loc":{"start":{"line":13,"column":12},"end":{"line":13,"column":15}}},"3":{"name":"(anonymous_3)","line":24,"loc":{"start":{"line":24,"column":6},"end":{"line":24,"column":16}}},"4":{"name":"(anonymous_4)","line":29,"loc":{"start":{"line":29,"column":7},"end":{"line":29,"column":17}}},"5":{"name":"(anonymous_5)","line":34,"loc":{"start":{"line":34,"column":7},"end":{"line":34,"column":17}}},"6":{"name":"(anonymous_6)","line":38,"loc":{"start":{"line":38,"column":22},"end":{"line":38,"column":35}}}},"statementMap":{"1":{"start":{"line":3,"column":0},"end":{"line":3,"column":35}},"2":{"start":{"line":4,"column":0},"end":{"line":4,"column":54}},"3":{"start":{"line":8,"column":4},"end":{"line":8,"column":31}},"4":{"start":{"line":10,"column":4},"end":{"line":10,"column":22}},"5":{"start":{"line":14,"column":4},"end":{"line":14,"column":22}},"6":{"start":{"line":15,"column":4},"end":{"line":15,"column":26}},"7":{"start":{"line":17,"column":4},"end":{"line":17,"column":42}},"8":{"start":{"line":19,"column":4},"end":{"line":21,"column":7}},"9":{"start":{"line":25,"column":4},"end":{"line":25,"column":46}},"10":{"start":{"line":26,"column":4},"end":{"line":26,"column":31}},"11":{"start":{"line":30,"column":4},"end":{"line":30,"column":46}},"12":{"start":{"line":31,"column":4},"end":{"line":31,"column":32}},"13":{"start":{"line":35,"column":4},"end":{"line":35,"column":31}},"14":{"start":{"line":39,"column":4},"end":{"line":43,"column":5}},"15":{"start":{"line":40,"column":6},"end":{"line":42,"column":10}},"16":{"start":{"line":47,"column":0},"end":{"line":47,"column":24}}},"branchMap":{"1":{"line":39,"type":"if","locations":[{"start":{"line":39,"column":4},"end":{"line":39,"column":4}},{"start":{"line":39,"column":4},"end":{"line":39,"column":4}}]}}},"/Users/zhenya/WebstormProjects/questioner/server/dataAccess/context.js":{"path":"/Users/zhenya/WebstormProjects/questioner/server/dataAccess/context.js","s":{"1":1,"2":1,"3":1,"4":1,"5":1,"6":1,"7":1,"8":1,"9":2,"10":2,"11":2,"12":1,"13":1,"14":4,"15":3,"16":3,"17":1},"b":{},"f":{"1":1,"2":2,"3":2,"4":1},"fnMap":{"1":{"name":"(anonymous_1)","line":11,"loc":{"start":{"line":11,"column":13},"end":{"line":11,"column":16}}},"2":{"name":"(anonymous_2)","line":20,"loc":{"start":{"line":20,"column":9},"end":{"line":20,"column":12}}},"3":{"name":"(anonymous_3)","line":26,"loc":{"start":{"line":26,"column":12},"end":{"line":26,"column":15}}},"4":{"name":"(anonymous_4)","line":30,"loc":{"start":{"line":30,"column":12},"end":{"line":30,"column":15}}}},"statementMap":{"1":{"start":{"line":3,"column":0},"end":{"line":3,"column":29}},"2":{"start":{"line":5,"column":0},"end":{"line":5,"column":49}},"3":{"start":{"line":6,"column":0},"end":{"line":6,"column":37}},"4":{"start":{"line":8,"column":0},"end":{"line":8,"column":54}},"5":{"start":{"line":12,"column":4},"end":{"line":12,"column":23}},"6":{"start":{"line":13,"column":4},"end":{"line":13,"column":21}},"7":{"start":{"line":15,"column":4},"end":{"line":15,"column":31}},"8":{"start":{"line":17,"column":4},"end":{"line":17,"column":22}},"9":{"start":{"line":21,"column":4},"end":{"line":21,"column":36}},"10":{"start":{"line":23,"column":4},"end":{"line":23,"column":41}},"11":{"start":{"line":27,"column":4},"end":{"line":27,"column":32}},"12":{"start":{"line":31,"column":4},"end":{"line":31,"column":53}},"13":{"start":{"line":33,"column":4},"end":{"line":37,"column":7}},"14":{"start":{"line":33,"column":63},"end":{"line":33,"column":92}},"15":{"start":{"line":34,"column":6},"end":{"line":34,"column":35}},"16":{"start":{"line":36,"column":6},"end":{"line":36,"column":43}},"17":{"start":{"line":41,"column":0},"end":{"line":41,"column":27}}},"branchMap":{}},"/Users/zhenya/WebstormProjects/questioner/server/dataAccess/repositories/question.js":{"path":"/Users/zhenya/WebstormProjects/questioner/server/dataAccess/repositories/question.js","s":{"1":1,"2":1,"3":4,"4":3,"5":1,"6":1,"7":1,"8":1,"9":1,"10":1,"11":1,"12":1,"13":1},"b":{},"f":{"1":1,"2":4,"3":3,"4":1,"5":1,"6":1,"7":1,"8":1,"9":1,"10":1,"11":1},"fnMap":{"1":{"name":"(anonymous_1)","line":6,"loc":{"start":{"line":6,"column":13},"end":{"line":6,"column":29}}},"2":{"name":"(anonymous_2)","line":10,"loc":{"start":{"line":10,"column":8},"end":{"line":10,"column":11}}},"3":{"name":"(anonymous_3)","line":14,"loc":{"start":{"line":14,"column":11},"end":{"line":14,"column":18}}},"4":{"name":"(anonymous_4)","line":24,"loc":{"start":{"line":24,"column":16},"end":{"line":24,"column":19}}},"5":{"name":"(anonymous_5)","line":32,"loc":{"start":{"line":32,"column":11},"end":{"line":32,"column":32}}},"6":{"name":"(anonymous_6)","line":46,"loc":{"start":{"line":46,"column":14},"end":{"line":46,"column":35}}},"7":{"name":"(anonymous_7)","line":58,"loc":{"start":{"line":58,"column":14},"end":{"line":58,"column":37}}},"8":{"name":"(anonymous_8)","line":71,"loc":{"start":{"line":71,"column":16},"end":{"line":71,"column":29}}},"9":{"name":"(anonymous_9)","line":82,"loc":{"start":{"line":82,"column":18},"end":{"line":82,"column":31}}},"10":{"name":"(anonymous_10)","line":93,"loc":{"start":{"line":93,"column":14},"end":{"line":93,"column":37}}},"11":{"name":"(anonymous_11)","line":105,"loc":{"start":{"line":105,"column":16},"end":{"line":105,"column":39}}}},"statementMap":{"1":{"start":{"line":3,"column":0},"end":{"line":3,"column":41}},"2":{"start":{"line":7,"column":4},"end":{"line":7,"column":33}},"3":{"start":{"line":11,"column":4},"end":{"line":11,"column":23}},"4":{"start":{"line":15,"column":4},"end":{"line":21,"column":7}},"5":{"start":{"line":25,"column":4},"end":{"line":29,"column":7}},"6":{"start":{"line":33,"column":4},"end":{"line":42,"column":6}},"7":{"start":{"line":47,"column":4},"end":{"line":55,"column":7}},"8":{"start":{"line":59,"column":4},"end":{"line":68,"column":7}},"9":{"start":{"line":72,"column":4},"end":{"line":79,"column":7}},"10":{"start":{"line":83,"column":4},"end":{"line":90,"column":7}},"11":{"start":{"line":94,"column":4},"end":{"line":102,"column":7}},"12":{"start":{"line":106,"column":4},"end":{"line":114,"column":7}},"13":{"start":{"line":119,"column":0},"end":{"line":119,"column":36}}},"branchMap":{}},"/Users/zhenya/WebstormProjects/questioner/server/dataAccess/repositories/tag.js":{"path":"/Users/zhenya/WebstormProjects/questioner/server/dataAccess/repositories/tag.js","s":{"1":1,"2":1,"3":1},"b":{},"f":{"1":1},"fnMap":{"1":{"name":"(anonymous_1)","line":6,"loc":{"start":{"line":6,"column":13},"end":{"line":6,"column":29}}}},"statementMap":{"1":{"start":{"line":3,"column":0},"end":{"line":3,"column":41}},"2":{"start":{"line":7,"column":4},"end":{"line":7,"column":28}},"3":{"start":{"line":11,"column":0},"end":{"line":11,"column":31}}},"branchMap":{}},"/Users/zhenya/WebstormProjects/questioner/server/dataAccess/repositories/user.js":{"path":"/Users/zhenya/WebstormProjects/questioner/server/dataAccess/repositories/user.js","s":{"1":1,"2":0,"3":1},"b":{},"f":{"1":0},"fnMap":{"1":{"name":"(anonymous_1)","line":6,"loc":{"start":{"line":6,"column":13},"end":{"line":6,"column":29}}}},"statementMap":{"1":{"start":{"line":3,"column":0},"end":{"line":3,"column":41}},"2":{"start":{"line":7,"column":4},"end":{"line":7,"column":29}},"3":{"start":{"line":11,"column":0},"end":{"line":11,"column":32}}},"branchMap":{}},"/Users/zhenya/WebstormProjects/questioner/server/businessLogic/services/question.js":{"path":"/Users/zhenya/WebstormProjects/questioner/server/businessLogic/services/question.js","s":{"1":0,"2":1},"b":{},"f":{"1":0},"fnMap":{"1":{"name":"(anonymous_1)","line":4,"loc":{"start":{"line":4,"column":13},"end":{"line":4,"column":16}}}},"statementMap":{"1":{"start":{"line":5,"column":4},"end":{"line":5,"column":23}},"2":{"start":{"line":10,"column":0},"end":{"line":10,"column":33}}},"branchMap":{}},"/Users/zhenya/WebstormProjects/questioner/server/businessLogic/services/user.js":{"path":"/Users/zhenya/WebstormProjects/questioner/server/businessLogic/services/user.js","s":{"1":0,"2":1},"b":{},"f":{"1":0},"fnMap":{"1":{"name":"(anonymous_1)","line":4,"loc":{"start":{"line":4,"column":13},"end":{"line":4,"column":16}}}},"statementMap":{"1":{"start":{"line":5,"column":4},"end":{"line":5,"column":23}},"2":{"start":{"line":9,"column":0},"end":{"line":9,"column":29}}},"branchMap":{}},"/Users/zhenya/WebstormProjects/questioner/server/web/controllers/question.js":{"path":"/Users/zhenya/WebstormProjects/questioner/server/web/controllers/question.js","s":{"1":0,"2":1},"b":{},"f":{"1":0,"2":0,"3":0,"4":0,"5":0,"6":0,"7":0,"8":0,"9":0,"10":0,"11":0,"12":0,"13":0},"fnMap":{"1":{"name":"(anonymous_1)","line":7,"loc":{"start":{"line":7,"column":13},"end":{"line":7,"column":35}}},"2":{"name":"(anonymous_2)","line":11,"loc":{"start":{"line":11,"column":14},"end":{"line":11,"column":17}}},"3":{"name":"(anonymous_3)","line":15,"loc":{"start":{"line":15,"column":16},"end":{"line":15,"column":19}}},"4":{"name":"(anonymous_4)","line":19,"loc":{"start":{"line":19,"column":16},"end":{"line":19,"column":19}}},"5":{"name":"(anonymous_5)","line":23,"loc":{"start":{"line":23,"column":16},"end":{"line":23,"column":19}}},"6":{"name":"(anonymous_6)","line":27,"loc":{"start":{"line":27,"column":14},"end":{"line":27,"column":17}}},"7":{"name":"(anonymous_7)","line":31,"loc":{"start":{"line":31,"column":14},"end":{"line":31,"column":17}}},"8":{"name":"(anonymous_8)","line":35,"loc":{"start":{"line":35,"column":14},"end":{"line":35,"column":17}}},"9":{"name":"(anonymous_9)","line":39,"loc":{"start":{"line":39,"column":14},"end":{"line":39,"column":17}}},"10":{"name":"(anonymous_10)","line":43,"loc":{"start":{"line":43,"column":12},"end":{"line":43,"column":15}}},"11":{"name":"(anonymous_11)","line":46,"loc":{"start":{"line":46,"column":11},"end":{"line":46,"column":14}}},"12":{"name":"(anonymous_12)","line":50,"loc":{"start":{"line":50,"column":11},"end":{"line":50,"column":14}}},"13":{"name":"(anonymous_13)","line":54,"loc":{"start":{"line":54,"column":11},"end":{"line":54,"column":14}}}},"statementMap":{"1":{"start":{"line":8,"column":4},"end":{"line":8,"column":43}},"2":{"start":{"line":59,"column":0},"end":{"line":59,"column":36}}},"branchMap":{}},"/Users/zhenya/WebstormProjects/questioner/server/web/routes/question.js":{"path":"/Users/zhenya/WebstormProjects/questioner/server/web/routes/question.js","s":{"1":1,"2":1,"3":0,"4":0,"5":0,"6":0,"7":0,"8":0,"9":0,"10":0,"11":0,"12":0,"13":0,"14":0,"15":0,"16":0,"17":0,"18":1},"b":{},"f":{"1":0,"2":0,"3":0},"fnMap":{"1":{"name":"(anonymous_1)","line":8,"loc":{"start":{"line":8,"column":13},"end":{"line":8,"column":38}}},"2":{"name":"(anonymous_2)","line":12,"loc":{"start":{"line":12,"column":5},"end":{"line":12,"column":14}}},"3":{"name":"(anonymous_3)","line":31,"loc":{"start":{"line":31,"column":12},"end":{"line":31,"column":15}}}},"statementMap":{"1":{"start":{"line":3,"column":0},"end":{"line":3,"column":36}},"2":{"start":{"line":5,"column":0},"end":{"line":5,"column":16}},"3":{"start":{"line":9,"column":4},"end":{"line":9,"column":30}},"4":{"start":{"line":13,"column":4},"end":{"line":13,"column":22}},"5":{"start":{"line":17,"column":4},"end":{"line":17,"column":73}},"6":{"start":{"line":18,"column":4},"end":{"line":18,"column":75}},"7":{"start":{"line":19,"column":4},"end":{"line":19,"column":71}},"8":{"start":{"line":20,"column":4},"end":{"line":20,"column":74}},"9":{"start":{"line":21,"column":4},"end":{"line":21,"column":70}},"10":{"start":{"line":22,"column":4},"end":{"line":22,"column":77}},"11":{"start":{"line":23,"column":4},"end":{"line":23,"column":73}},"12":{"start":{"line":24,"column":4},"end":{"line":24,"column":88}},"13":{"start":{"line":25,"column":4},"end":{"line":25,"column":84}},"14":{"start":{"line":26,"column":4},"end":{"line":26,"column":65}},"15":{"start":{"line":27,"column":4},"end":{"line":27,"column":64}},"16":{"start":{"line":28,"column":4},"end":{"line":28,"column":67}},"17":{"start":{"line":32,"column":4},"end":{"line":32,"column":15}},"18":{"start":{"line":37,"column":0},"end":{"line":37,"column":31}}},"branchMap":{}},"/Users/zhenya/WebstormProjects/questioner/server/web/routes/base.js":{"path":"/Users/zhenya/WebstormProjects/questioner/server/web/routes/base.js","s":{"1":1,"2":1,"3":1,"4":0,"5":0,"6":0,"7":0,"8":0,"9":0,"10":0,"11":0,"12":0,"13":0,"14":0,"15":0,"16":0,"17":1},"b":{"1":[0,0]},"f":{"1":0,"2":0,"3":0,"4":0},"fnMap":{"1":{"name":"(anonymous_1)","line":9,"loc":{"start":{"line":9,"column":13},"end":{"line":9,"column":26}}},"2":{"name":"(anonymous_2)","line":14,"loc":{"start":{"line":14,"column":7},"end":{"line":14,"column":10}}},"3":{"name":"(anonymous_3)","line":24,"loc":{"start":{"line":24,"column":15},"end":{"line":24,"column":24}}},"4":{"name":"(anonymous_4)","line":28,"loc":{"start":{"line":28,"column":17},"end":{"line":28,"column":46}}}},"statementMap":{"1":{"start":{"line":3,"column":0},"end":{"line":3,"column":37}},"2":{"start":{"line":5,"column":0},"end":{"line":5,"column":51}},"3":{"start":{"line":6,"column":0},"end":{"line":6,"column":68}},"4":{"start":{"line":10,"column":4},"end":{"line":10,"column":33}},"5":{"start":{"line":11,"column":4},"end":{"line":11,"column":31}},"6":{"start":{"line":15,"column":4},"end":{"line":15,"column":22}},"7":{"start":{"line":16,"column":4},"end":{"line":16,"column":32}},"8":{"start":{"line":18,"column":4},"end":{"line":18,"column":21}},"9":{"start":{"line":19,"column":4},"end":{"line":19,"column":31}},"10":{"start":{"line":21,"column":4},"end":{"line":21,"column":75}},"11":{"start":{"line":25,"column":4},"end":{"line":25,"column":18}},"12":{"start":{"line":29,"column":4},"end":{"line":29,"column":32}},"13":{"start":{"line":30,"column":4},"end":{"line":30,"column":60}},"14":{"start":{"line":32,"column":4},"end":{"line":36,"column":5}},"15":{"start":{"line":33,"column":6},"end":{"line":33,"column":36}},"16":{"start":{"line":35,"column":6},"end":{"line":35,"column":21}},"17":{"start":{"line":40,"column":0},"end":{"line":40,"column":27}}},"branchMap":{"1":{"line":32,"type":"if","locations":[{"start":{"line":32,"column":4},"end":{"line":32,"column":4}},{"start":{"line":32,"column":4},"end":{"line":32,"column":4}}]}}},"/Users/zhenya/WebstormProjects/questioner/server/businessLogic/models/errorDTO.js":{"path":"/Users/zhenya/WebstormProjects/questioner/server/businessLogic/models/errorDTO.js","s":{"1":1,"2":1,"3":1,"4":1},"b":{},"f":{"1":1},"fnMap":{"1":{"name":"(anonymous_1)","line":4,"loc":{"start":{"line":4,"column":13},"end":{"line":4,"column":16}}}},"statementMap":{"1":{"start":{"line":5,"column":4},"end":{"line":5,"column":38}},"2":{"start":{"line":6,"column":4},"end":{"line":6,"column":34}},"3":{"start":{"line":7,"column":4},"end":{"line":7,"column":28}},"4":{"start":{"line":11,"column":0},"end":{"line":11,"column":29}}},"branchMap":{}},"/Users/zhenya/WebstormProjects/questioner/server/constants/index.js":{"path":"/Users/zhenya/WebstormProjects/questioner/server/constants/index.js","s":{"1":1},"b":{},"f":{},"fnMap":{},"statementMap":{"1":{"start":{"line":3,"column":0},"end":{"line":5,"column":2}}},"branchMap":{}},"/Users/zhenya/WebstormProjects/questioner/server/constants/statusCodes.js":{"path":"/Users/zhenya/WebstormProjects/questioner/server/constants/statusCodes.js","s":{"1":1},"b":{},"f":{},"fnMap":{},"statementMap":{"1":{"start":{"line":3,"column":0},"end":{"line":10,"column":2}}},"branchMap":{}},"/Users/zhenya/WebstormProjects/questioner/server/middlewares/validation/validator.js":{"path":"/Users/zhenya/WebstormProjects/questioner/server/middlewares/validation/validator.js","s":{"1":1,"2":1,"3":1,"4":0,"5":0,"6":0,"7":0,"8":0,"9":0,"10":0,"11":0},"b":{"1":[0,0],"2":[0,0]},"f":{},"fnMap":{},"statementMap":{"1":{"start":{"line":3,"column":0},"end":{"line":3,"column":78}},"2":{"start":{"line":4,"column":0},"end":{"line":4,"column":68}},"3":{"start":{"line":6,"column":0},"end":{"line":25,"column":2}},"4":{"start":{"line":7,"column":2},"end":{"line":7,"column":32}},"5":{"start":{"line":9,"column":2},"end":{"line":24,"column":4}},"6":{"start":{"line":10,"column":4},"end":{"line":10,"column":36}},"7":{"start":{"line":12,"column":4},"end":{"line":12,"column":38}},"8":{"start":{"line":14,"column":4},"end":{"line":23,"column":5}},"9":{"start":{"line":15,"column":6},"end":{"line":15,"column":43}},"10":{"start":{"line":17,"column":6},"end":{"line":20,"column":10}},"11":{"start":{"line":22,"column":6},"end":{"line":22,"column":20}}},"branchMap":{"1":{"line":7,"type":"binary-expr","locations":[{"start":{"line":7,"column":14},"end":{"line":7,"column":23}},{"start":{"line":7,"column":27},"end":{"line":7,"column":31}}]},"2":{"line":14,"type":"if","locations":[{"start":{"line":14,"column":4},"end":{"line":14,"column":4}},{"start":{"line":14,"column":4},"end":{"line":14,"column":4}}]}}},"/Users/zhenya/WebstormProjects/questioner/server/businessLogic/mappings/error.js":{"path":"/Users/zhenya/WebstormProjects/questioner/server/businessLogic/mappings/error.js","s":{"1":1,"2":1,"3":1},"b":{},"f":{},"fnMap":{},"statementMap":{"1":{"start":{"line":3,"column":0},"end":{"line":3,"column":50}},"2":{"start":{"line":5,"column":0},"end":{"line":7,"column":2}},"3":{"start":{"line":6,"column":2},"end":{"line":6,"column":83}}},"branchMap":{}},"/Users/zhenya/WebstormProjects/questioner/server/businessLogic/mappings/general/answer.js":{"path":"/Users/zhenya/WebstormProjects/questioner/server/businessLogic/mappings/general/answer.js","s":{"1":1,"2":1,"3":1,"4":1,"5":0},"b":{},"f":{},"fnMap":{},"statementMap":{"1":{"start":{"line":3,"column":0},"end":{"line":3,"column":60}},"2":{"start":{"line":5,"column":0},"end":{"line":17,"column":2}},"3":{"start":{"line":6,"column":2},"end":{"line":16,"column":5}},"4":{"start":{"line":7,"column":4},"end":{"line":15,"column":7}},"5":{"start":{"line":8,"column":6},"end":{"line":14,"column":8}}},"branchMap":{}},"/Users/zhenya/WebstormProjects/questioner/server/businessLogic/models/general/answerDTO.js":{"path":"/Users/zhenya/WebstormProjects/questioner/server/businessLogic/models/general/answerDTO.js","s":{"1":1,"2":1,"3":1,"4":1,"5":1,"6":1},"b":{},"f":{"1":1},"fnMap":{"1":{"name":"(anonymous_1)","line":4,"loc":{"start":{"line":4,"column":13},"end":{"line":4,"column":16}}}},"statementMap":{"1":{"start":{"line":5,"column":4},"end":{"line":5,"column":28}},"2":{"start":{"line":6,"column":4},"end":{"line":6,"column":28}},"3":{"start":{"line":7,"column":4},"end":{"line":7,"column":26}},"4":{"start":{"line":8,"column":4},"end":{"line":8,"column":36}},"5":{"start":{"line":9,"column":4},"end":{"line":9,"column":34}},"6":{"start":{"line":13,"column":0},"end":{"line":13,"column":27}}},"branchMap":{}},"/Users/zhenya/WebstormProjects/questioner/server/businessLogic/mappings/general/question.js":{"path":"/Users/zhenya/WebstormProjects/questioner/server/businessLogic/mappings/general/question.js","s":{"1":1,"2":1,"3":1,"4":1,"5":0},"b":{},"f":{},"fnMap":{},"statementMap":{"1":{"start":{"line":3,"column":0},"end":{"line":3,"column":64}},"2":{"start":{"line":5,"column":0},"end":{"line":21,"column":2}},"3":{"start":{"line":6,"column":2},"end":{"line":20,"column":5}},"4":{"start":{"line":7,"column":4},"end":{"line":19,"column":7}},"5":{"start":{"line":8,"column":6},"end":{"line":18,"column":8}}},"branchMap":{}},"/Users/zhenya/WebstormProjects/questioner/server/businessLogic/models/general/questionDTO.js":{"path":"/Users/zhenya/WebstormProjects/questioner/server/businessLogic/models/general/questionDTO.js","s":{"1":1,"2":1,"3":1,"4":1,"5":1,"6":1,"7":1,"8":1,"9":1,"10":1},"b":{},"f":{"1":1},"fnMap":{"1":{"name":"(anonymous_1)","line":4,"loc":{"start":{"line":4,"column":13},"end":{"line":4,"column":16}}}},"statementMap":{"1":{"start":{"line":5,"column":4},"end":{"line":5,"column":28}},"2":{"start":{"line":6,"column":4},"end":{"line":6,"column":28}},"3":{"start":{"line":7,"column":4},"end":{"line":7,"column":27}},"4":{"start":{"line":8,"column":4},"end":{"line":8,"column":32}},"5":{"start":{"line":9,"column":4},"end":{"line":9,"column":26}},"6":{"start":{"line":10,"column":4},"end":{"line":10,"column":36}},"7":{"start":{"line":11,"column":4},"end":{"line":11,"column":34}},"8":{"start":{"line":12,"column":4},"end":{"line":12,"column":33}},"9":{"start":{"line":13,"column":4},"end":{"line":13,"column":29}},"10":{"start":{"line":17,"column":0},"end":{"line":17,"column":29}}},"branchMap":{}},"/Users/zhenya/WebstormProjects/questioner/server/businessLogic/mappings/general/user.js":{"path":"/Users/zhenya/WebstormProjects/questioner/server/businessLogic/mappings/general/user.js","s":{"1":1,"2":1},"b":{},"f":{},"fnMap":{},"statementMap":{"1":{"start":{"line":3,"column":0},"end":{"line":5,"column":2}},"2":{"start":{"line":4,"column":2},"end":{"line":4,"column":80}}},"branchMap":{}},"/Users/zhenya/WebstormProjects/questioner/server/web/routes/user.js":{"path":"/Users/zhenya/WebstormProjects/questioner/server/web/routes/user.js","s":{"1":1,"2":1,"3":0,"4":0,"5":0,"6":0,"7":0,"8":0,"9":1},"b":{},"f":{"1":0,"2":0,"3":0},"fnMap":{"1":{"name":"(anonymous_1)","line":8,"loc":{"start":{"line":8,"column":13},"end":{"line":8,"column":38}}},"2":{"name":"(anonymous_2)","line":12,"loc":{"start":{"line":12,"column":5},"end":{"line":12,"column":14}}},"3":{"name":"(anonymous_3)","line":21,"loc":{"start":{"line":21,"column":12},"end":{"line":21,"column":15}}}},"statementMap":{"1":{"start":{"line":3,"column":0},"end":{"line":3,"column":36}},"2":{"start":{"line":5,"column":0},"end":{"line":5,"column":16}},"3":{"start":{"line":9,"column":4},"end":{"line":9,"column":30}},"4":{"start":{"line":13,"column":4},"end":{"line":13,"column":22}},"5":{"start":{"line":16,"column":4},"end":{"line":16,"column":63}},"6":{"start":{"line":17,"column":4},"end":{"line":17,"column":57}},"7":{"start":{"line":18,"column":4},"end":{"line":18,"column":65}},"8":{"start":{"line":22,"column":4},"end":{"line":22,"column":15}},"9":{"start":{"line":27,"column":0},"end":{"line":27,"column":27}}},"branchMap":{}},"/Users/zhenya/WebstormProjects/questioner/server/dataAccess/models/question.js":{"path":"/Users/zhenya/WebstormProjects/questioner/server/dataAccess/models/question.js","s":{"1":1,"2":1},"b":{},"f":{},"fnMap":{},"statementMap":{"1":{"start":{"line":3,"column":0},"end":{"line":3,"column":35}},"2":{"start":{"line":5,"column":0},"end":{"line":5,"column":67}}},"branchMap":{}},"/Users/zhenya/WebstormProjects/questioner/server/dataAccess/models/factory.js":{"path":"/Users/zhenya/WebstormProjects/questioner/server/dataAccess/models/factory.js","s":{"1":1,"2":1,"3":3},"b":{},"f":{},"fnMap":{},"statementMap":{"1":{"start":{"line":3,"column":0},"end":{"line":3,"column":37}},"2":{"start":{"line":5,"column":0},"end":{"line":7,"column":2}},"3":{"start":{"line":6,"column":2},"end":{"line":6,"column":52}}},"branchMap":{}},"/Users/zhenya/WebstormProjects/questioner/server/dataAccess/schemas/question.js":{"path":"/Users/zhenya/WebstormProjects/questioner/server/dataAccess/schemas/question.js","s":{"1":1,"2":1,"3":1,"4":1},"b":{},"f":{"1":1},"fnMap":{"1":{"name":"(anonymous_1)","line":6,"loc":{"start":{"line":6,"column":5},"end":{"line":6,"column":8}}}},"statementMap":{"1":{"start":{"line":3,"column":0},"end":{"line":3,"column":37}},"2":{"start":{"line":7,"column":4},"end":{"line":7,"column":70}},"3":{"start":{"line":9,"column":4},"end":{"line":34,"column":7}},"4":{"start":{"line":38,"column":0},"end":{"line":38,"column":32}}},"branchMap":{}},"/Users/zhenya/WebstormProjects/questioner/server/dataAccess/schemas/base.js":{"path":"/Users/zhenya/WebstormProjects/questioner/server/dataAccess/schemas/base.js","s":{"1":1,"2":3,"3":16,"4":3,"5":1,"6":14,"7":0,"8":1},"b":{},"f":{"1":3,"2":16,"3":3,"4":1,"5":14,"6":0},"fnMap":{"1":{"name":"(anonymous_1)","line":6,"loc":{"start":{"line":6,"column":13},"end":{"line":6,"column":16}}},"2":{"name":"(anonymous_2)","line":10,"loc":{"start":{"line":10,"column":8},"end":{"line":10,"column":15}}},"3":{"name":"(anonymous_3)","line":16,"loc":{"start":{"line":16,"column":11},"end":{"line":16,"column":17}}},"4":{"name":"(anonymous_4)","line":23,"loc":{"start":{"line":23,"column":13},"end":{"line":23,"column":39}}},"5":{"name":"(anonymous_5)","line":29,"loc":{"start":{"line":29,"column":10},"end":{"line":29,"column":29}}},"6":{"name":"(anonymous_6)","line":35,"loc":{"start":{"line":35,"column":10},"end":{"line":35,"column":35}}}},"statementMap":{"1":{"start":{"line":3,"column":0},"end":{"line":3,"column":37}},"2":{"start":{"line":7,"column":4},"end":{"line":7,"column":34}},"3":{"start":{"line":11,"column":4},"end":{"line":13,"column":6}},"4":{"start":{"line":17,"column":4},"end":{"line":20,"column":7}},"5":{"start":{"line":24,"column":4},"end":{"line":26,"column":7}},"6":{"start":{"line":30,"column":4},"end":{"line":32,"column":7}},"7":{"start":{"line":36,"column":4},"end":{"line":38,"column":7}},"8":{"start":{"line":42,"column":0},"end":{"line":42,"column":28}}},"branchMap":{}},"/Users/zhenya/WebstormProjects/questioner/server/dataAccess/models/tag.js":{"path":"/Users/zhenya/WebstormProjects/questioner/server/dataAccess/models/tag.js","s":{"1":1,"2":1},"b":{},"f":{},"fnMap":{},"statementMap":{"1":{"start":{"line":3,"column":0},"end":{"line":3,"column":35}},"2":{"start":{"line":5,"column":0},"end":{"line":5,"column":57}}},"branchMap":{}},"/Users/zhenya/WebstormProjects/questioner/server/dataAccess/schemas/tag.js":{"path":"/Users/zhenya/WebstormProjects/questioner/server/dataAccess/schemas/tag.js","s":{"1":1,"2":1,"3":1,"4":1},"b":{},"f":{"1":1},"fnMap":{"1":{"name":"(anonymous_1)","line":6,"loc":{"start":{"line":6,"column":5},"end":{"line":6,"column":8}}}},"statementMap":{"1":{"start":{"line":3,"column":0},"end":{"line":3,"column":37}},"2":{"start":{"line":7,"column":4},"end":{"line":7,"column":36}},"3":{"start":{"line":9,"column":4},"end":{"line":11,"column":7}},"4":{"start":{"line":15,"column":0},"end":{"line":15,"column":27}}},"branchMap":{}},"/Users/zhenya/WebstormProjects/questioner/server/dataAccess/models/user.js":{"path":"/Users/zhenya/WebstormProjects/questioner/server/dataAccess/models/user.js","s":{"1":1,"2":1},"b":{},"f":{},"fnMap":{},"statementMap":{"1":{"start":{"line":3,"column":0},"end":{"line":3,"column":35}},"2":{"start":{"line":5,"column":0},"end":{"line":5,"column":59}}},"branchMap":{}},"/Users/zhenya/WebstormProjects/questioner/server/dataAccess/schemas/user.js":{"path":"/Users/zhenya/WebstormProjects/questioner/server/dataAccess/schemas/user.js","s":{"1":1,"2":1,"3":1,"4":1},"b":{},"f":{"1":1},"fnMap":{"1":{"name":"(anonymous_1)","line":6,"loc":{"start":{"line":6,"column":5},"end":{"line":6,"column":8}}}},"statementMap":{"1":{"start":{"line":3,"column":0},"end":{"line":3,"column":37}},"2":{"start":{"line":7,"column":4},"end":{"line":7,"column":46}},"3":{"start":{"line":9,"column":4},"end":{"line":14,"column":7}},"4":{"start":{"line":18,"column":0},"end":{"line":18,"column":28}}},"branchMap":{}}}