{"/Users/zhenya/WebstormProjects/questioner/server/helpers/iocContainer.js":{"path":"/Users/zhenya/WebstormProjects/questioner/server/helpers/iocContainer.js","s":{"1":1,"2":1,"3":1,"4":1,"5":1,"6":1,"7":1,"8":1,"9":1,"10":1,"11":1,"12":1,"13":1,"14":1,"15":0,"16":7,"17":14,"18":14,"19":1,"20":1,"21":4,"22":4,"23":14,"24":25,"25":12,"26":12,"27":1,"28":1,"29":1,"30":1,"31":1,"32":1,"33":1,"34":1,"35":1,"36":1,"37":1,"38":1,"39":1,"40":1,"41":1,"42":1,"43":1,"44":1},"b":{"1":[25,23]},"f":{"1":1,"2":1,"3":0,"4":7,"5":14,"6":1,"7":4,"8":1,"9":1,"10":1,"11":1,"12":1,"13":1,"14":1},"fnMap":{"1":{"name":"(anonymous_1)","line":10,"loc":{"start":{"line":10,"column":13},"end":{"line":10,"column":25}}},"2":{"name":"(anonymous_2)","line":15,"loc":{"start":{"line":15,"column":10},"end":{"line":15,"column":13}}},"3":{"name":"(anonymous_3)","line":28,"loc":{"start":{"line":28,"column":9},"end":{"line":28,"column":20}}},"4":{"name":"(anonymous_4)","line":32,"loc":{"start":{"line":32,"column":20},"end":{"line":32,"column":23}}},"5":{"name":"(anonymous_5)","line":36,"loc":{"start":{"line":36,"column":15},"end":{"line":36,"column":40}}},"6":{"name":"(anonymous_6)","line":46,"loc":{"start":{"line":46,"column":23},"end":{"line":46,"column":48}}},"7":{"name":"(anonymous_7)","line":56,"loc":{"start":{"line":56,"column":17},"end":{"line":56,"column":53}}},"8":{"name":"(anonymous_8)","line":68,"loc":{"start":{"line":68,"column":17},"end":{"line":68,"column":20}}},"9":{"name":"(anonymous_9)","line":72,"loc":{"start":{"line":72,"column":17},"end":{"line":72,"column":20}}},"10":{"name":"(anonymous_10)","line":76,"loc":{"start":{"line":76,"column":26},"end":{"line":76,"column":29}}},"11":{"name":"(anonymous_11)","line":80,"loc":{"start":{"line":80,"column":23},"end":{"line":80,"column":26}}},"12":{"name":"(anonymous_12)","line":87,"loc":{"start":{"line":87,"column":19},"end":{"line":87,"column":22}}},"13":{"name":"(anonymous_13)","line":94,"loc":{"start":{"line":94,"column":22},"end":{"line":94,"column":25}}},"14":{"name":"(anonymous_14)","line":101,"loc":{"start":{"line":101,"column":17},"end":{"line":101,"column":20}}}},"statementMap":{"1":{"start":{"line":3,"column":0},"end":{"line":3,"column":29}},"2":{"start":{"line":4,"column":0},"end":{"line":4,"column":41}},"3":{"start":{"line":6,"column":0},"end":{"line":6,"column":33}},"4":{"start":{"line":7,"column":0},"end":{"line":7,"column":45}},"5":{"start":{"line":11,"column":4},"end":{"line":11,"column":50}},"6":{"start":{"line":12,"column":4},"end":{"line":12,"column":40}},"7":{"start":{"line":16,"column":4},"end":{"line":16,"column":22}},"8":{"start":{"line":18,"column":4},"end":{"line":18,"column":27}},"9":{"start":{"line":19,"column":4},"end":{"line":19,"column":27}},"10":{"start":{"line":21,"column":4},"end":{"line":21,"column":36}},"11":{"start":{"line":22,"column":4},"end":{"line":22,"column":33}},"12":{"start":{"line":23,"column":4},"end":{"line":23,"column":29}},"13":{"start":{"line":24,"column":4},"end":{"line":24,"column":32}},"14":{"start":{"line":25,"column":4},"end":{"line":25,"column":27}},"15":{"start":{"line":29,"column":4},"end":{"line":29,"column":45}},"16":{"start":{"line":33,"column":4},"end":{"line":33,"column":34}},"17":{"start":{"line":37,"column":4},"end":{"line":37,"column":43}},"18":{"start":{"line":39,"column":4},"end":{"line":43,"column":7}},"19":{"start":{"line":47,"column":4},"end":{"line":47,"column":43}},"20":{"start":{"line":49,"column":4},"end":{"line":53,"column":7}},"21":{"start":{"line":57,"column":4},"end":{"line":57,"column":22}},"22":{"start":{"line":59,"column":4},"end":{"line":65,"column":7}},"23":{"start":{"line":60,"column":6},"end":{"line":60,"column":117}},"24":{"start":{"line":60,"column":63},"end":{"line":60,"column":109}},"25":{"start":{"line":62,"column":6},"end":{"line":62,"column":33}},"26":{"start":{"line":64,"column":6},"end":{"line":64,"column":63}},"27":{"start":{"line":69,"column":4},"end":{"line":69,"column":62}},"28":{"start":{"line":73,"column":4},"end":{"line":73,"column":54}},"29":{"start":{"line":77,"column":4},"end":{"line":77,"column":70}},"30":{"start":{"line":81,"column":4},"end":{"line":81,"column":87}},"31":{"start":{"line":82,"column":4},"end":{"line":82,"column":46}},"32":{"start":{"line":84,"column":4},"end":{"line":84,"column":51}},"33":{"start":{"line":88,"column":4},"end":{"line":88,"column":89}},"34":{"start":{"line":89,"column":4},"end":{"line":89,"column":35}},"35":{"start":{"line":91,"column":4},"end":{"line":91,"column":54}},"36":{"start":{"line":95,"column":4},"end":{"line":95,"column":85}},"37":{"start":{"line":96,"column":4},"end":{"line":96,"column":46}},"38":{"start":{"line":98,"column":4},"end":{"line":98,"column":57}},"39":{"start":{"line":102,"column":4},"end":{"line":102,"column":75}},"40":{"start":{"line":103,"column":4},"end":{"line":103,"column":46}},"41":{"start":{"line":105,"column":4},"end":{"line":105,"column":52}},"42":{"start":{"line":109,"column":0},"end":{"line":109,"column":46}},"43":{"start":{"line":111,"column":0},"end":{"line":111,"column":30}},"44":{"start":{"line":112,"column":0},"end":{"line":112,"column":24}}},"branchMap":{"1":{"line":60,"type":"binary-expr","locations":[{"start":{"line":60,"column":63},"end":{"line":60,"column":75}},{"start":{"line":60,"column":79},"end":{"line":60,"column":109}}]}}},"/Users/zhenya/WebstormProjects/questioner/server/helpers/filesHelper.js":{"path":"/Users/zhenya/WebstormProjects/questioner/server/helpers/filesHelper.js","s":{"1":1,"2":1,"3":5,"4":5,"5":18,"6":18,"7":0,"8":18,"9":5,"10":0,"11":0,"12":0,"13":0,"14":0,"15":1},"b":{"1":[0,18],"2":[0,0]},"f":{"1":5,"2":0},"fnMap":{"1":{"name":"(anonymous_1)","line":7,"loc":{"start":{"line":7,"column":21},"end":{"line":7,"column":40}}},"2":{"name":"(anonymous_2)","line":23,"loc":{"start":{"line":23,"column":15},"end":{"line":23,"column":28}}}},"statementMap":{"1":{"start":{"line":3,"column":0},"end":{"line":3,"column":25}},"2":{"start":{"line":4,"column":0},"end":{"line":4,"column":29}},"3":{"start":{"line":8,"column":4},"end":{"line":8,"column":38}},"4":{"start":{"line":10,"column":4},"end":{"line":18,"column":5}},"5":{"start":{"line":11,"column":6},"end":{"line":11,"column":47}},"6":{"start":{"line":13,"column":6},"end":{"line":17,"column":7}},"7":{"start":{"line":14,"column":8},"end":{"line":14,"column":47}},"8":{"start":{"line":16,"column":8},"end":{"line":16,"column":26}},"9":{"start":{"line":20,"column":4},"end":{"line":20,"column":18}},"10":{"start":{"line":24,"column":4},"end":{"line":32,"column":7}},"11":{"start":{"line":25,"column":6},"end":{"line":31,"column":9}},"12":{"start":{"line":26,"column":8},"end":{"line":28,"column":9}},"13":{"start":{"line":27,"column":10},"end":{"line":27,"column":22}},"14":{"start":{"line":30,"column":8},"end":{"line":30,"column":22}},"15":{"start":{"line":36,"column":0},"end":{"line":36,"column":35}}},"branchMap":{"1":{"line":13,"type":"if","locations":[{"start":{"line":13,"column":6},"end":{"line":13,"column":6}},{"start":{"line":13,"column":6},"end":{"line":13,"column":6}}]},"2":{"line":26,"type":"if","locations":[{"start":{"line":26,"column":8},"end":{"line":26,"column":8}},{"start":{"line":26,"column":8},"end":{"line":26,"column":8}}]}}},"/Users/zhenya/WebstormProjects/questioner/server/helpers/mapper.js":{"path":"/Users/zhenya/WebstormProjects/questioner/server/helpers/mapper.js","s":{"1":1,"2":1,"3":1,"4":1,"5":6},"b":{},"f":{},"fnMap":{},"statementMap":{"1":{"start":{"line":3,"column":0},"end":{"line":3,"column":40}},"2":{"start":{"line":4,"column":0},"end":{"line":4,"column":64}},"3":{"start":{"line":6,"column":0},"end":{"line":8,"column":2}},"4":{"start":{"line":7,"column":2},"end":{"line":7,"column":63}},"5":{"start":{"line":7,"column":27},"end":{"line":7,"column":62}}},"branchMap":{}},"/Users/zhenya/WebstormProjects/questioner/server/businessLogic/mappings/maps.js":{"path":"/Users/zhenya/WebstormProjects/questioner/server/businessLogic/mappings/maps.js","s":{"1":1,"2":1,"3":1},"b":{},"f":{},"fnMap":{},"statementMap":{"1":{"start":{"line":3,"column":0},"end":{"line":3,"column":47}},"2":{"start":{"line":4,"column":0},"end":{"line":4,"column":43}},"3":{"start":{"line":6,"column":0},"end":{"line":11,"column":2}}},"branchMap":{}},"/Users/zhenya/WebstormProjects/questioner/server/businessLogic/mappings/general/question.js":{"path":"/Users/zhenya/WebstormProjects/questioner/server/businessLogic/mappings/general/question.js","s":{"1":1,"2":1,"3":1},"b":{},"f":{},"fnMap":{},"statementMap":{"1":{"start":{"line":3,"column":0},"end":{"line":12,"column":2}},"2":{"start":{"line":14,"column":0},"end":{"line":24,"column":2}},"3":{"start":{"line":26,"column":0},"end":{"line":29,"column":2}}},"branchMap":{}},"/Users/zhenya/WebstormProjects/questioner/server/businessLogic/mappings/general/answer.js":{"path":"/Users/zhenya/WebstormProjects/questioner/server/businessLogic/mappings/general/answer.js","s":{"1":1,"2":1,"3":1},"b":{},"f":{},"fnMap":{},"statementMap":{"1":{"start":{"line":3,"column":0},"end":{"line":10,"column":2}},"2":{"start":{"line":12,"column":0},"end":{"line":20,"column":2}},"3":{"start":{"line":22,"column":0},"end":{"line":25,"column":2}}},"branchMap":{}},"/Users/zhenya/WebstormProjects/questioner/server/helpers/logger.js":{"path":"/Users/zhenya/WebstormProjects/questioner/server/helpers/logger.js","s":{"1":1,"2":1,"3":1,"4":1,"5":1,"6":1,"7":1,"8":1,"9":0,"10":0,"11":0,"12":0,"13":0,"14":1,"15":0,"16":1},"b":{"1":[0,1]},"f":{"1":1,"2":1,"3":0,"4":0,"5":0,"6":1},"fnMap":{"1":{"name":"(anonymous_1)","line":7,"loc":{"start":{"line":7,"column":13},"end":{"line":7,"column":16}}},"2":{"name":"(anonymous_2)","line":13,"loc":{"start":{"line":13,"column":12},"end":{"line":13,"column":15}}},"3":{"name":"(anonymous_3)","line":24,"loc":{"start":{"line":24,"column":6},"end":{"line":24,"column":16}}},"4":{"name":"(anonymous_4)","line":29,"loc":{"start":{"line":29,"column":7},"end":{"line":29,"column":17}}},"5":{"name":"(anonymous_5)","line":34,"loc":{"start":{"line":34,"column":7},"end":{"line":34,"column":17}}},"6":{"name":"(anonymous_6)","line":38,"loc":{"start":{"line":38,"column":22},"end":{"line":38,"column":35}}}},"statementMap":{"1":{"start":{"line":3,"column":0},"end":{"line":3,"column":35}},"2":{"start":{"line":4,"column":0},"end":{"line":4,"column":54}},"3":{"start":{"line":8,"column":4},"end":{"line":8,"column":31}},"4":{"start":{"line":10,"column":4},"end":{"line":10,"column":22}},"5":{"start":{"line":14,"column":4},"end":{"line":14,"column":22}},"6":{"start":{"line":15,"column":4},"end":{"line":15,"column":26}},"7":{"start":{"line":17,"column":4},"end":{"line":17,"column":42}},"8":{"start":{"line":19,"column":4},"end":{"line":21,"column":7}},"9":{"start":{"line":25,"column":4},"end":{"line":25,"column":46}},"10":{"start":{"line":26,"column":4},"end":{"line":26,"column":31}},"11":{"start":{"line":30,"column":4},"end":{"line":30,"column":46}},"12":{"start":{"line":31,"column":4},"end":{"line":31,"column":32}},"13":{"start":{"line":35,"column":4},"end":{"line":35,"column":31}},"14":{"start":{"line":39,"column":4},"end":{"line":43,"column":5}},"15":{"start":{"line":40,"column":6},"end":{"line":42,"column":10}},"16":{"start":{"line":47,"column":0},"end":{"line":47,"column":24}}},"branchMap":{"1":{"line":39,"type":"if","locations":[{"start":{"line":39,"column":4},"end":{"line":39,"column":4}},{"start":{"line":39,"column":4},"end":{"line":39,"column":4}}]}}},"/Users/zhenya/WebstormProjects/questioner/server/dataAccess/context.js":{"path":"/Users/zhenya/WebstormProjects/questioner/server/dataAccess/context.js","s":{"1":1,"2":1,"3":1,"4":1,"5":1,"6":1,"7":1,"8":1,"9":3,"10":3,"11":3,"12":1,"13":1,"14":4,"15":3,"16":3,"17":1},"b":{},"f":{"1":1,"2":3,"3":3,"4":1},"fnMap":{"1":{"name":"(anonymous_1)","line":11,"loc":{"start":{"line":11,"column":13},"end":{"line":11,"column":16}}},"2":{"name":"(anonymous_2)","line":20,"loc":{"start":{"line":20,"column":9},"end":{"line":20,"column":12}}},"3":{"name":"(anonymous_3)","line":26,"loc":{"start":{"line":26,"column":12},"end":{"line":26,"column":15}}},"4":{"name":"(anonymous_4)","line":30,"loc":{"start":{"line":30,"column":12},"end":{"line":30,"column":15}}}},"statementMap":{"1":{"start":{"line":3,"column":0},"end":{"line":3,"column":29}},"2":{"start":{"line":5,"column":0},"end":{"line":5,"column":49}},"3":{"start":{"line":6,"column":0},"end":{"line":6,"column":37}},"4":{"start":{"line":8,"column":0},"end":{"line":8,"column":54}},"5":{"start":{"line":12,"column":4},"end":{"line":12,"column":23}},"6":{"start":{"line":13,"column":4},"end":{"line":13,"column":21}},"7":{"start":{"line":15,"column":4},"end":{"line":15,"column":31}},"8":{"start":{"line":17,"column":4},"end":{"line":17,"column":22}},"9":{"start":{"line":21,"column":4},"end":{"line":21,"column":36}},"10":{"start":{"line":23,"column":4},"end":{"line":23,"column":41}},"11":{"start":{"line":27,"column":4},"end":{"line":27,"column":32}},"12":{"start":{"line":31,"column":4},"end":{"line":31,"column":53}},"13":{"start":{"line":33,"column":4},"end":{"line":37,"column":7}},"14":{"start":{"line":33,"column":63},"end":{"line":33,"column":92}},"15":{"start":{"line":34,"column":6},"end":{"line":34,"column":35}},"16":{"start":{"line":36,"column":6},"end":{"line":36,"column":43}},"17":{"start":{"line":41,"column":0},"end":{"line":41,"column":27}}},"branchMap":{}},"/Users/zhenya/WebstormProjects/questioner/server/dataAccess/repositories/question.js":{"path":"/Users/zhenya/WebstormProjects/questioner/server/dataAccess/repositories/question.js","s":{"1":1,"2":1,"3":4,"4":1,"5":3,"6":1,"7":0,"8":1,"9":1,"10":1,"11":1,"12":1,"13":1,"14":1},"b":{},"f":{"1":1,"2":4,"3":1,"4":3,"5":1,"6":0,"7":1,"8":1,"9":1,"10":1,"11":1,"12":1},"fnMap":{"1":{"name":"(anonymous_1)","line":6,"loc":{"start":{"line":6,"column":13},"end":{"line":6,"column":29}}},"2":{"name":"(anonymous_2)","line":10,"loc":{"start":{"line":10,"column":8},"end":{"line":10,"column":11}}},"3":{"name":"(anonymous_3)","line":14,"loc":{"start":{"line":14,"column":9},"end":{"line":14,"column":14}}},"4":{"name":"(anonymous_4)","line":18,"loc":{"start":{"line":18,"column":11},"end":{"line":18,"column":18}}},"5":{"name":"(anonymous_5)","line":28,"loc":{"start":{"line":28,"column":11},"end":{"line":28,"column":32}}},"6":{"name":"(anonymous_6)","line":44,"loc":{"start":{"line":44,"column":15},"end":{"line":44,"column":38}}},"7":{"name":"(anonymous_7)","line":55,"loc":{"start":{"line":55,"column":14},"end":{"line":55,"column":35}}},"8":{"name":"(anonymous_8)","line":69,"loc":{"start":{"line":69,"column":14},"end":{"line":69,"column":37}}},"9":{"name":"(anonymous_9)","line":82,"loc":{"start":{"line":82,"column":16},"end":{"line":82,"column":29}}},"10":{"name":"(anonymous_10)","line":93,"loc":{"start":{"line":93,"column":18},"end":{"line":93,"column":31}}},"11":{"name":"(anonymous_11)","line":104,"loc":{"start":{"line":104,"column":14},"end":{"line":104,"column":37}}},"12":{"name":"(anonymous_12)","line":116,"loc":{"start":{"line":116,"column":16},"end":{"line":116,"column":39}}}},"statementMap":{"1":{"start":{"line":3,"column":0},"end":{"line":3,"column":41}},"2":{"start":{"line":7,"column":4},"end":{"line":7,"column":33}},"3":{"start":{"line":11,"column":4},"end":{"line":11,"column":37}},"4":{"start":{"line":15,"column":4},"end":{"line":15,"column":29}},"5":{"start":{"line":19,"column":4},"end":{"line":25,"column":7}},"6":{"start":{"line":29,"column":4},"end":{"line":41,"column":6}},"7":{"start":{"line":45,"column":4},"end":{"line":52,"column":7}},"8":{"start":{"line":56,"column":4},"end":{"line":66,"column":7}},"9":{"start":{"line":70,"column":4},"end":{"line":79,"column":7}},"10":{"start":{"line":83,"column":4},"end":{"line":90,"column":7}},"11":{"start":{"line":94,"column":4},"end":{"line":101,"column":7}},"12":{"start":{"line":105,"column":4},"end":{"line":113,"column":7}},"13":{"start":{"line":117,"column":4},"end":{"line":125,"column":7}},"14":{"start":{"line":130,"column":0},"end":{"line":130,"column":36}}},"branchMap":{}},"/Users/zhenya/WebstormProjects/questioner/server/dataAccess/repositories/tag.js":{"path":"/Users/zhenya/WebstormProjects/questioner/server/dataAccess/repositories/tag.js","s":{"1":1,"2":1,"3":0,"4":1},"b":{},"f":{"1":1,"2":0},"fnMap":{"1":{"name":"(anonymous_1)","line":6,"loc":{"start":{"line":6,"column":13},"end":{"line":6,"column":29}}},"2":{"name":"(anonymous_2)","line":10,"loc":{"start":{"line":10,"column":8},"end":{"line":10,"column":11}}}},"statementMap":{"1":{"start":{"line":3,"column":0},"end":{"line":3,"column":41}},"2":{"start":{"line":7,"column":4},"end":{"line":7,"column":28}},"3":{"start":{"line":11,"column":4},"end":{"line":11,"column":25}},"4":{"start":{"line":15,"column":0},"end":{"line":15,"column":31}}},"branchMap":{}},"/Users/zhenya/WebstormProjects/questioner/server/dataAccess/repositories/user.js":{"path":"/Users/zhenya/WebstormProjects/questioner/server/dataAccess/repositories/user.js","s":{"1":1,"2":1,"3":1},"b":{},"f":{"1":1},"fnMap":{"1":{"name":"(anonymous_1)","line":6,"loc":{"start":{"line":6,"column":13},"end":{"line":6,"column":29}}}},"statementMap":{"1":{"start":{"line":3,"column":0},"end":{"line":3,"column":41}},"2":{"start":{"line":7,"column":4},"end":{"line":7,"column":29}},"3":{"start":{"line":12,"column":0},"end":{"line":12,"column":32}}},"branchMap":{}},"/Users/zhenya/WebstormProjects/questioner/server/businessLogic/services/tag.js":{"path":"/Users/zhenya/WebstormProjects/questioner/server/businessLogic/services/tag.js","s":{"1":0,"2":0,"3":0,"4":0,"5":0,"6":1},"b":{},"f":{"1":0,"2":0,"3":0,"4":0,"5":0},"fnMap":{"1":{"name":"(anonymous_1)","line":4,"loc":{"start":{"line":4,"column":13},"end":{"line":4,"column":33}}},"2":{"name":"(anonymous_2)","line":8,"loc":{"start":{"line":8,"column":8},"end":{"line":8,"column":14}}},"3":{"name":"(anonymous_3)","line":12,"loc":{"start":{"line":12,"column":8},"end":{"line":12,"column":14}}},"4":{"name":"(anonymous_4)","line":16,"loc":{"start":{"line":16,"column":8},"end":{"line":16,"column":13}}},"5":{"name":"(anonymous_5)","line":20,"loc":{"start":{"line":20,"column":8},"end":{"line":20,"column":11}}}},"statementMap":{"1":{"start":{"line":5,"column":4},"end":{"line":5,"column":39}},"2":{"start":{"line":9,"column":4},"end":{"line":9,"column":42}},"3":{"start":{"line":13,"column":4},"end":{"line":13,"column":46}},"4":{"start":{"line":17,"column":4},"end":{"line":17,"column":45}},"5":{"start":{"line":21,"column":4},"end":{"line":21,"column":39}},"6":{"start":{"line":25,"column":0},"end":{"line":25,"column":28}}},"branchMap":{}},"/Users/zhenya/WebstormProjects/questioner/server/web/controllers/question.js":{"path":"/Users/zhenya/WebstormProjects/questioner/server/web/controllers/question.js","s":{"1":0,"2":0,"3":0,"4":0,"5":0,"6":0,"7":0,"8":0,"9":0,"10":0,"11":0,"12":0,"13":0,"14":0,"15":0,"16":0,"17":0,"18":0,"19":0,"20":0,"21":0,"22":0,"23":0,"24":0,"25":0,"26":0,"27":0,"28":0,"29":0,"30":0,"31":0,"32":0,"33":1},"b":{},"f":{"1":0,"2":0,"3":0,"4":0,"5":0,"6":0,"7":0,"8":0,"9":0,"10":0,"11":0,"12":0},"fnMap":{"1":{"name":"(anonymous_1)","line":4,"loc":{"start":{"line":4,"column":13},"end":{"line":4,"column":35}}},"2":{"name":"(anonymous_2)","line":8,"loc":{"start":{"line":8,"column":13},"end":{"line":8,"column":19}}},"3":{"name":"(anonymous_3)","line":14,"loc":{"start":{"line":14,"column":14},"end":{"line":14,"column":17}}},"4":{"name":"(anonymous_4)","line":18,"loc":{"start":{"line":18,"column":20},"end":{"line":18,"column":26}}},"5":{"name":"(anonymous_5)","line":24,"loc":{"start":{"line":24,"column":16},"end":{"line":24,"column":22}}},"6":{"name":"(anonymous_6)","line":32,"loc":{"start":{"line":32,"column":16},"end":{"line":32,"column":22}}},"7":{"name":"(anonymous_7)","line":40,"loc":{"start":{"line":40,"column":14},"end":{"line":40,"column":20}}},"8":{"name":"(anonymous_8)","line":46,"loc":{"start":{"line":46,"column":16},"end":{"line":46,"column":22}}},"9":{"name":"(anonymous_9)","line":53,"loc":{"start":{"line":53,"column":14},"end":{"line":53,"column":20}}},"10":{"name":"(anonymous_10)","line":61,"loc":{"start":{"line":61,"column":14},"end":{"line":61,"column":20}}},"11":{"name":"(anonymous_11)","line":69,"loc":{"start":{"line":69,"column":14},"end":{"line":69,"column":20}}},"12":{"name":"(anonymous_12)","line":76,"loc":{"start":{"line":76,"column":12},"end":{"line":76,"column":18}}}},"statementMap":{"1":{"start":{"line":5,"column":4},"end":{"line":5,"column":43}},"2":{"start":{"line":9,"column":4},"end":{"line":9,"column":29}},"3":{"start":{"line":11,"column":4},"end":{"line":11,"column":44}},"4":{"start":{"line":15,"column":4},"end":{"line":15,"column":41}},"5":{"start":{"line":19,"column":4},"end":{"line":19,"column":32}},"6":{"start":{"line":21,"column":4},"end":{"line":21,"column":48}},"7":{"start":{"line":25,"column":4},"end":{"line":25,"column":38}},"8":{"start":{"line":26,"column":4},"end":{"line":26,"column":32}},"9":{"start":{"line":27,"column":4},"end":{"line":27,"column":32}},"10":{"start":{"line":29,"column":4},"end":{"line":29,"column":70}},"11":{"start":{"line":33,"column":4},"end":{"line":33,"column":38}},"12":{"start":{"line":34,"column":4},"end":{"line":34,"column":32}},"13":{"start":{"line":35,"column":4},"end":{"line":35,"column":32}},"14":{"start":{"line":37,"column":4},"end":{"line":37,"column":70}},"15":{"start":{"line":41,"column":4},"end":{"line":41,"column":49}},"16":{"start":{"line":43,"column":4},"end":{"line":43,"column":68}},"17":{"start":{"line":47,"column":4},"end":{"line":47,"column":29}},"18":{"start":{"line":48,"column":4},"end":{"line":48,"column":32}},"19":{"start":{"line":50,"column":4},"end":{"line":50,"column":57}},"20":{"start":{"line":54,"column":4},"end":{"line":54,"column":45}},"21":{"start":{"line":55,"column":4},"end":{"line":55,"column":43}},"22":{"start":{"line":56,"column":4},"end":{"line":56,"column":32}},"23":{"start":{"line":58,"column":4},"end":{"line":58,"column":71}},"24":{"start":{"line":62,"column":4},"end":{"line":62,"column":45}},"25":{"start":{"line":63,"column":4},"end":{"line":63,"column":43}},"26":{"start":{"line":64,"column":4},"end":{"line":64,"column":32}},"27":{"start":{"line":66,"column":4},"end":{"line":66,"column":71}},"28":{"start":{"line":70,"column":4},"end":{"line":70,"column":48}},"29":{"start":{"line":71,"column":4},"end":{"line":71,"column":32}},"30":{"start":{"line":73,"column":4},"end":{"line":73,"column":73}},"31":{"start":{"line":77,"column":4},"end":{"line":77,"column":59}},"32":{"start":{"line":79,"column":4},"end":{"line":79,"column":76}},"33":{"start":{"line":83,"column":0},"end":{"line":83,"column":36}}},"branchMap":{}},"/Users/zhenya/WebstormProjects/questioner/server/web/controllers/tag.js":{"path":"/Users/zhenya/WebstormProjects/questioner/server/web/controllers/tag.js","s":{"1":0,"2":0,"3":0,"4":0,"5":0,"6":0,"7":0,"8":0,"9":1},"b":{},"f":{"1":0,"2":0,"3":0,"4":0,"5":0},"fnMap":{"1":{"name":"(anonymous_1)","line":4,"loc":{"start":{"line":4,"column":13},"end":{"line":4,"column":30}}},"2":{"name":"(anonymous_2)","line":8,"loc":{"start":{"line":8,"column":8},"end":{"line":8,"column":11}}},"3":{"name":"(anonymous_3)","line":12,"loc":{"start":{"line":12,"column":8},"end":{"line":12,"column":14}}},"4":{"name":"(anonymous_4)","line":18,"loc":{"start":{"line":18,"column":8},"end":{"line":18,"column":14}}},"5":{"name":"(anonymous_5)","line":24,"loc":{"start":{"line":24,"column":8},"end":{"line":24,"column":14}}}},"statementMap":{"1":{"start":{"line":5,"column":4},"end":{"line":5,"column":33}},"2":{"start":{"line":9,"column":4},"end":{"line":9,"column":36}},"3":{"start":{"line":13,"column":4},"end":{"line":13,"column":33}},"4":{"start":{"line":15,"column":4},"end":{"line":15,"column":39}},"5":{"start":{"line":19,"column":4},"end":{"line":19,"column":33}},"6":{"start":{"line":21,"column":4},"end":{"line":21,"column":39}},"7":{"start":{"line":25,"column":4},"end":{"line":25,"column":29}},"8":{"start":{"line":27,"column":4},"end":{"line":27,"column":38}},"9":{"start":{"line":31,"column":0},"end":{"line":31,"column":31}}},"branchMap":{}},"/Users/zhenya/WebstormProjects/questioner/server/web/controllers/user.js":{"path":"/Users/zhenya/WebstormProjects/questioner/server/web/controllers/user.js","s":{"1":0,"2":0,"3":0,"4":0,"5":0,"6":1},"b":{},"f":{"1":0,"2":0,"3":0},"fnMap":{"1":{"name":"(anonymous_1)","line":4,"loc":{"start":{"line":4,"column":13},"end":{"line":4,"column":31}}},"2":{"name":"(anonymous_2)","line":8,"loc":{"start":{"line":8,"column":8},"end":{"line":8,"column":14}}},"3":{"name":"(anonymous_3)","line":13,"loc":{"start":{"line":13,"column":10},"end":{"line":13,"column":16}}}},"statementMap":{"1":{"start":{"line":5,"column":4},"end":{"line":5,"column":35}},"2":{"start":{"line":9,"column":4},"end":{"line":9,"column":17}},"3":{"start":{"line":10,"column":4},"end":{"line":10,"column":22}},"4":{"start":{"line":14,"column":4},"end":{"line":14,"column":38}},"5":{"start":{"line":16,"column":4},"end":{"line":16,"column":47}},"6":{"start":{"line":20,"column":0},"end":{"line":20,"column":32}}},"branchMap":{}},"/Users/zhenya/WebstormProjects/questioner/server/web/routes/question.js":{"path":"/Users/zhenya/WebstormProjects/questioner/server/web/routes/question.js","s":{"1":1,"2":1,"3":1,"4":1,"5":1,"6":1,"7":1,"8":1,"9":1,"10":1,"11":1,"12":1,"13":0,"14":0,"15":0,"16":0,"17":0,"18":0,"19":0,"20":0,"21":0,"22":0,"23":0,"24":0,"25":0,"26":0,"27":0,"28":0,"29":1},"b":{},"f":{"1":0,"2":0,"3":0},"fnMap":{"1":{"name":"(anonymous_1)","line":18,"loc":{"start":{"line":18,"column":13},"end":{"line":18,"column":38}}},"2":{"name":"(anonymous_2)","line":22,"loc":{"start":{"line":22,"column":5},"end":{"line":22,"column":14}}},"3":{"name":"(anonymous_3)","line":53,"loc":{"start":{"line":53,"column":12},"end":{"line":53,"column":15}}}},"statementMap":{"1":{"start":{"line":3,"column":0},"end":{"line":3,"column":36}},"2":{"start":{"line":5,"column":0},"end":{"line":5,"column":96}},"3":{"start":{"line":6,"column":0},"end":{"line":6,"column":96}},"4":{"start":{"line":7,"column":0},"end":{"line":7,"column":74}},"5":{"start":{"line":8,"column":0},"end":{"line":8,"column":68}},"6":{"start":{"line":9,"column":0},"end":{"line":9,"column":92}},"7":{"start":{"line":10,"column":0},"end":{"line":10,"column":92}},"8":{"start":{"line":11,"column":0},"end":{"line":11,"column":92}},"9":{"start":{"line":12,"column":0},"end":{"line":12,"column":88}},"10":{"start":{"line":13,"column":0},"end":{"line":13,"column":84}},"11":{"start":{"line":14,"column":0},"end":{"line":14,"column":37}},"12":{"start":{"line":15,"column":0},"end":{"line":15,"column":67}},"13":{"start":{"line":19,"column":4},"end":{"line":19,"column":30}},"14":{"start":{"line":23,"column":4},"end":{"line":23,"column":22}},"15":{"start":{"line":24,"column":4},"end":{"line":24,"column":31}},"16":{"start":{"line":26,"column":4},"end":{"line":26,"column":52}},"17":{"start":{"line":28,"column":4},"end":{"line":28,"column":58}},"18":{"start":{"line":29,"column":4},"end":{"line":29,"column":94}},"19":{"start":{"line":30,"column":4},"end":{"line":30,"column":88}},"20":{"start":{"line":32,"column":4},"end":{"line":33,"column":85}},"21":{"start":{"line":35,"column":4},"end":{"line":36,"column":85}},"22":{"start":{"line":38,"column":4},"end":{"line":38,"column":114}},"23":{"start":{"line":40,"column":4},"end":{"line":40,"column":117}},"24":{"start":{"line":41,"column":4},"end":{"line":41,"column":94}},"25":{"start":{"line":44,"column":4},"end":{"line":44,"column":115}},"26":{"start":{"line":46,"column":4},"end":{"line":47,"column":77}},"27":{"start":{"line":49,"column":4},"end":{"line":50,"column":77}},"28":{"start":{"line":54,"column":4},"end":{"line":54,"column":24}},"29":{"start":{"line":58,"column":0},"end":{"line":58,"column":31}}},"branchMap":{}},"/Users/zhenya/WebstormProjects/questioner/server/web/routes/base.js":{"path":"/Users/zhenya/WebstormProjects/questioner/server/web/routes/base.js","s":{"1":1,"2":1,"3":1,"4":0,"5":0,"6":0,"7":0,"8":0,"9":0,"10":0,"11":0,"12":0,"13":0,"14":0,"15":1},"b":{"1":[0,0]},"f":{"1":0,"2":0,"3":0},"fnMap":{"1":{"name":"(anonymous_1)","line":9,"loc":{"start":{"line":9,"column":13},"end":{"line":9,"column":26}}},"2":{"name":"(anonymous_2)","line":14,"loc":{"start":{"line":14,"column":7},"end":{"line":14,"column":10}}},"3":{"name":"(anonymous_3)","line":23,"loc":{"start":{"line":23,"column":17},"end":{"line":23,"column":46}}}},"statementMap":{"1":{"start":{"line":3,"column":0},"end":{"line":3,"column":37}},"2":{"start":{"line":5,"column":0},"end":{"line":5,"column":51}},"3":{"start":{"line":6,"column":0},"end":{"line":6,"column":68}},"4":{"start":{"line":10,"column":4},"end":{"line":10,"column":33}},"5":{"start":{"line":11,"column":4},"end":{"line":11,"column":31}},"6":{"start":{"line":15,"column":4},"end":{"line":15,"column":22}},"7":{"start":{"line":16,"column":4},"end":{"line":16,"column":32}},"8":{"start":{"line":18,"column":4},"end":{"line":18,"column":21}},"9":{"start":{"line":20,"column":4},"end":{"line":20,"column":75}},"10":{"start":{"line":24,"column":4},"end":{"line":24,"column":32}},"11":{"start":{"line":25,"column":4},"end":{"line":25,"column":60}},"12":{"start":{"line":27,"column":4},"end":{"line":31,"column":5}},"13":{"start":{"line":28,"column":6},"end":{"line":28,"column":36}},"14":{"start":{"line":30,"column":6},"end":{"line":30,"column":21}},"15":{"start":{"line":35,"column":0},"end":{"line":35,"column":27}}},"branchMap":{"1":{"line":27,"type":"if","locations":[{"start":{"line":27,"column":4},"end":{"line":27,"column":4}},{"start":{"line":27,"column":4},"end":{"line":27,"column":4}}]}}},"/Users/zhenya/WebstormProjects/questioner/server/businessLogic/models/errorDTO.js":{"path":"/Users/zhenya/WebstormProjects/questioner/server/businessLogic/models/errorDTO.js","s":{"1":0,"2":0,"3":0,"4":1},"b":{},"f":{"1":0},"fnMap":{"1":{"name":"(anonymous_1)","line":4,"loc":{"start":{"line":4,"column":13},"end":{"line":4,"column":16}}}},"statementMap":{"1":{"start":{"line":5,"column":4},"end":{"line":5,"column":38}},"2":{"start":{"line":6,"column":4},"end":{"line":6,"column":34}},"3":{"start":{"line":7,"column":4},"end":{"line":7,"column":28}},"4":{"start":{"line":11,"column":0},"end":{"line":11,"column":29}}},"branchMap":{}},"/Users/zhenya/WebstormProjects/questioner/server/constants/index.js":{"path":"/Users/zhenya/WebstormProjects/questioner/server/constants/index.js","s":{"1":1},"b":{},"f":{},"fnMap":{},"statementMap":{"1":{"start":{"line":3,"column":0},"end":{"line":5,"column":2}}},"branchMap":{}},"/Users/zhenya/WebstormProjects/questioner/server/constants/statusCodes.js":{"path":"/Users/zhenya/WebstormProjects/questioner/server/constants/statusCodes.js","s":{"1":1},"b":{},"f":{},"fnMap":{},"statementMap":{"1":{"start":{"line":3,"column":0},"end":{"line":10,"column":2}}},"branchMap":{}},"/Users/zhenya/WebstormProjects/questioner/server/middlewares/validation/validator.js":{"path":"/Users/zhenya/WebstormProjects/questioner/server/middlewares/validation/validator.js","s":{"1":1,"2":0,"3":0,"4":0,"5":0,"6":0,"7":0},"b":{"1":[0,0]},"f":{},"fnMap":{},"statementMap":{"1":{"start":{"line":3,"column":0},"end":{"line":13,"column":2}},"2":{"start":{"line":4,"column":2},"end":{"line":12,"column":4}},"3":{"start":{"line":5,"column":4},"end":{"line":5,"column":41}},"4":{"start":{"line":7,"column":4},"end":{"line":10,"column":5}},"5":{"start":{"line":8,"column":6},"end":{"line":8,"column":24}},"6":{"start":{"line":9,"column":6},"end":{"line":9,"column":13}},"7":{"start":{"line":11,"column":4},"end":{"line":11,"column":18}}},"branchMap":{"1":{"line":7,"type":"if","locations":[{"start":{"line":7,"column":4},"end":{"line":7,"column":4}},{"start":{"line":7,"column":4},"end":{"line":7,"column":4}}]}}},"/Users/zhenya/WebstormProjects/questioner/server/web/validators/question/validateQuestionCreateInfo.js":{"path":"/Users/zhenya/WebstormProjects/questioner/server/web/validators/question/validateQuestionCreateInfo.js","s":{"1":1,"2":1,"3":1,"4":0,"5":0,"6":0,"7":0,"8":0,"9":0,"10":0},"b":{},"f":{},"fnMap":{},"statementMap":{"1":{"start":{"line":3,"column":0},"end":{"line":3,"column":33}},"2":{"start":{"line":4,"column":0},"end":{"line":4,"column":56}},"3":{"start":{"line":6,"column":0},"end":{"line":14,"column":2}},"4":{"start":{"line":7,"column":2},"end":{"line":7,"column":34}},"5":{"start":{"line":8,"column":2},"end":{"line":8,"column":36}},"6":{"start":{"line":9,"column":2},"end":{"line":9,"column":42}},"7":{"start":{"line":10,"column":2},"end":{"line":10,"column":51}},"8":{"start":{"line":11,"column":2},"end":{"line":11,"column":35}},"9":{"start":{"line":12,"column":2},"end":{"line":12,"column":42}},"10":{"start":{"line":13,"column":2},"end":{"line":13,"column":20}}},"branchMap":{}},"/Users/zhenya/WebstormProjects/questioner/server/web/validators/question/validateQuestionUpdateInfo.js":{"path":"/Users/zhenya/WebstormProjects/questioner/server/web/validators/question/validateQuestionUpdateInfo.js","s":{"1":1,"2":1,"3":1,"4":1,"5":1,"6":0,"7":0,"8":0,"9":0,"10":0,"11":0,"12":0,"13":0},"b":{},"f":{},"fnMap":{},"statementMap":{"1":{"start":{"line":3,"column":0},"end":{"line":3,"column":33}},"2":{"start":{"line":4,"column":0},"end":{"line":4,"column":51}},"3":{"start":{"line":5,"column":0},"end":{"line":5,"column":61}},"4":{"start":{"line":6,"column":0},"end":{"line":6,"column":56}},"5":{"start":{"line":8,"column":0},"end":{"line":17,"column":2}},"6":{"start":{"line":9,"column":2},"end":{"line":9,"column":34}},"7":{"start":{"line":10,"column":2},"end":{"line":10,"column":69}},"8":{"start":{"line":11,"column":2},"end":{"line":11,"column":36}},"9":{"start":{"line":12,"column":2},"end":{"line":12,"column":42}},"10":{"start":{"line":13,"column":2},"end":{"line":13,"column":51}},"11":{"start":{"line":14,"column":2},"end":{"line":14,"column":35}},"12":{"start":{"line":15,"column":2},"end":{"line":15,"column":42}},"13":{"start":{"line":16,"column":2},"end":{"line":16,"column":20}}},"branchMap":{}},"/Users/zhenya/WebstormProjects/questioner/server/web/validators/question/validateIdParam.js":{"path":"/Users/zhenya/WebstormProjects/questioner/server/web/validators/question/validateIdParam.js","s":{"1":1,"2":1,"3":1,"4":1,"5":0,"6":0},"b":{},"f":{},"fnMap":{},"statementMap":{"1":{"start":{"line":3,"column":0},"end":{"line":3,"column":33}},"2":{"start":{"line":4,"column":0},"end":{"line":4,"column":51}},"3":{"start":{"line":5,"column":0},"end":{"line":5,"column":61}},"4":{"start":{"line":7,"column":0},"end":{"line":10,"column":2}},"5":{"start":{"line":8,"column":2},"end":{"line":8,"column":70}},"6":{"start":{"line":9,"column":2},"end":{"line":9,"column":20}}},"branchMap":{}},"/Users/zhenya/WebstormProjects/questioner/server/web/validators/question/validateTags.js":{"path":"/Users/zhenya/WebstormProjects/questioner/server/web/validators/question/validateTags.js","s":{"1":1,"2":0,"3":0},"b":{},"f":{},"fnMap":{},"statementMap":{"1":{"start":{"line":3,"column":0},"end":{"line":6,"column":2}},"2":{"start":{"line":4,"column":2},"end":{"line":4,"column":36}},"3":{"start":{"line":5,"column":2},"end":{"line":5,"column":20}}},"branchMap":{}},"/Users/zhenya/WebstormProjects/questioner/server/web/validators/question/validateUpdateAnswerInfo.js":{"path":"/Users/zhenya/WebstormProjects/questioner/server/web/validators/question/validateUpdateAnswerInfo.js","s":{"1":1,"2":1,"3":1,"4":1,"5":1,"6":0,"7":0,"8":0,"9":0,"10":0},"b":{},"f":{},"fnMap":{},"statementMap":{"1":{"start":{"line":3,"column":0},"end":{"line":3,"column":33}},"2":{"start":{"line":4,"column":0},"end":{"line":4,"column":51}},"3":{"start":{"line":5,"column":0},"end":{"line":5,"column":61}},"4":{"start":{"line":6,"column":0},"end":{"line":6,"column":56}},"5":{"start":{"line":9,"column":0},"end":{"line":16,"column":2}},"6":{"start":{"line":10,"column":2},"end":{"line":10,"column":43}},"7":{"start":{"line":12,"column":2},"end":{"line":12,"column":69}},"8":{"start":{"line":13,"column":2},"end":{"line":13,"column":35}},"9":{"start":{"line":14,"column":2},"end":{"line":14,"column":51}},"10":{"start":{"line":15,"column":2},"end":{"line":15,"column":20}}},"branchMap":{}},"/Users/zhenya/WebstormProjects/questioner/server/web/validators/question/validateCreateAnswerInfo.js":{"path":"/Users/zhenya/WebstormProjects/questioner/server/web/validators/question/validateCreateAnswerInfo.js","s":{"1":1,"2":1,"3":1,"4":1,"5":1,"6":0,"7":0,"8":0,"9":0},"b":{},"f":{},"fnMap":{},"statementMap":{"1":{"start":{"line":3,"column":0},"end":{"line":3,"column":33}},"2":{"start":{"line":4,"column":0},"end":{"line":4,"column":51}},"3":{"start":{"line":5,"column":0},"end":{"line":5,"column":61}},"4":{"start":{"line":6,"column":0},"end":{"line":6,"column":56}},"5":{"start":{"line":8,"column":0},"end":{"line":14,"column":2}},"6":{"start":{"line":9,"column":2},"end":{"line":9,"column":78}},"7":{"start":{"line":11,"column":2},"end":{"line":11,"column":35}},"8":{"start":{"line":12,"column":2},"end":{"line":12,"column":51}},"9":{"start":{"line":13,"column":2},"end":{"line":13,"column":20}}},"branchMap":{}},"/Users/zhenya/WebstormProjects/questioner/server/web/validators/question/validateVoteQuestionInfo.js":{"path":"/Users/zhenya/WebstormProjects/questioner/server/web/validators/question/validateVoteQuestionInfo.js","s":{"1":1,"2":1,"3":1,"4":0,"5":0,"6":0},"b":{},"f":{},"fnMap":{},"statementMap":{"1":{"start":{"line":3,"column":0},"end":{"line":3,"column":33}},"2":{"start":{"line":4,"column":0},"end":{"line":4,"column":51}},"3":{"start":{"line":6,"column":0},"end":{"line":10,"column":2}},"4":{"start":{"line":7,"column":2},"end":{"line":7,"column":104}},"5":{"start":{"line":8,"column":2},"end":{"line":8,"column":42}},"6":{"start":{"line":9,"column":2},"end":{"line":9,"column":20}}},"branchMap":{}},"/Users/zhenya/WebstormProjects/questioner/server/web/validators/question/validateVoteAnswerInfo.js":{"path":"/Users/zhenya/WebstormProjects/questioner/server/web/validators/question/validateVoteAnswerInfo.js","s":{"1":1,"2":1,"3":1,"4":0,"5":0,"6":0,"7":0},"b":{},"f":{},"fnMap":{},"statementMap":{"1":{"start":{"line":3,"column":0},"end":{"line":3,"column":33}},"2":{"start":{"line":4,"column":0},"end":{"line":4,"column":51}},"3":{"start":{"line":6,"column":0},"end":{"line":11,"column":2}},"4":{"start":{"line":7,"column":2},"end":{"line":7,"column":104}},"5":{"start":{"line":8,"column":2},"end":{"line":8,"column":100}},"6":{"start":{"line":9,"column":2},"end":{"line":9,"column":42}},"7":{"start":{"line":10,"column":2},"end":{"line":10,"column":20}}},"branchMap":{}},"/Users/zhenya/WebstormProjects/questioner/server/web/validators/question/validateDeleteAnswer.js":{"path":"/Users/zhenya/WebstormProjects/questioner/server/web/validators/question/validateDeleteAnswer.js","s":{"1":1,"2":1,"3":1,"4":0,"5":0,"6":0},"b":{},"f":{},"fnMap":{},"statementMap":{"1":{"start":{"line":3,"column":0},"end":{"line":3,"column":33}},"2":{"start":{"line":4,"column":0},"end":{"line":4,"column":51}},"3":{"start":{"line":6,"column":0},"end":{"line":10,"column":2}},"4":{"start":{"line":7,"column":2},"end":{"line":7,"column":104}},"5":{"start":{"line":8,"column":2},"end":{"line":8,"column":100}},"6":{"start":{"line":9,"column":2},"end":{"line":9,"column":20}}},"branchMap":{}},"/Users/zhenya/WebstormProjects/questioner/server/middlewares/fileUploading/multer.js":{"path":"/Users/zhenya/WebstormProjects/questioner/server/middlewares/fileUploading/multer.js","s":{"1":1,"2":1,"3":1,"4":1,"5":1,"6":0,"7":1,"8":1,"9":1},"b":{},"f":{},"fnMap":{},"statementMap":{"1":{"start":{"line":3,"column":0},"end":{"line":3,"column":29}},"2":{"start":{"line":4,"column":0},"end":{"line":4,"column":33}},"3":{"start":{"line":5,"column":0},"end":{"line":5,"column":37}},"4":{"start":{"line":6,"column":0},"end":{"line":6,"column":29}},"5":{"start":{"line":8,"column":0},"end":{"line":13,"column":3}},"6":{"start":{"line":11,"column":4},"end":{"line":11,"column":63}},"7":{"start":{"line":15,"column":0},"end":{"line":26,"column":2}},"8":{"start":{"line":16,"column":2},"end":{"line":20,"column":11}},"9":{"start":{"line":22,"column":2},"end":{"line":25,"column":5}}},"branchMap":{}},"/Users/zhenya/WebstormProjects/questioner/server/web/routes/tag.js":{"path":"/Users/zhenya/WebstormProjects/questioner/server/web/routes/tag.js","s":{"1":1,"2":1,"3":1,"4":1,"5":1,"6":0,"7":0,"8":0,"9":0,"10":0,"11":0,"12":0,"13":0,"14":0,"15":1},"b":{},"f":{"1":0,"2":0,"3":0},"fnMap":{"1":{"name":"(anonymous_1)","line":10,"loc":{"start":{"line":10,"column":13},"end":{"line":10,"column":33}}},"2":{"name":"(anonymous_2)","line":14,"loc":{"start":{"line":14,"column":5},"end":{"line":14,"column":14}}},"3":{"name":"(anonymous_3)","line":26,"loc":{"start":{"line":26,"column":12},"end":{"line":26,"column":15}}}},"statementMap":{"1":{"start":{"line":3,"column":0},"end":{"line":3,"column":36}},"2":{"start":{"line":4,"column":0},"end":{"line":4,"column":62}},"3":{"start":{"line":5,"column":0},"end":{"line":5,"column":81}},"4":{"start":{"line":6,"column":0},"end":{"line":6,"column":81}},"5":{"start":{"line":7,"column":0},"end":{"line":7,"column":81}},"6":{"start":{"line":11,"column":4},"end":{"line":11,"column":25}},"7":{"start":{"line":15,"column":4},"end":{"line":15,"column":22}},"8":{"start":{"line":16,"column":4},"end":{"line":16,"column":31}},"9":{"start":{"line":18,"column":4},"end":{"line":18,"column":26}},"10":{"start":{"line":20,"column":4},"end":{"line":20,"column":52}},"11":{"start":{"line":21,"column":4},"end":{"line":21,"column":87}},"12":{"start":{"line":22,"column":4},"end":{"line":22,"column":86}},"13":{"start":{"line":23,"column":4},"end":{"line":23,"column":92}},"14":{"start":{"line":27,"column":4},"end":{"line":27,"column":19}},"15":{"start":{"line":31,"column":0},"end":{"line":31,"column":26}}},"branchMap":{}},"/Users/zhenya/WebstormProjects/questioner/server/middlewares/security/isAdmin.js":{"path":"/Users/zhenya/WebstormProjects/questioner/server/middlewares/security/isAdmin.js","s":{"1":1,"2":0,"3":0,"4":0},"b":{"1":[0,0]},"f":{},"fnMap":{},"statementMap":{"1":{"start":{"line":4,"column":0},"end":{"line":10,"column":2}},"2":{"start":{"line":5,"column":2},"end":{"line":9,"column":4}},"3":{"start":{"line":6,"column":4},"end":{"line":6,"column":32}},"4":{"start":{"line":8,"column":4},"end":{"line":8,"column":73}}},"branchMap":{"1":{"line":8,"type":"cond-expr","locations":[{"start":{"line":8,"column":35},"end":{"line":8,"column":41}},{"start":{"line":8,"column":44},"end":{"line":8,"column":72}}]}}},"/Users/zhenya/WebstormProjects/questioner/server/web/validators/tag/validateCreateTagInfo.js":{"path":"/Users/zhenya/WebstormProjects/questioner/server/web/validators/tag/validateCreateTagInfo.js","s":{"1":1,"2":1,"3":1,"4":1,"5":0,"6":0},"b":{},"f":{},"fnMap":{},"statementMap":{"1":{"start":{"line":3,"column":0},"end":{"line":3,"column":33}},"2":{"start":{"line":4,"column":0},"end":{"line":4,"column":59}},"3":{"start":{"line":5,"column":0},"end":{"line":5,"column":59}},"4":{"start":{"line":7,"column":0},"end":{"line":10,"column":2}},"5":{"start":{"line":8,"column":2},"end":{"line":8,"column":67}},"6":{"start":{"line":9,"column":2},"end":{"line":9,"column":20}}},"branchMap":{}},"/Users/zhenya/WebstormProjects/questioner/server/web/validators/tag/validateUpdateTagInfo.js":{"path":"/Users/zhenya/WebstormProjects/questioner/server/web/validators/tag/validateUpdateTagInfo.js","s":{"1":1,"2":1,"3":1,"4":1,"5":1,"6":1,"7":0,"8":0,"9":0},"b":{},"f":{},"fnMap":{},"statementMap":{"1":{"start":{"line":3,"column":0},"end":{"line":3,"column":33}},"2":{"start":{"line":4,"column":0},"end":{"line":4,"column":51}},"3":{"start":{"line":5,"column":0},"end":{"line":5,"column":61}},"4":{"start":{"line":6,"column":0},"end":{"line":6,"column":59}},"5":{"start":{"line":7,"column":0},"end":{"line":7,"column":59}},"6":{"start":{"line":9,"column":0},"end":{"line":13,"column":2}},"7":{"start":{"line":10,"column":2},"end":{"line":10,"column":69}},"8":{"start":{"line":11,"column":2},"end":{"line":11,"column":67}},"9":{"start":{"line":12,"column":2},"end":{"line":12,"column":20}}},"branchMap":{}},"/Users/zhenya/WebstormProjects/questioner/server/web/validators/tag/validateDeleteTagInfo.js":{"path":"/Users/zhenya/WebstormProjects/questioner/server/web/validators/tag/validateDeleteTagInfo.js","s":{"1":1,"2":1,"3":1,"4":1,"5":0,"6":0},"b":{},"f":{},"fnMap":{},"statementMap":{"1":{"start":{"line":3,"column":0},"end":{"line":3,"column":33}},"2":{"start":{"line":4,"column":0},"end":{"line":4,"column":51}},"3":{"start":{"line":5,"column":0},"end":{"line":5,"column":61}},"4":{"start":{"line":7,"column":0},"end":{"line":10,"column":2}},"5":{"start":{"line":8,"column":2},"end":{"line":8,"column":70}},"6":{"start":{"line":9,"column":2},"end":{"line":9,"column":20}}},"branchMap":{}},"/Users/zhenya/WebstormProjects/questioner/server/web/routes/user.js":{"path":"/Users/zhenya/WebstormProjects/questioner/server/web/routes/user.js","s":{"1":1,"2":1,"3":1,"4":1,"5":1,"6":0,"7":0,"8":0,"9":0,"10":0,"11":0,"12":0,"13":1},"b":{},"f":{"1":0,"2":0,"3":0},"fnMap":{"1":{"name":"(anonymous_1)","line":10,"loc":{"start":{"line":10,"column":13},"end":{"line":10,"column":34}}},"2":{"name":"(anonymous_2)","line":14,"loc":{"start":{"line":14,"column":5},"end":{"line":14,"column":14}}},"3":{"name":"(anonymous_3)","line":26,"loc":{"start":{"line":26,"column":12},"end":{"line":26,"column":15}}}},"statementMap":{"1":{"start":{"line":3,"column":0},"end":{"line":3,"column":36}},"2":{"start":{"line":4,"column":0},"end":{"line":4,"column":37}},"3":{"start":{"line":5,"column":0},"end":{"line":5,"column":74}},"4":{"start":{"line":6,"column":0},"end":{"line":6,"column":80}},"5":{"start":{"line":7,"column":0},"end":{"line":7,"column":67}},"6":{"start":{"line":11,"column":4},"end":{"line":11,"column":26}},"7":{"start":{"line":15,"column":4},"end":{"line":15,"column":22}},"8":{"start":{"line":16,"column":4},"end":{"line":16,"column":31}},"9":{"start":{"line":18,"column":4},"end":{"line":18,"column":107}},"10":{"start":{"line":19,"column":4},"end":{"line":22,"column":8}},"11":{"start":{"line":23,"column":4},"end":{"line":23,"column":59}},"12":{"start":{"line":27,"column":4},"end":{"line":27,"column":20}},"13":{"start":{"line":32,"column":0},"end":{"line":32,"column":27}}},"branchMap":{}},"/Users/zhenya/WebstormProjects/questioner/server/web/validators/user/validateLoginInfo.js":{"path":"/Users/zhenya/WebstormProjects/questioner/server/web/validators/user/validateLoginInfo.js","s":{"1":1,"2":1,"3":1,"4":1,"5":0,"6":0,"7":0,"8":0},"b":{},"f":{},"fnMap":{},"statementMap":{"1":{"start":{"line":3,"column":0},"end":{"line":3,"column":33}},"2":{"start":{"line":4,"column":0},"end":{"line":4,"column":56}},"3":{"start":{"line":5,"column":0},"end":{"line":5,"column":56}},"4":{"start":{"line":7,"column":0},"end":{"line":12,"column":2}},"5":{"start":{"line":8,"column":2},"end":{"line":8,"column":34}},"6":{"start":{"line":9,"column":2},"end":{"line":9,"column":108}},"7":{"start":{"line":10,"column":2},"end":{"line":10,"column":109}},"8":{"start":{"line":11,"column":2},"end":{"line":11,"column":20}}},"branchMap":{}},"/Users/zhenya/WebstormProjects/questioner/server/web/validators/user/validateRegisterInfo.js":{"path":"/Users/zhenya/WebstormProjects/questioner/server/web/validators/user/validateRegisterInfo.js","s":{"1":1,"2":1,"3":1,"4":1,"5":0,"6":0,"7":0,"8":0},"b":{},"f":{},"fnMap":{},"statementMap":{"1":{"start":{"line":3,"column":0},"end":{"line":3,"column":33}},"2":{"start":{"line":4,"column":0},"end":{"line":4,"column":56}},"3":{"start":{"line":5,"column":0},"end":{"line":5,"column":56}},"4":{"start":{"line":7,"column":0},"end":{"line":12,"column":2}},"5":{"start":{"line":8,"column":2},"end":{"line":8,"column":34}},"6":{"start":{"line":9,"column":2},"end":{"line":9,"column":108}},"7":{"start":{"line":10,"column":2},"end":{"line":10,"column":109}},"8":{"start":{"line":11,"column":2},"end":{"line":11,"column":20}}},"branchMap":{}},"/Users/zhenya/WebstormProjects/questioner/server/middlewares/rateLimit/rateLimit.js":{"path":"/Users/zhenya/WebstormProjects/questioner/server/middlewares/rateLimit/rateLimit.js","s":{"1":1,"2":1,"3":1,"4":0},"b":{},"f":{},"fnMap":{},"statementMap":{"1":{"start":{"line":3,"column":0},"end":{"line":3,"column":43}},"2":{"start":{"line":4,"column":0},"end":{"line":4,"column":33}},"3":{"start":{"line":6,"column":0},"end":{"line":17,"column":3}},"4":{"start":{"line":10,"column":15},"end":{"line":10,"column":21}}},"branchMap":{}},"/Users/zhenya/WebstormProjects/questioner/server/dataAccess/models/question.js":{"path":"/Users/zhenya/WebstormProjects/questioner/server/dataAccess/models/question.js","s":{"1":1,"2":1},"b":{},"f":{},"fnMap":{},"statementMap":{"1":{"start":{"line":3,"column":0},"end":{"line":3,"column":35}},"2":{"start":{"line":5,"column":0},"end":{"line":5,"column":67}}},"branchMap":{}},"/Users/zhenya/WebstormProjects/questioner/server/dataAccess/models/factory.js":{"path":"/Users/zhenya/WebstormProjects/questioner/server/dataAccess/models/factory.js","s":{"1":1,"2":1,"3":3},"b":{},"f":{},"fnMap":{},"statementMap":{"1":{"start":{"line":3,"column":0},"end":{"line":3,"column":37}},"2":{"start":{"line":5,"column":0},"end":{"line":7,"column":2}},"3":{"start":{"line":6,"column":2},"end":{"line":6,"column":52}}},"branchMap":{}},"/Users/zhenya/WebstormProjects/questioner/server/dataAccess/schemas/question.js":{"path":"/Users/zhenya/WebstormProjects/questioner/server/dataAccess/schemas/question.js","s":{"1":1,"2":1,"3":1,"4":1},"b":{},"f":{"1":1},"fnMap":{"1":{"name":"(anonymous_1)","line":6,"loc":{"start":{"line":6,"column":5},"end":{"line":6,"column":8}}}},"statementMap":{"1":{"start":{"line":3,"column":0},"end":{"line":3,"column":37}},"2":{"start":{"line":7,"column":4},"end":{"line":7,"column":70}},"3":{"start":{"line":9,"column":4},"end":{"line":32,"column":7}},"4":{"start":{"line":36,"column":0},"end":{"line":36,"column":32}}},"branchMap":{}},"/Users/zhenya/WebstormProjects/questioner/server/dataAccess/schemas/base.js":{"path":"/Users/zhenya/WebstormProjects/questioner/server/dataAccess/schemas/base.js","s":{"1":1,"2":3,"3":12,"4":3,"5":1,"6":1,"7":1,"8":2,"9":1,"10":9,"11":0,"12":1},"b":{},"f":{"1":3,"2":12,"3":3,"4":1,"5":1,"6":1,"7":2,"8":1,"9":9,"10":0},"fnMap":{"1":{"name":"(anonymous_1)","line":6,"loc":{"start":{"line":6,"column":13},"end":{"line":6,"column":16}}},"2":{"name":"(anonymous_2)","line":10,"loc":{"start":{"line":10,"column":8},"end":{"line":10,"column":15}}},"3":{"name":"(anonymous_3)","line":16,"loc":{"start":{"line":16,"column":11},"end":{"line":16,"column":17}}},"4":{"name":"(anonymous_4)","line":23,"loc":{"start":{"line":23,"column":8},"end":{"line":23,"column":27}}},"5":{"name":"(anonymous_5)","line":29,"loc":{"start":{"line":29,"column":11},"end":{"line":29,"column":30}}},"6":{"name":"(anonymous_6)","line":35,"loc":{"start":{"line":35,"column":6},"end":{"line":35,"column":25}}},"7":{"name":"(anonymous_7)","line":41,"loc":{"start":{"line":41,"column":13},"end":{"line":41,"column":39}}},"8":{"name":"(anonymous_8)","line":47,"loc":{"start":{"line":47,"column":8},"end":{"line":47,"column":34}}},"9":{"name":"(anonymous_9)","line":53,"loc":{"start":{"line":53,"column":10},"end":{"line":53,"column":29}}},"10":{"name":"(anonymous_10)","line":59,"loc":{"start":{"line":59,"column":10},"end":{"line":59,"column":35}}}},"statementMap":{"1":{"start":{"line":3,"column":0},"end":{"line":3,"column":37}},"2":{"start":{"line":7,"column":4},"end":{"line":7,"column":34}},"3":{"start":{"line":11,"column":4},"end":{"line":13,"column":6}},"4":{"start":{"line":17,"column":4},"end":{"line":20,"column":7}},"5":{"start":{"line":24,"column":4},"end":{"line":26,"column":7}},"6":{"start":{"line":30,"column":4},"end":{"line":32,"column":7}},"7":{"start":{"line":36,"column":4},"end":{"line":38,"column":7}},"8":{"start":{"line":42,"column":4},"end":{"line":44,"column":7}},"9":{"start":{"line":48,"column":4},"end":{"line":50,"column":7}},"10":{"start":{"line":54,"column":4},"end":{"line":56,"column":7}},"11":{"start":{"line":60,"column":4},"end":{"line":62,"column":7}},"12":{"start":{"line":66,"column":0},"end":{"line":66,"column":28}}},"branchMap":{}},"/Users/zhenya/WebstormProjects/questioner/server/dataAccess/models/tag.js":{"path":"/Users/zhenya/WebstormProjects/questioner/server/dataAccess/models/tag.js","s":{"1":1,"2":1},"b":{},"f":{},"fnMap":{},"statementMap":{"1":{"start":{"line":3,"column":0},"end":{"line":3,"column":35}},"2":{"start":{"line":5,"column":0},"end":{"line":5,"column":57}}},"branchMap":{}},"/Users/zhenya/WebstormProjects/questioner/server/dataAccess/schemas/tag.js":{"path":"/Users/zhenya/WebstormProjects/questioner/server/dataAccess/schemas/tag.js","s":{"1":1,"2":1,"3":1,"4":1},"b":{},"f":{"1":1},"fnMap":{"1":{"name":"(anonymous_1)","line":6,"loc":{"start":{"line":6,"column":5},"end":{"line":6,"column":8}}}},"statementMap":{"1":{"start":{"line":3,"column":0},"end":{"line":3,"column":37}},"2":{"start":{"line":7,"column":4},"end":{"line":7,"column":36}},"3":{"start":{"line":9,"column":4},"end":{"line":11,"column":7}},"4":{"start":{"line":15,"column":0},"end":{"line":15,"column":27}}},"branchMap":{}},"/Users/zhenya/WebstormProjects/questioner/server/dataAccess/models/user.js":{"path":"/Users/zhenya/WebstormProjects/questioner/server/dataAccess/models/user.js","s":{"1":1,"2":1},"b":{},"f":{},"fnMap":{},"statementMap":{"1":{"start":{"line":3,"column":0},"end":{"line":3,"column":35}},"2":{"start":{"line":5,"column":0},"end":{"line":5,"column":59}}},"branchMap":{}},"/Users/zhenya/WebstormProjects/questioner/server/dataAccess/schemas/user.js":{"path":"/Users/zhenya/WebstormProjects/questioner/server/dataAccess/schemas/user.js","s":{"1":1,"2":1,"3":1,"4":1},"b":{},"f":{"1":1},"fnMap":{"1":{"name":"(anonymous_1)","line":6,"loc":{"start":{"line":6,"column":5},"end":{"line":6,"column":8}}}},"statementMap":{"1":{"start":{"line":3,"column":0},"end":{"line":3,"column":37}},"2":{"start":{"line":7,"column":4},"end":{"line":9,"column":13}},"3":{"start":{"line":11,"column":4},"end":{"line":15,"column":7}},"4":{"start":{"line":19,"column":0},"end":{"line":19,"column":28}}},"branchMap":{}}}