TN:
SF:/Users/zhenya/WebstormProjects/questioner/server/helpers/iocContainer.js
FN:10,(anonymous_1)
FN:15,(anonymous_2)
FN:28,(anonymous_3)
FN:32,(anonymous_4)
FN:36,(anonymous_5)
FN:46,(anonymous_6)
FN:56,(anonymous_7)
FN:68,(anonymous_8)
FN:72,(anonymous_9)
FN:76,(anonymous_10)
FN:80,(anonymous_11)
FN:87,(anonymous_12)
FN:96,(anonymous_13)
FN:103,(anonymous_14)
FNF:14
FNH:13
FNDA:1,(anonymous_1)
FNDA:1,(anonymous_2)
FNDA:0,(anonymous_3)
FNDA:6,(anonymous_4)
FNDA:10,(anonymous_5)
FNDA:1,(anonymous_6)
FNDA:4,(anonymous_7)
FNDA:1,(anonymous_8)
FNDA:1,(anonymous_9)
FNDA:1,(anonymous_10)
FNDA:1,(anonymous_11)
FNDA:1,(anonymous_12)
FNDA:1,(anonymous_13)
FNDA:1,(anonymous_14)
DA:3,1
DA:4,1
DA:6,1
DA:7,1
DA:11,1
DA:12,1
DA:16,1
DA:18,1
DA:19,1
DA:21,1
DA:22,1
DA:23,1
DA:24,1
DA:25,1
DA:29,0
DA:33,6
DA:37,10
DA:39,10
DA:47,1
DA:49,1
DA:57,4
DA:59,4
DA:60,18
DA:62,8
DA:64,8
DA:69,1
DA:73,1
DA:77,1
DA:81,1
DA:82,1
DA:84,1
DA:88,1
DA:90,1
DA:92,1
DA:97,1
DA:98,1
DA:100,1
DA:104,1
DA:105,1
DA:107,1
DA:111,1
DA:113,1
DA:114,1
LF:43
LH:42
BRDA:60,1,0,18
BRDA:60,1,1,16
BRF:2
BRH:2
end_of_record
TN:
SF:/Users/zhenya/WebstormProjects/questioner/server/helpers/filesHelper.js
FN:7,(anonymous_1)
FN:23,(anonymous_2)
FNF:2
FNH:1
FNDA:7,(anonymous_1)
FNDA:0,(anonymous_2)
DA:3,1
DA:4,1
DA:8,7
DA:10,7
DA:11,19
DA:13,19
DA:14,1
DA:16,18
DA:20,7
DA:24,0
DA:25,0
DA:26,0
DA:27,0
DA:30,0
DA:36,1
LF:15
LH:10
BRDA:13,1,0,1
BRDA:13,1,1,18
BRDA:26,2,0,0
BRDA:26,2,1,0
BRF:4
BRH:2
end_of_record
TN:
SF:/Users/zhenya/WebstormProjects/questioner/server/helpers/mapper.js
FN:8,registerMappings
FNF:1
FNH:1
FNDA:1,registerMappings
DA:3,1
DA:5,1
DA:6,1
DA:8,1
DA:9,1
DA:11,1
DA:12,4
DA:16,1
DA:17,1
DA:19,1
DA:21,1
LF:11
LH:11
BRF:0
BRH:0
end_of_record
TN:
SF:/Users/zhenya/WebstormProjects/questioner/server/helpers/logger.js
FN:7,(anonymous_1)
FN:13,(anonymous_2)
FN:24,(anonymous_3)
FN:29,(anonymous_4)
FN:34,(anonymous_5)
FN:38,(anonymous_6)
FNF:6
FNH:3
FNDA:1,(anonymous_1)
FNDA:1,(anonymous_2)
FNDA:0,(anonymous_3)
FNDA:0,(anonymous_4)
FNDA:0,(anonymous_5)
FNDA:1,(anonymous_6)
DA:3,1
DA:4,1
DA:8,1
DA:10,1
DA:14,1
DA:15,1
DA:17,1
DA:19,1
DA:25,0
DA:26,0
DA:30,0
DA:31,0
DA:35,0
DA:39,1
DA:40,0
DA:47,1
LF:16
LH:10
BRDA:39,1,0,0
BRDA:39,1,1,1
BRF:2
BRH:1
end_of_record
TN:
SF:/Users/zhenya/WebstormProjects/questioner/server/dataAccess/context.js
FN:11,(anonymous_1)
FN:20,(anonymous_2)
FN:26,(anonymous_3)
FN:30,(anonymous_4)
FNF:4
FNH:4
FNDA:1,(anonymous_1)
FNDA:2,(anonymous_2)
FNDA:2,(anonymous_3)
FNDA:1,(anonymous_4)
DA:3,1
DA:5,1
DA:6,1
DA:8,1
DA:12,1
DA:13,1
DA:15,1
DA:17,1
DA:21,2
DA:23,2
DA:27,2
DA:31,1
DA:33,4
DA:34,3
DA:36,3
DA:41,1
LF:16
LH:16
BRF:0
BRH:0
end_of_record
TN:
SF:/Users/zhenya/WebstormProjects/questioner/server/dataAccess/repositories/question.js
FN:6,(anonymous_1)
FN:10,(anonymous_2)
FN:14,(anonymous_3)
FN:24,(anonymous_4)
FN:32,(anonymous_5)
FN:46,(anonymous_6)
FN:58,(anonymous_7)
FN:71,(anonymous_8)
FN:82,(anonymous_9)
FN:93,(anonymous_10)
FN:105,(anonymous_11)
FNF:11
FNH:11
FNDA:1,(anonymous_1)
FNDA:4,(anonymous_2)
FNDA:3,(anonymous_3)
FNDA:1,(anonymous_4)
FNDA:1,(anonymous_5)
FNDA:1,(anonymous_6)
FNDA:1,(anonymous_7)
FNDA:1,(anonymous_8)
FNDA:1,(anonymous_9)
FNDA:1,(anonymous_10)
FNDA:1,(anonymous_11)
DA:3,1
DA:7,1
DA:11,4
DA:15,3
DA:25,1
DA:33,1
DA:47,1
DA:59,1
DA:72,1
DA:83,1
DA:94,1
DA:106,1
DA:119,1
LF:13
LH:13
BRF:0
BRH:0
end_of_record
TN:
SF:/Users/zhenya/WebstormProjects/questioner/server/dataAccess/repositories/tag.js
FN:6,(anonymous_1)
FNF:1
FNH:1
FNDA:1,(anonymous_1)
DA:3,1
DA:7,1
DA:11,1
LF:3
LH:3
BRF:0
BRH:0
end_of_record
TN:
SF:/Users/zhenya/WebstormProjects/questioner/server/dataAccess/repositories/user.js
FN:6,(anonymous_1)
FNF:1
FNH:0
FNDA:0,(anonymous_1)
DA:3,1
DA:7,0
DA:11,1
LF:3
LH:2
BRF:0
BRH:0
end_of_record
TN:
SF:/Users/zhenya/WebstormProjects/questioner/server/businessLogic/services/question.js
FN:4,(anonymous_1)
FNF:1
FNH:0
FNDA:0,(anonymous_1)
DA:5,0
DA:10,1
LF:2
LH:1
BRF:0
BRH:0
end_of_record
TN:
SF:/Users/zhenya/WebstormProjects/questioner/server/businessLogic/services/user.js
FN:4,(anonymous_1)
FNF:1
FNH:0
FNDA:0,(anonymous_1)
DA:5,0
DA:9,1
LF:2
LH:1
BRF:0
BRH:0
end_of_record
TN:
SF:/Users/zhenya/WebstormProjects/questioner/server/web/controllers/question.js
FN:7,(anonymous_1)
FN:11,(anonymous_2)
FN:15,(anonymous_3)
FN:19,(anonymous_4)
FN:23,(anonymous_5)
FN:27,(anonymous_6)
FN:31,(anonymous_7)
FN:35,(anonymous_8)
FN:39,(anonymous_9)
FN:43,(anonymous_10)
FN:46,(anonymous_11)
FN:50,(anonymous_12)
FN:54,(anonymous_13)
FNF:13
FNH:0
FNDA:0,(anonymous_1)
FNDA:0,(anonymous_2)
FNDA:0,(anonymous_3)
FNDA:0,(anonymous_4)
FNDA:0,(anonymous_5)
FNDA:0,(anonymous_6)
FNDA:0,(anonymous_7)
FNDA:0,(anonymous_8)
FNDA:0,(anonymous_9)
FNDA:0,(anonymous_10)
FNDA:0,(anonymous_11)
FNDA:0,(anonymous_12)
FNDA:0,(anonymous_13)
DA:8,0
DA:59,1
LF:2
LH:1
BRF:0
BRH:0
end_of_record
TN:
SF:/Users/zhenya/WebstormProjects/questioner/server/web/routes/question.js
FN:8,(anonymous_1)
FN:12,(anonymous_2)
FN:31,(anonymous_3)
FNF:3
FNH:0
FNDA:0,(anonymous_1)
FNDA:0,(anonymous_2)
FNDA:0,(anonymous_3)
DA:3,1
DA:5,1
DA:9,0
DA:13,0
DA:17,0
DA:18,0
DA:19,0
DA:20,0
DA:21,0
DA:22,0
DA:23,0
DA:24,0
DA:25,0
DA:26,0
DA:27,0
DA:28,0
DA:32,0
DA:37,1
LF:18
LH:3
BRF:0
BRH:0
end_of_record
TN:
SF:/Users/zhenya/WebstormProjects/questioner/server/web/routes/base.js
FN:9,(anonymous_1)
FN:14,(anonymous_2)
FN:24,(anonymous_3)
FN:28,(anonymous_4)
FNF:4
FNH:0
FNDA:0,(anonymous_1)
FNDA:0,(anonymous_2)
FNDA:0,(anonymous_3)
FNDA:0,(anonymous_4)
DA:3,1
DA:5,1
DA:6,1
DA:10,0
DA:11,0
DA:15,0
DA:16,0
DA:18,0
DA:19,0
DA:21,0
DA:25,0
DA:29,0
DA:30,0
DA:32,0
DA:33,0
DA:35,0
DA:40,1
LF:17
LH:4
BRDA:32,1,0,0
BRDA:32,1,1,0
BRF:2
BRH:0
end_of_record
TN:
SF:/Users/zhenya/WebstormProjects/questioner/server/businessLogic/models/errorDTO.js
FN:4,(anonymous_1)
FNF:1
FNH:1
FNDA:1,(anonymous_1)
DA:5,1
DA:6,1
DA:7,1
DA:11,1
LF:4
LH:4
BRF:0
BRH:0
end_of_record
TN:
SF:/Users/zhenya/WebstormProjects/questioner/server/constants/index.js
FNF:0
FNH:0
DA:3,1
LF:1
LH:1
BRF:0
BRH:0
end_of_record
TN:
SF:/Users/zhenya/WebstormProjects/questioner/server/constants/statusCodes.js
FNF:0
FNH:0
DA:3,1
LF:1
LH:1
BRF:0
BRH:0
end_of_record
TN:
SF:/Users/zhenya/WebstormProjects/questioner/server/middlewares/validation/validator.js
FNF:0
FNH:0
DA:3,1
DA:4,1
DA:6,1
DA:7,0
DA:9,0
DA:10,0
DA:12,0
DA:14,0
DA:15,0
DA:17,0
DA:22,0
LF:11
LH:3
BRDA:7,1,0,0
BRDA:7,1,1,0
BRDA:14,2,0,0
BRDA:14,2,1,0
BRF:4
BRH:0
end_of_record
TN:
SF:/Users/zhenya/WebstormProjects/questioner/server/businessLogic/mappings/error.js
FNF:0
FNH:0
DA:3,1
DA:5,1
DA:6,1
LF:3
LH:3
BRF:0
BRH:0
end_of_record
TN:
SF:/Users/zhenya/WebstormProjects/questioner/server/businessLogic/mappings/general/answer.js
FNF:0
FNH:0
DA:3,1
DA:5,1
DA:6,1
DA:7,1
DA:8,0
LF:5
LH:4
BRF:0
BRH:0
end_of_record
TN:
SF:/Users/zhenya/WebstormProjects/questioner/server/businessLogic/models/general/answerDTO.js
FN:4,(anonymous_1)
FNF:1
FNH:1
FNDA:1,(anonymous_1)
DA:5,1
DA:6,1
DA:7,1
DA:8,1
DA:9,1
DA:13,1
LF:6
LH:6
BRF:0
BRH:0
end_of_record
TN:
SF:/Users/zhenya/WebstormProjects/questioner/server/businessLogic/mappings/general/question.js
FNF:0
FNH:0
DA:3,1
DA:5,1
DA:6,1
DA:7,1
DA:8,0
LF:5
LH:4
BRF:0
BRH:0
end_of_record
TN:
SF:/Users/zhenya/WebstormProjects/questioner/server/businessLogic/models/general/questionDTO.js
FN:4,(anonymous_1)
FNF:1
FNH:1
FNDA:1,(anonymous_1)
DA:5,1
DA:6,1
DA:7,1
DA:8,1
DA:9,1
DA:10,1
DA:11,1
DA:12,1
DA:13,1
DA:17,1
LF:10
LH:10
BRF:0
BRH:0
end_of_record
TN:
SF:/Users/zhenya/WebstormProjects/questioner/server/businessLogic/mappings/general/user.js
FNF:0
FNH:0
DA:3,1
DA:4,1
LF:2
LH:2
BRF:0
BRH:0
end_of_record
TN:
SF:/Users/zhenya/WebstormProjects/questioner/server/web/routes/user.js
FN:8,(anonymous_1)
FN:12,(anonymous_2)
FN:21,(anonymous_3)
FNF:3
FNH:0
FNDA:0,(anonymous_1)
FNDA:0,(anonymous_2)
FNDA:0,(anonymous_3)
DA:3,1
DA:5,1
DA:9,0
DA:13,0
DA:16,0
DA:17,0
DA:18,0
DA:22,0
DA:27,1
LF:9
LH:3
BRF:0
BRH:0
end_of_record
TN:
SF:/Users/zhenya/WebstormProjects/questioner/server/dataAccess/models/question.js
FNF:0
FNH:0
DA:3,1
DA:5,1
LF:2
LH:2
BRF:0
BRH:0
end_of_record
TN:
SF:/Users/zhenya/WebstormProjects/questioner/server/dataAccess/models/factory.js
FNF:0
FNH:0
DA:3,1
DA:5,1
DA:6,3
LF:3
LH:3
BRF:0
BRH:0
end_of_record
TN:
SF:/Users/zhenya/WebstormProjects/questioner/server/dataAccess/schemas/question.js
FN:6,(anonymous_1)
FNF:1
FNH:1
FNDA:1,(anonymous_1)
DA:3,1
DA:7,1
DA:9,1
DA:38,1
LF:4
LH:4
BRF:0
BRH:0
end_of_record
TN:
SF:/Users/zhenya/WebstormProjects/questioner/server/dataAccess/schemas/base.js
FN:6,(anonymous_1)
FN:10,(anonymous_2)
FN:16,(anonymous_3)
FN:23,(anonymous_4)
FN:29,(anonymous_5)
FN:35,(anonymous_6)
FNF:6
FNH:5
FNDA:3,(anonymous_1)
FNDA:16,(anonymous_2)
FNDA:3,(anonymous_3)
FNDA:1,(anonymous_4)
FNDA:14,(anonymous_5)
FNDA:0,(anonymous_6)
DA:3,1
DA:7,3
DA:11,16
DA:17,3
DA:24,1
DA:30,14
DA:36,0
DA:42,1
LF:8
LH:7
BRF:0
BRH:0
end_of_record
TN:
SF:/Users/zhenya/WebstormProjects/questioner/server/dataAccess/models/tag.js
FNF:0
FNH:0
DA:3,1
DA:5,1
LF:2
LH:2
BRF:0
BRH:0
end_of_record
TN:
SF:/Users/zhenya/WebstormProjects/questioner/server/dataAccess/schemas/tag.js
FN:6,(anonymous_1)
FNF:1
FNH:1
FNDA:1,(anonymous_1)
DA:3,1
DA:7,1
DA:9,1
DA:15,1
LF:4
LH:4
BRF:0
BRH:0
end_of_record
TN:
SF:/Users/zhenya/WebstormProjects/questioner/server/dataAccess/models/user.js
FNF:0
FNH:0
DA:3,1
DA:5,1
LF:2
LH:2
BRF:0
BRH:0
end_of_record
TN:
SF:/Users/zhenya/WebstormProjects/questioner/server/dataAccess/schemas/user.js
FN:6,(anonymous_1)
FNF:1
FNH:1
FNDA:1,(anonymous_1)
DA:3,1
DA:7,1
DA:9,1
DA:18,1
LF:4
LH:4
BRF:0
BRH:0
end_of_record
