TN:
SF:/Users/zhenya/WebstormProjects/questioner/server/helpers/iocContainer.js
FN:10,(anonymous_1)
FN:15,(anonymous_2)
FN:28,(anonymous_3)
FN:32,(anonymous_4)
FN:36,(anonymous_5)
FN:46,(anonymous_6)
FN:56,(anonymous_7)
FN:68,(anonymous_8)
FN:72,(anonymous_9)
FN:76,(anonymous_10)
FN:80,(anonymous_11)
FN:87,(anonymous_12)
FN:94,(anonymous_13)
FN:101,(anonymous_14)
FNF:14
FNH:13
FNDA:1,(anonymous_1)
FNDA:1,(anonymous_2)
FNDA:0,(anonymous_3)
FNDA:7,(anonymous_4)
FNDA:14,(anonymous_5)
FNDA:1,(anonymous_6)
FNDA:4,(anonymous_7)
FNDA:1,(anonymous_8)
FNDA:1,(anonymous_9)
FNDA:1,(anonymous_10)
FNDA:1,(anonymous_11)
FNDA:1,(anonymous_12)
FNDA:1,(anonymous_13)
FNDA:1,(anonymous_14)
DA:3,1
DA:4,1
DA:6,1
DA:7,1
DA:11,1
DA:12,1
DA:16,1
DA:18,1
DA:19,1
DA:21,1
DA:22,1
DA:23,1
DA:24,1
DA:25,1
DA:29,0
DA:33,7
DA:37,14
DA:39,14
DA:47,1
DA:49,1
DA:57,4
DA:59,4
DA:60,25
DA:62,12
DA:64,12
DA:69,1
DA:73,1
DA:77,1
DA:81,1
DA:82,1
DA:84,1
DA:88,1
DA:89,1
DA:91,1
DA:95,1
DA:96,1
DA:98,1
DA:102,1
DA:103,1
DA:105,1
DA:109,1
DA:111,1
DA:112,1
LF:43
LH:42
BRDA:60,1,0,25
BRDA:60,1,1,23
BRF:2
BRH:2
end_of_record
TN:
SF:/Users/zhenya/WebstormProjects/questioner/server/helpers/filesHelper.js
FN:7,(anonymous_1)
FN:23,(anonymous_2)
FNF:2
FNH:1
FNDA:5,(anonymous_1)
FNDA:0,(anonymous_2)
DA:3,1
DA:4,1
DA:8,5
DA:10,5
DA:11,18
DA:13,18
DA:14,0
DA:16,18
DA:20,5
DA:24,0
DA:25,0
DA:26,0
DA:27,0
DA:30,0
DA:36,1
LF:15
LH:9
BRDA:13,1,0,0
BRDA:13,1,1,18
BRDA:26,2,0,0
BRDA:26,2,1,0
BRF:4
BRH:1
end_of_record
TN:
SF:/Users/zhenya/WebstormProjects/questioner/server/helpers/mapper.js
FNF:0
FNH:0
DA:3,1
DA:4,1
DA:6,1
DA:7,6
LF:4
LH:4
BRF:0
BRH:0
end_of_record
TN:
SF:/Users/zhenya/WebstormProjects/questioner/server/businessLogic/mappings/maps.js
FNF:0
FNH:0
DA:3,1
DA:4,1
DA:6,1
LF:3
LH:3
BRF:0
BRH:0
end_of_record
TN:
SF:/Users/zhenya/WebstormProjects/questioner/server/businessLogic/mappings/general/question.js
FNF:0
FNH:0
DA:3,1
DA:14,1
DA:26,1
LF:3
LH:3
BRF:0
BRH:0
end_of_record
TN:
SF:/Users/zhenya/WebstormProjects/questioner/server/businessLogic/mappings/general/answer.js
FNF:0
FNH:0
DA:3,1
DA:12,1
DA:22,1
LF:3
LH:3
BRF:0
BRH:0
end_of_record
TN:
SF:/Users/zhenya/WebstormProjects/questioner/server/helpers/logger.js
FN:7,(anonymous_1)
FN:13,(anonymous_2)
FN:24,(anonymous_3)
FN:29,(anonymous_4)
FN:34,(anonymous_5)
FN:38,(anonymous_6)
FNF:6
FNH:3
FNDA:1,(anonymous_1)
FNDA:1,(anonymous_2)
FNDA:0,(anonymous_3)
FNDA:0,(anonymous_4)
FNDA:0,(anonymous_5)
FNDA:1,(anonymous_6)
DA:3,1
DA:4,1
DA:8,1
DA:10,1
DA:14,1
DA:15,1
DA:17,1
DA:19,1
DA:25,0
DA:26,0
DA:30,0
DA:31,0
DA:35,0
DA:39,1
DA:40,0
DA:47,1
LF:16
LH:10
BRDA:39,1,0,0
BRDA:39,1,1,1
BRF:2
BRH:1
end_of_record
TN:
SF:/Users/zhenya/WebstormProjects/questioner/server/dataAccess/context.js
FN:11,(anonymous_1)
FN:20,(anonymous_2)
FN:26,(anonymous_3)
FN:30,(anonymous_4)
FNF:4
FNH:4
FNDA:1,(anonymous_1)
FNDA:3,(anonymous_2)
FNDA:3,(anonymous_3)
FNDA:1,(anonymous_4)
DA:3,1
DA:5,1
DA:6,1
DA:8,1
DA:12,1
DA:13,1
DA:15,1
DA:17,1
DA:21,3
DA:23,3
DA:27,3
DA:31,1
DA:33,4
DA:34,3
DA:36,3
DA:41,1
LF:16
LH:16
BRF:0
BRH:0
end_of_record
TN:
SF:/Users/zhenya/WebstormProjects/questioner/server/dataAccess/repositories/question.js
FN:6,(anonymous_1)
FN:10,(anonymous_2)
FN:14,(anonymous_3)
FN:18,(anonymous_4)
FN:28,(anonymous_5)
FN:44,(anonymous_6)
FN:55,(anonymous_7)
FN:69,(anonymous_8)
FN:82,(anonymous_9)
FN:93,(anonymous_10)
FN:104,(anonymous_11)
FN:116,(anonymous_12)
FNF:12
FNH:11
FNDA:1,(anonymous_1)
FNDA:4,(anonymous_2)
FNDA:1,(anonymous_3)
FNDA:3,(anonymous_4)
FNDA:1,(anonymous_5)
FNDA:0,(anonymous_6)
FNDA:1,(anonymous_7)
FNDA:1,(anonymous_8)
FNDA:1,(anonymous_9)
FNDA:1,(anonymous_10)
FNDA:1,(anonymous_11)
FNDA:1,(anonymous_12)
DA:3,1
DA:7,1
DA:11,4
DA:15,1
DA:19,3
DA:29,1
DA:45,0
DA:56,1
DA:70,1
DA:83,1
DA:94,1
DA:105,1
DA:117,1
DA:130,1
LF:14
LH:13
BRF:0
BRH:0
end_of_record
TN:
SF:/Users/zhenya/WebstormProjects/questioner/server/dataAccess/repositories/tag.js
FN:6,(anonymous_1)
FN:10,(anonymous_2)
FNF:2
FNH:1
FNDA:1,(anonymous_1)
FNDA:0,(anonymous_2)
DA:3,1
DA:7,1
DA:11,0
DA:15,1
LF:4
LH:3
BRF:0
BRH:0
end_of_record
TN:
SF:/Users/zhenya/WebstormProjects/questioner/server/dataAccess/repositories/user.js
FN:6,(anonymous_1)
FNF:1
FNH:1
FNDA:1,(anonymous_1)
DA:3,1
DA:7,1
DA:12,1
LF:3
LH:3
BRF:0
BRH:0
end_of_record
TN:
SF:/Users/zhenya/WebstormProjects/questioner/server/businessLogic/services/tag.js
FN:4,(anonymous_1)
FN:8,(anonymous_2)
FN:12,(anonymous_3)
FN:16,(anonymous_4)
FN:20,(anonymous_5)
FNF:5
FNH:0
FNDA:0,(anonymous_1)
FNDA:0,(anonymous_2)
FNDA:0,(anonymous_3)
FNDA:0,(anonymous_4)
FNDA:0,(anonymous_5)
DA:5,0
DA:9,0
DA:13,0
DA:17,0
DA:21,0
DA:25,1
LF:6
LH:1
BRF:0
BRH:0
end_of_record
TN:
SF:/Users/zhenya/WebstormProjects/questioner/server/web/controllers/question.js
FN:4,(anonymous_1)
FN:8,(anonymous_2)
FN:14,(anonymous_3)
FN:18,(anonymous_4)
FN:24,(anonymous_5)
FN:32,(anonymous_6)
FN:40,(anonymous_7)
FN:46,(anonymous_8)
FN:53,(anonymous_9)
FN:61,(anonymous_10)
FN:69,(anonymous_11)
FN:76,(anonymous_12)
FNF:12
FNH:0
FNDA:0,(anonymous_1)
FNDA:0,(anonymous_2)
FNDA:0,(anonymous_3)
FNDA:0,(anonymous_4)
FNDA:0,(anonymous_5)
FNDA:0,(anonymous_6)
FNDA:0,(anonymous_7)
FNDA:0,(anonymous_8)
FNDA:0,(anonymous_9)
FNDA:0,(anonymous_10)
FNDA:0,(anonymous_11)
FNDA:0,(anonymous_12)
DA:5,0
DA:9,0
DA:11,0
DA:15,0
DA:19,0
DA:21,0
DA:25,0
DA:26,0
DA:27,0
DA:29,0
DA:33,0
DA:34,0
DA:35,0
DA:37,0
DA:41,0
DA:43,0
DA:47,0
DA:48,0
DA:50,0
DA:54,0
DA:55,0
DA:56,0
DA:58,0
DA:62,0
DA:63,0
DA:64,0
DA:66,0
DA:70,0
DA:71,0
DA:73,0
DA:77,0
DA:79,0
DA:83,1
LF:33
LH:1
BRF:0
BRH:0
end_of_record
TN:
SF:/Users/zhenya/WebstormProjects/questioner/server/web/controllers/tag.js
FN:4,(anonymous_1)
FN:8,(anonymous_2)
FN:12,(anonymous_3)
FN:18,(anonymous_4)
FN:24,(anonymous_5)
FNF:5
FNH:0
FNDA:0,(anonymous_1)
FNDA:0,(anonymous_2)
FNDA:0,(anonymous_3)
FNDA:0,(anonymous_4)
FNDA:0,(anonymous_5)
DA:5,0
DA:9,0
DA:13,0
DA:15,0
DA:19,0
DA:21,0
DA:25,0
DA:27,0
DA:31,1
LF:9
LH:1
BRF:0
BRH:0
end_of_record
TN:
SF:/Users/zhenya/WebstormProjects/questioner/server/web/controllers/user.js
FN:4,(anonymous_1)
FN:8,(anonymous_2)
FN:13,(anonymous_3)
FNF:3
FNH:0
FNDA:0,(anonymous_1)
FNDA:0,(anonymous_2)
FNDA:0,(anonymous_3)
DA:5,0
DA:9,0
DA:10,0
DA:14,0
DA:16,0
DA:20,1
LF:6
LH:1
BRF:0
BRH:0
end_of_record
TN:
SF:/Users/zhenya/WebstormProjects/questioner/server/web/routes/question.js
FN:18,(anonymous_1)
FN:22,(anonymous_2)
FN:53,(anonymous_3)
FNF:3
FNH:0
FNDA:0,(anonymous_1)
FNDA:0,(anonymous_2)
FNDA:0,(anonymous_3)
DA:3,1
DA:5,1
DA:6,1
DA:7,1
DA:8,1
DA:9,1
DA:10,1
DA:11,1
DA:12,1
DA:13,1
DA:14,1
DA:15,1
DA:19,0
DA:23,0
DA:24,0
DA:26,0
DA:28,0
DA:29,0
DA:30,0
DA:32,0
DA:35,0
DA:38,0
DA:40,0
DA:41,0
DA:44,0
DA:46,0
DA:49,0
DA:54,0
DA:58,1
LF:29
LH:13
BRF:0
BRH:0
end_of_record
TN:
SF:/Users/zhenya/WebstormProjects/questioner/server/web/routes/base.js
FN:9,(anonymous_1)
FN:14,(anonymous_2)
FN:23,(anonymous_3)
FNF:3
FNH:0
FNDA:0,(anonymous_1)
FNDA:0,(anonymous_2)
FNDA:0,(anonymous_3)
DA:3,1
DA:5,1
DA:6,1
DA:10,0
DA:11,0
DA:15,0
DA:16,0
DA:18,0
DA:20,0
DA:24,0
DA:25,0
DA:27,0
DA:28,0
DA:30,0
DA:35,1
LF:15
LH:4
BRDA:27,1,0,0
BRDA:27,1,1,0
BRF:2
BRH:0
end_of_record
TN:
SF:/Users/zhenya/WebstormProjects/questioner/server/businessLogic/models/errorDTO.js
FN:4,(anonymous_1)
FNF:1
FNH:0
FNDA:0,(anonymous_1)
DA:5,0
DA:6,0
DA:7,0
DA:11,1
LF:4
LH:1
BRF:0
BRH:0
end_of_record
TN:
SF:/Users/zhenya/WebstormProjects/questioner/server/constants/index.js
FNF:0
FNH:0
DA:3,1
LF:1
LH:1
BRF:0
BRH:0
end_of_record
TN:
SF:/Users/zhenya/WebstormProjects/questioner/server/constants/statusCodes.js
FNF:0
FNH:0
DA:3,1
LF:1
LH:1
BRF:0
BRH:0
end_of_record
TN:
SF:/Users/zhenya/WebstormProjects/questioner/server/middlewares/validation/validator.js
FNF:0
FNH:0
DA:3,1
DA:4,0
DA:5,0
DA:7,0
DA:8,0
DA:9,0
DA:11,0
LF:7
LH:1
BRDA:7,1,0,0
BRDA:7,1,1,0
BRF:2
BRH:0
end_of_record
TN:
SF:/Users/zhenya/WebstormProjects/questioner/server/web/validators/question/validateQuestionCreateInfo.js
FNF:0
FNH:0
DA:3,1
DA:4,1
DA:6,1
DA:7,0
DA:8,0
DA:9,0
DA:10,0
DA:11,0
DA:12,0
DA:13,0
LF:10
LH:3
BRF:0
BRH:0
end_of_record
TN:
SF:/Users/zhenya/WebstormProjects/questioner/server/web/validators/question/validateQuestionUpdateInfo.js
FNF:0
FNH:0
DA:3,1
DA:4,1
DA:5,1
DA:6,1
DA:8,1
DA:9,0
DA:10,0
DA:11,0
DA:12,0
DA:13,0
DA:14,0
DA:15,0
DA:16,0
LF:13
LH:5
BRF:0
BRH:0
end_of_record
TN:
SF:/Users/zhenya/WebstormProjects/questioner/server/web/validators/question/validateIdParam.js
FNF:0
FNH:0
DA:3,1
DA:4,1
DA:5,1
DA:7,1
DA:8,0
DA:9,0
LF:6
LH:4
BRF:0
BRH:0
end_of_record
TN:
SF:/Users/zhenya/WebstormProjects/questioner/server/web/validators/question/validateTags.js
FNF:0
FNH:0
DA:3,1
DA:4,0
DA:5,0
LF:3
LH:1
BRF:0
BRH:0
end_of_record
TN:
SF:/Users/zhenya/WebstormProjects/questioner/server/web/validators/question/validateUpdateAnswerInfo.js
FNF:0
FNH:0
DA:3,1
DA:4,1
DA:5,1
DA:6,1
DA:9,1
DA:10,0
DA:12,0
DA:13,0
DA:14,0
DA:15,0
LF:10
LH:5
BRF:0
BRH:0
end_of_record
TN:
SF:/Users/zhenya/WebstormProjects/questioner/server/web/validators/question/validateCreateAnswerInfo.js
FNF:0
FNH:0
DA:3,1
DA:4,1
DA:5,1
DA:6,1
DA:8,1
DA:9,0
DA:11,0
DA:12,0
DA:13,0
LF:9
LH:5
BRF:0
BRH:0
end_of_record
TN:
SF:/Users/zhenya/WebstormProjects/questioner/server/web/validators/question/validateVoteQuestionInfo.js
FNF:0
FNH:0
DA:3,1
DA:4,1
DA:6,1
DA:7,0
DA:8,0
DA:9,0
LF:6
LH:3
BRF:0
BRH:0
end_of_record
TN:
SF:/Users/zhenya/WebstormProjects/questioner/server/web/validators/question/validateVoteAnswerInfo.js
FNF:0
FNH:0
DA:3,1
DA:4,1
DA:6,1
DA:7,0
DA:8,0
DA:9,0
DA:10,0
LF:7
LH:3
BRF:0
BRH:0
end_of_record
TN:
SF:/Users/zhenya/WebstormProjects/questioner/server/web/validators/question/validateDeleteAnswer.js
FNF:0
FNH:0
DA:3,1
DA:4,1
DA:6,1
DA:7,0
DA:8,0
DA:9,0
LF:6
LH:3
BRF:0
BRH:0
end_of_record
TN:
SF:/Users/zhenya/WebstormProjects/questioner/server/middlewares/fileUploading/multer.js
FNF:0
FNH:0
DA:3,1
DA:4,1
DA:5,1
DA:6,1
DA:8,1
DA:11,0
DA:15,1
DA:16,1
DA:22,1
LF:9
LH:8
BRF:0
BRH:0
end_of_record
TN:
SF:/Users/zhenya/WebstormProjects/questioner/server/web/routes/tag.js
FN:10,(anonymous_1)
FN:14,(anonymous_2)
FN:26,(anonymous_3)
FNF:3
FNH:0
FNDA:0,(anonymous_1)
FNDA:0,(anonymous_2)
FNDA:0,(anonymous_3)
DA:3,1
DA:4,1
DA:5,1
DA:6,1
DA:7,1
DA:11,0
DA:15,0
DA:16,0
DA:18,0
DA:20,0
DA:21,0
DA:22,0
DA:23,0
DA:27,0
DA:31,1
LF:15
LH:6
BRF:0
BRH:0
end_of_record
TN:
SF:/Users/zhenya/WebstormProjects/questioner/server/middlewares/security/isAdmin.js
FNF:0
FNH:0
DA:4,1
DA:5,0
DA:6,0
DA:8,0
LF:4
LH:1
BRDA:8,1,0,0
BRDA:8,1,1,0
BRF:2
BRH:0
end_of_record
TN:
SF:/Users/zhenya/WebstormProjects/questioner/server/web/validators/tag/validateCreateTagInfo.js
FNF:0
FNH:0
DA:3,1
DA:4,1
DA:5,1
DA:7,1
DA:8,0
DA:9,0
LF:6
LH:4
BRF:0
BRH:0
end_of_record
TN:
SF:/Users/zhenya/WebstormProjects/questioner/server/web/validators/tag/validateUpdateTagInfo.js
FNF:0
FNH:0
DA:3,1
DA:4,1
DA:5,1
DA:6,1
DA:7,1
DA:9,1
DA:10,0
DA:11,0
DA:12,0
LF:9
LH:6
BRF:0
BRH:0
end_of_record
TN:
SF:/Users/zhenya/WebstormProjects/questioner/server/web/validators/tag/validateDeleteTagInfo.js
FNF:0
FNH:0
DA:3,1
DA:4,1
DA:5,1
DA:7,1
DA:8,0
DA:9,0
LF:6
LH:4
BRF:0
BRH:0
end_of_record
TN:
SF:/Users/zhenya/WebstormProjects/questioner/server/web/routes/user.js
FN:10,(anonymous_1)
FN:14,(anonymous_2)
FN:26,(anonymous_3)
FNF:3
FNH:0
FNDA:0,(anonymous_1)
FNDA:0,(anonymous_2)
FNDA:0,(anonymous_3)
DA:3,1
DA:4,1
DA:5,1
DA:6,1
DA:7,1
DA:11,0
DA:15,0
DA:16,0
DA:18,0
DA:19,0
DA:23,0
DA:27,0
DA:32,1
LF:13
LH:6
BRF:0
BRH:0
end_of_record
TN:
SF:/Users/zhenya/WebstormProjects/questioner/server/web/validators/user/validateLoginInfo.js
FNF:0
FNH:0
DA:3,1
DA:4,1
DA:5,1
DA:7,1
DA:8,0
DA:9,0
DA:10,0
DA:11,0
LF:8
LH:4
BRF:0
BRH:0
end_of_record
TN:
SF:/Users/zhenya/WebstormProjects/questioner/server/web/validators/user/validateRegisterInfo.js
FNF:0
FNH:0
DA:3,1
DA:4,1
DA:5,1
DA:7,1
DA:8,0
DA:9,0
DA:10,0
DA:11,0
LF:8
LH:4
BRF:0
BRH:0
end_of_record
TN:
SF:/Users/zhenya/WebstormProjects/questioner/server/middlewares/rateLimit/rateLimit.js
FNF:0
FNH:0
DA:3,1
DA:4,1
DA:6,1
DA:10,0
LF:4
LH:3
BRF:0
BRH:0
end_of_record
TN:
SF:/Users/zhenya/WebstormProjects/questioner/server/dataAccess/models/question.js
FNF:0
FNH:0
DA:3,1
DA:5,1
LF:2
LH:2
BRF:0
BRH:0
end_of_record
TN:
SF:/Users/zhenya/WebstormProjects/questioner/server/dataAccess/models/factory.js
FNF:0
FNH:0
DA:3,1
DA:5,1
DA:6,3
LF:3
LH:3
BRF:0
BRH:0
end_of_record
TN:
SF:/Users/zhenya/WebstormProjects/questioner/server/dataAccess/schemas/question.js
FN:6,(anonymous_1)
FNF:1
FNH:1
FNDA:1,(anonymous_1)
DA:3,1
DA:7,1
DA:9,1
DA:36,1
LF:4
LH:4
BRF:0
BRH:0
end_of_record
TN:
SF:/Users/zhenya/WebstormProjects/questioner/server/dataAccess/schemas/base.js
FN:6,(anonymous_1)
FN:10,(anonymous_2)
FN:16,(anonymous_3)
FN:23,(anonymous_4)
FN:29,(anonymous_5)
FN:35,(anonymous_6)
FN:41,(anonymous_7)
FN:47,(anonymous_8)
FN:53,(anonymous_9)
FN:59,(anonymous_10)
FNF:10
FNH:9
FNDA:3,(anonymous_1)
FNDA:12,(anonymous_2)
FNDA:3,(anonymous_3)
FNDA:1,(anonymous_4)
FNDA:1,(anonymous_5)
FNDA:1,(anonymous_6)
FNDA:2,(anonymous_7)
FNDA:1,(anonymous_8)
FNDA:9,(anonymous_9)
FNDA:0,(anonymous_10)
DA:3,1
DA:7,3
DA:11,12
DA:17,3
DA:24,1
DA:30,1
DA:36,1
DA:42,2
DA:48,1
DA:54,9
DA:60,0
DA:66,1
LF:12
LH:11
BRF:0
BRH:0
end_of_record
TN:
SF:/Users/zhenya/WebstormProjects/questioner/server/dataAccess/models/tag.js
FNF:0
FNH:0
DA:3,1
DA:5,1
LF:2
LH:2
BRF:0
BRH:0
end_of_record
TN:
SF:/Users/zhenya/WebstormProjects/questioner/server/dataAccess/schemas/tag.js
FN:6,(anonymous_1)
FNF:1
FNH:1
FNDA:1,(anonymous_1)
DA:3,1
DA:7,1
DA:9,1
DA:15,1
LF:4
LH:4
BRF:0
BRH:0
end_of_record
TN:
SF:/Users/zhenya/WebstormProjects/questioner/server/dataAccess/models/user.js
FNF:0
FNH:0
DA:3,1
DA:5,1
LF:2
LH:2
BRF:0
BRH:0
end_of_record
TN:
SF:/Users/zhenya/WebstormProjects/questioner/server/dataAccess/schemas/user.js
FN:6,(anonymous_1)
FNF:1
FNH:1
FNDA:1,(anonymous_1)
DA:3,1
DA:7,1
DA:11,1
DA:19,1
LF:4
LH:4
BRF:0
BRH:0
end_of_record
